RUN	CDCInvAdj.CDCInvAdjustment	cdcinvadjustment	1699000591528	 	3.9.5
USER	Initial Scenario	START	1699000597534
REQUEST		GET CDC quantity from VTS	1699000597277	1699000598447	OK	 
REQUEST		GET CDC quantity from VTS Redirect 1	1699000598457	1699000598761	OK	 
USER	Initial Scenario	END	1699000598852
USER	CDC Inv Adjustment	START	1699000599225
REQUEST		request testing	1699000600168	1699000600168	OK	 
REQUEST		request testing	1699000600477	1699000600477	OK	 
REQUEST		request testing	1699000600777	1699000600777	OK	 
REQUEST		request testing	1699000601077	1699000601077	OK	 
REQUEST		request testing	1699000601376	1699000601376	OK	 
REQUEST		request testing	1699000601675	1699000601675	OK	 
REQUEST		request testing	1699000601974	1699000601974	OK	 
REQUEST		request testing	1699000602272	1699000602272	OK	 
REQUEST		request testing	1699000602568	1699000602568	OK	 
REQUEST		request testing	1699000602865	1699000602865	OK	 
REQUEST		request testing	1699000603162	1699000603162	OK	 
REQUEST		request testing	1699000603459	1699000603459	OK	 
REQUEST		request testing	1699000603759	1699000603759	OK	 
REQUEST		request testing	1699000604063	1699000604063	OK	 
REQUEST		request testing	1699000604375	1699000604375	OK	 
REQUEST		request testing	1699000604678	1699000604678	OK	 
REQUEST		request testing	1699000604977	1699000604977	OK	 
REQUEST		request testing	1699000605274	1699000605274	OK	 
REQUEST		request testing	1699000605571	1699000605571	OK	 
REQUEST		request testing	1699000605868	1699000605868	OK	 
REQUEST		request testing	1699000606165	1699000606165	OK	 
REQUEST		request testing	1699000606462	1699000606462	OK	 
REQUEST		request testing	1699000606759	1699000606759	OK	 
REQUEST		request testing	1699000607058	1699000607058	OK	 
REQUEST		request testing	1699000607355	1699000607355	OK	 
REQUEST		request testing	1699000607652	1699000607652	OK	 
REQUEST		request testing	1699000607950	1699000607950	OK	 
REQUEST		request testing	1699000608247	1699000608247	OK	 
REQUEST		request testing	1699000608546	1699000608546	OK	 
REQUEST		request testing	1699000608854	1699000608854	OK	 
REQUEST		request testing	1699000609155	1699000609155	OK	 
REQUEST		request testing	1699000609453	1699000609453	OK	 
REQUEST		request testing	1699000609758	1699000609758	OK	 
REQUEST		request testing	1699000610055	1699000610055	OK	 
REQUEST		request testing	1699000610352	1699000610352	OK	 
REQUEST		request testing	1699000610652	1699000610652	OK	 
REQUEST		request testing	1699000610952	1699000610952	OK	 
REQUEST		request testing	1699000611250	1699000611250	OK	 
REQUEST		request testing	1699000611560	1699000611560	OK	 
REQUEST		request testing	1699000611866	1699000611866	OK	 
REQUEST		request testing	1699000612167	1699000612167	OK	 
REQUEST		request testing	1699000612469	1699000612469	OK	 
REQUEST		request testing	1699000612771	1699000612771	OK	 
REQUEST		request testing	1699000613071	1699000613071	OK	 
REQUEST		request testing	1699000613368	1699000613368	OK	 
REQUEST		request testing	1699000613666	1699000613666	OK	 
REQUEST		request testing	1699000613963	1699000613963	OK	 
REQUEST		request testing	1699000614263	1699000614263	OK	 
REQUEST		request testing	1699000614564	1699000614564	OK	 
REQUEST		request testing	1699000614864	1699000614864	OK	 
REQUEST		request testing	1699000615162	1699000615162	OK	 
REQUEST		request testing	1699000615462	1699000615462	OK	 
REQUEST		request testing	1699000615782	1699000615782	OK	 
REQUEST		request testing	1699000616080	1699000616080	OK	 
REQUEST		request testing	1699000616377	1699000616377	OK	 
REQUEST		request testing	1699000616675	1699000616675	OK	 
REQUEST		request testing	1699000616972	1699000616972	OK	 
REQUEST		request testing	1699000617269	1699000617269	OK	 
REQUEST		request testing	1699000617569	1699000617569	OK	 
REQUEST		request testing	1699000617866	1699000617866	OK	 
REQUEST		request testing	1699000618175	1699000618175	OK	 
REQUEST		request testing	1699000618477	1699000618477	OK	 
REQUEST		request testing	1699000618794	1699000618794	OK	 
REQUEST		request testing	1699000619091	1699000619091	OK	 
REQUEST		request testing	1699000619391	1699000619391	OK	 
REQUEST		request testing	1699000619689	1699000619689	OK	 
REQUEST		request testing	1699000619987	1699000619987	OK	 
REQUEST		request testing	1699000620287	1699000620287	OK	 
REQUEST		request testing	1699000620584	1699000620584	OK	 
REQUEST		request testing	1699000620881	1699000620881	OK	 
REQUEST		request testing	1699000621178	1699000621178	OK	 
REQUEST		request testing	1699000621477	1699000621477	OK	 
REQUEST		request testing	1699000621774	1699000621774	OK	 
REQUEST		request testing	1699000622100	1699000622100	OK	 
REQUEST		request testing	1699000622398	1699000622398	OK	 
REQUEST		request testing	1699000622695	1699000622695	OK	 
REQUEST		request testing	1699000622991	1699000622991	OK	 
REQUEST		request testing	1699000623288	1699000623288	OK	 
REQUEST		request testing	1699000623586	1699000623586	OK	 
REQUEST		request testing	1699000623883	1699000623883	OK	 
REQUEST		request testing	1699000624180	1699000624180	OK	 
REQUEST		request testing	1699000624477	1699000624477	OK	 
REQUEST		request testing	1699000624776	1699000624776	OK	 
REQUEST		request testing	1699000625074	1699000625074	OK	 
REQUEST		request testing	1699000625370	1699000625370	OK	 
REQUEST		request testing	1699000625667	1699000625667	OK	 
REQUEST		request testing	1699000625964	1699000625964	OK	 
REQUEST		request testing	1699000626260	1699000626260	OK	 
REQUEST		request testing	1699000626557	1699000626557	OK	 
REQUEST		request testing	1699000626853	1699000626853	OK	 
REQUEST		request testing	1699000627150	1699000627150	OK	 
REQUEST		request testing	1699000627450	1699000627450	OK	 
REQUEST		request testing	1699000627747	1699000627747	OK	 
REQUEST		request testing	1699000628053	1699000628053	OK	 
REQUEST		request testing	1699000628350	1699000628350	OK	 
REQUEST		request testing	1699000628647	1699000628647	OK	 
REQUEST		request testing	1699000628945	1699000628945	OK	 
REQUEST		request testing	1699000629242	1699000629242	OK	 
REQUEST		request testing	1699000629538	1699000629538	OK	 
REQUEST		request testing	1699000629836	1699000629836	OK	 
REQUEST		request testing	1699000630132	1699000630132	OK	 
REQUEST		request testing	1699000630430	1699000630430	OK	 
REQUEST		request testing	1699000630728	1699000630728	OK	 
REQUEST		request testing	1699000631023	1699000631023	OK	 
REQUEST		request testing	1699000631321	1699000631321	OK	 
REQUEST		request testing	1699000631625	1699000631625	OK	 
REQUEST		request testing	1699000631922	1699000631922	OK	 
REQUEST		request testing	1699000632220	1699000632220	OK	 
REQUEST		request testing	1699000632516	1699000632516	OK	 
REQUEST		request testing	1699000632814	1699000632814	OK	 
REQUEST		request testing	1699000633121	1699000633121	OK	 
REQUEST		request testing	1699000633420	1699000633420	OK	 
REQUEST		request testing	1699000633718	1699000633718	OK	 
REQUEST		request testing	1699000634015	1699000634015	OK	 
REQUEST		request testing	1699000634312	1699000634312	OK	 
REQUEST		request testing	1699000634610	1699000634610	OK	 
REQUEST		request testing	1699000634910	1699000634910	OK	 
REQUEST		request testing	1699000635207	1699000635207	OK	 
REQUEST		request testing	1699000635506	1699000635506	OK	 
REQUEST		request testing	1699000635803	1699000635803	OK	 
REQUEST		request testing	1699000636100	1699000636100	OK	 
REQUEST		request testing	1699000636397	1699000636397	OK	 
REQUEST		request testing	1699000636694	1699000636694	OK	 
REQUEST		request testing	1699000636991	1699000636991	OK	 
REQUEST		request testing	1699000637289	1699000637289	OK	 
REQUEST		request testing	1699000637586	1699000637586	OK	 
REQUEST		request testing	1699000637884	1699000637884	OK	 
REQUEST		request testing	1699000638181	1699000638181	OK	 
REQUEST		request testing	1699000638478	1699000638478	OK	 
REQUEST		request testing	1699000638775	1699000638775	OK	 
REQUEST		request testing	1699000639081	1699000639081	OK	 
REQUEST		request testing	1699000639377	1699000639377	OK	 
REQUEST		request testing	1699000639678	1699000639678	OK	 
REQUEST		request testing	1699000639976	1699000639976	OK	 
REQUEST		request testing	1699000640275	1699000640275	OK	 
REQUEST		request testing	1699000640572	1699000640572	OK	 
REQUEST		request testing	1699000640880	1699000640880	OK	 
REQUEST		request testing	1699000641177	1699000641177	OK	 
REQUEST		request testing	1699000641475	1699000641475	OK	 
REQUEST		request testing	1699000641772	1699000641772	OK	 
REQUEST		request testing	1699000642070	1699000642070	OK	 
REQUEST		request testing	1699000642367	1699000642367	OK	 
REQUEST		request testing	1699000642675	1699000642675	OK	 
REQUEST		request testing	1699000642972	1699000642972	OK	 
REQUEST		request testing	1699000643268	1699000643268	OK	 
REQUEST		request testing	1699000643567	1699000643567	OK	 
REQUEST		request testing	1699000643890	1699000643890	OK	 
REQUEST		request testing	1699000644187	1699000644187	OK	 
REQUEST		request testing	1699000644485	1699000644485	OK	 
REQUEST		request testing	1699000644783	1699000644783	OK	 
REQUEST		request testing	1699000645080	1699000645080	OK	 
REQUEST		request testing	1699000645377	1699000645377	OK	 
REQUEST		request testing	1699000645675	1699000645675	OK	 
REQUEST		request testing	1699000645978	1699000645978	OK	 
REQUEST		request testing	1699000646276	1699000646276	OK	 
REQUEST		request testing	1699000646573	1699000646573	OK	 
REQUEST		request testing	1699000646872	1699000646872	OK	 
REQUEST		request testing	1699000647169	1699000647169	OK	 
REQUEST		request testing	1699000647467	1699000647467	OK	 
REQUEST		request testing	1699000647764	1699000647764	OK	 
REQUEST		request testing	1699000648061	1699000648061	OK	 
REQUEST		request testing	1699000648357	1699000648357	OK	 
REQUEST		request testing	1699000648655	1699000648655	OK	 
REQUEST		request testing	1699000648951	1699000648951	OK	 
REQUEST		request testing	1699000649247	1699000649247	OK	 
REQUEST		request testing	1699000649544	1699000649544	OK	 
REQUEST		request testing	1699000649840	1699000649840	OK	 
REQUEST		request testing	1699000650137	1699000650137	OK	 
REQUEST		request testing	1699000650435	1699000650435	OK	 
REQUEST		request testing	1699000650735	1699000650735	OK	 
REQUEST		request testing	1699000651031	1699000651031	OK	 
REQUEST		request testing	1699000651328	1699000651328	OK	 
REQUEST		request testing	1699000651625	1699000651625	OK	 
REQUEST		request testing	1699000651922	1699000651922	OK	 
REQUEST		request testing	1699000652220	1699000652220	OK	 
REQUEST		request testing	1699000652517	1699000652517	OK	 
REQUEST		request testing	1699000652814	1699000652814	OK	 
REQUEST		request testing	1699000653111	1699000653111	OK	 
REQUEST		request testing	1699000653411	1699000653411	OK	 
REQUEST		request testing	1699000653708	1699000653708	OK	 
REQUEST		request testing	1699000654005	1699000654005	OK	 
REQUEST		request testing	1699000654303	1699000654303	OK	 
REQUEST		request testing	1699000654604	1699000654604	OK	 
REQUEST		request testing	1699000654901	1699000654901	OK	 
REQUEST		request testing	1699000655201	1699000655201	OK	 
REQUEST		request testing	1699000655497	1699000655497	OK	 
REQUEST		request testing	1699000655795	1699000655795	OK	 
REQUEST		request testing	1699000656091	1699000656091	OK	 
REQUEST		request testing	1699000656389	1699000656389	OK	 
REQUEST		request testing	1699000656693	1699000656693	OK	 
REQUEST		request testing	1699000657002	1699000657002	OK	 
REQUEST		request testing	1699000657301	1699000657301	OK	 
REQUEST		request testing	1699000657604	1699000657604	OK	 
REQUEST		request testing	1699000657902	1699000657902	OK	 
REQUEST		request testing	1699000658204	1699000658204	OK	 
REQUEST		request testing	1699000658502	1699000658502	OK	 
REQUEST		request testing	1699000658799	1699000658799	OK	 
REQUEST		request testing	1699000659096	1699000659096	OK	 
REQUEST		request testing	1699000659394	1699000659394	OK	 
REQUEST		request testing	1699000659690	1699000659690	OK	 
REQUEST		request testing	1699000659987	1699000659987	OK	 
REQUEST		request testing	1699000660285	1699000660285	OK	 
REQUEST		request testing	1699000660581	1699000660581	OK	 
REQUEST		request testing	1699000660882	1699000660882	OK	 
REQUEST		request testing	1699000661182	1699000661182	OK	 
REQUEST		request testing	1699000661482	1699000661482	OK	 
REQUEST		request testing	1699000661790	1699000661790	OK	 
REQUEST		request testing	1699000662089	1699000662089	OK	 
REQUEST		request testing	1699000662388	1699000662388	OK	 
REQUEST		request testing	1699000662688	1699000662688	OK	 
REQUEST		request testing	1699000662986	1699000662986	OK	 
REQUEST		request testing	1699000663283	1699000663283	OK	 
REQUEST		request testing	1699000663580	1699000663580	OK	 
REQUEST		request testing	1699000663877	1699000663877	OK	 
REQUEST		request testing	1699000664176	1699000664176	OK	 
REQUEST		request testing	1699000664473	1699000664473	OK	 
REQUEST		request testing	1699000664771	1699000664771	OK	 
REQUEST		request testing	1699000665068	1699000665068	OK	 
REQUEST		request testing	1699000665365	1699000665365	OK	 
REQUEST		request testing	1699000665662	1699000665662	OK	 
REQUEST		request testing	1699000665977	1699000665977	OK	 
REQUEST		request testing	1699000666273	1699000666273	OK	 
REQUEST		request testing	1699000666572	1699000666572	OK	 
REQUEST		request testing	1699000666868	1699000666868	OK	 
REQUEST		request testing	1699000667165	1699000667165	OK	 
REQUEST		request testing	1699000667465	1699000667465	OK	 
REQUEST		request testing	1699000667761	1699000667761	OK	 
REQUEST		request testing	1699000668058	1699000668058	OK	 
REQUEST		request testing	1699000668360	1699000668360	OK	 
REQUEST		request testing	1699000668657	1699000668657	OK	 
REQUEST		request testing	1699000668955	1699000668955	OK	 
REQUEST		request testing	1699000669251	1699000669251	OK	 
REQUEST		request testing	1699000669548	1699000669548	OK	 
REQUEST		request testing	1699000669844	1699000669844	OK	 
REQUEST		request testing	1699000670141	1699000670141	OK	 
REQUEST		request testing	1699000670441	1699000670441	OK	 
REQUEST		request testing	1699000670999	1699000670999	OK	 
REQUEST		request testing	1699000671297	1699000671297	OK	 
REQUEST		request testing	1699000671595	1699000671595	OK	 
REQUEST		request testing	1699000671891	1699000671891	OK	 
REQUEST		request testing	1699000672190	1699000672190	OK	 
REQUEST		request testing	1699000672487	1699000672487	OK	 
REQUEST		request testing	1699000672784	1699000672784	OK	 
REQUEST		request testing	1699000673080	1699000673080	OK	 
REQUEST		request testing	1699000673376	1699000673376	OK	 
REQUEST		request testing	1699000673685	1699000673685	OK	 
REQUEST		request testing	1699000674008	1699000674008	OK	 
REQUEST		request testing	1699000674305	1699000674305	OK	 
REQUEST		request testing	1699000674603	1699000674603	OK	 
REQUEST		request testing	1699000674907	1699000674907	OK	 
REQUEST		request testing	1699000675220	1699000675220	OK	 
REQUEST		request testing	1699000675528	1699000675528	OK	 
REQUEST		request testing	1699000675826	1699000675826	OK	 
REQUEST		request testing	1699000676125	1699000676125	OK	 
REQUEST		request testing	1699000676423	1699000676423	OK	 
REQUEST		request testing	1699000676720	1699000676720	OK	 
REQUEST		request testing	1699000677021	1699000677021	OK	 
REQUEST		request testing	1699000677319	1699000677319	OK	 
REQUEST		request testing	1699000677616	1699000677616	OK	 
REQUEST		request testing	1699000677914	1699000677914	OK	 
REQUEST		request testing	1699000678221	1699000678221	OK	 
REQUEST		request testing	1699000678524	1699000678524	OK	 
REQUEST		request testing	1699000678821	1699000678821	OK	 
REQUEST		request testing	1699000679118	1699000679118	OK	 
REQUEST		request testing	1699000679417	1699000679417	OK	 
REQUEST		request testing	1699000679714	1699000679714	OK	 
REQUEST		request testing	1699000680032	1699000680032	OK	 
REQUEST		request testing	1699000680328	1699000680328	OK	 
REQUEST		request testing	1699000680627	1699000680627	OK	 
REQUEST		request testing	1699000680923	1699000680923	OK	 
REQUEST		request testing	1699000681221	1699000681221	OK	 
REQUEST		request testing	1699000681517	1699000681517	OK	 
REQUEST		request testing	1699000681815	1699000681815	OK	 
REQUEST		request testing	1699000682112	1699000682112	OK	 
REQUEST		request testing	1699000682408	1699000682408	OK	 
REQUEST		request testing	1699000682705	1699000682705	OK	 
REQUEST		request testing	1699000683001	1699000683001	OK	 
REQUEST		request testing	1699000683303	1699000683303	OK	 
REQUEST		request testing	1699000683601	1699000683601	OK	 
REQUEST		request testing	1699000683897	1699000683897	OK	 
REQUEST		request testing	1699000684194	1699000684194	OK	 
REQUEST		request testing	1699000684509	1699000684509	OK	 
REQUEST		request testing	1699000684807	1699000684807	OK	 
REQUEST		request testing	1699000685104	1699000685104	OK	 
REQUEST		request testing	1699000685402	1699000685402	OK	 
REQUEST		request testing	1699000685698	1699000685698	OK	 
REQUEST		request testing	1699000685996	1699000685996	OK	 
REQUEST		request testing	1699000686293	1699000686293	OK	 
REQUEST		request testing	1699000686590	1699000686590	OK	 
REQUEST		request testing	1699000686886	1699000686886	OK	 
REQUEST		request testing	1699000687183	1699000687183	OK	 
REQUEST		request testing	1699000687480	1699000687480	OK	 
REQUEST		request testing	1699000687777	1699000687777	OK	 
REQUEST		request testing	1699000688073	1699000688073	OK	 
REQUEST		request testing	1699000688369	1699000688369	OK	 
REQUEST		request testing	1699000688666	1699000688666	OK	 
REQUEST		request testing	1699000688962	1699000688962	OK	 
REQUEST		request testing	1699000689258	1699000689258	OK	 
REQUEST		request testing	1699000689554	1699000689554	OK	 
REQUEST		request testing	1699000689850	1699000689850	OK	 
REQUEST		request testing	1699000690148	1699000690148	OK	 
REQUEST		request testing	1699000690444	1699000690444	OK	 
REQUEST		request testing	1699000690740	1699000690740	OK	 
REQUEST		request testing	1699000691038	1699000691038	OK	 
REQUEST		request testing	1699000691334	1699000691334	OK	 
REQUEST		request testing	1699000691630	1699000691630	OK	 
REQUEST		request testing	1699000691927	1699000691927	OK	 
REQUEST		request testing	1699000692224	1699000692224	OK	 
REQUEST		request testing	1699000692520	1699000692520	OK	 
REQUEST		request testing	1699000692817	1699000692817	OK	 
REQUEST		request testing	1699000693114	1699000693114	OK	 
REQUEST		request testing	1699000693410	1699000693410	OK	 
REQUEST		request testing	1699000693707	1699000693707	OK	 
REQUEST		request testing	1699000694003	1699000694003	OK	 
REQUEST		request testing	1699000694300	1699000694300	OK	 
REQUEST		request testing	1699000694603	1699000694603	OK	 
REQUEST		request testing	1699000694903	1699000694903	OK	 
REQUEST		request testing	1699000695200	1699000695200	OK	 
REQUEST		request testing	1699000695496	1699000695496	OK	 
REQUEST		request testing	1699000695793	1699000695793	OK	 
REQUEST		request testing	1699000696094	1699000696094	OK	 
REQUEST		request testing	1699000696390	1699000696390	OK	 
REQUEST		request testing	1699000696687	1699000696687	OK	 
REQUEST		request testing	1699000696984	1699000696984	OK	 
REQUEST		request testing	1699000697280	1699000697280	OK	 
REQUEST		request testing	1699000697588	1699000697588	OK	 
REQUEST		request testing	1699000697884	1699000697884	OK	 
REQUEST		request testing	1699000698183	1699000698183	OK	 
REQUEST		request testing	1699000698486	1699000698486	OK	 
REQUEST		request testing	1699000698784	1699000698784	OK	 
REQUEST		request testing	1699000699105	1699000699105	OK	 
REQUEST		request testing	1699000699402	1699000699402	OK	 
REQUEST		request testing	1699000699703	1699000699703	OK	 
REQUEST		request testing	1699000700003	1699000700003	OK	 
REQUEST		request testing	1699000700300	1699000700300	OK	 
REQUEST		request testing	1699000700597	1699000700597	OK	 
REQUEST		request testing	1699000700895	1699000700895	OK	 
REQUEST		request testing	1699000701193	1699000701193	OK	 
REQUEST		request testing	1699000701489	1699000701489	OK	 
REQUEST		request testing	1699000701785	1699000701785	OK	 
REQUEST		request testing	1699000702082	1699000702082	OK	 
REQUEST		request testing	1699000702380	1699000702380	OK	 
REQUEST		request testing	1699000702677	1699000702677	OK	 
REQUEST		request testing	1699000702974	1699000702974	OK	 
REQUEST		request testing	1699000703271	1699000703271	OK	 
REQUEST		request testing	1699000703567	1699000703567	OK	 
REQUEST		request testing	1699000703865	1699000703865	OK	 
REQUEST		request testing	1699000704162	1699000704162	OK	 
REQUEST		request testing	1699000704460	1699000704460	OK	 
REQUEST		request testing	1699000704757	1699000704757	OK	 
REQUEST		request testing	1699000705054	1699000705054	OK	 
REQUEST		request testing	1699000705351	1699000705351	OK	 
REQUEST		request testing	1699000705648	1699000705648	OK	 
REQUEST		request testing	1699000705944	1699000705944	OK	 
REQUEST		request testing	1699000706241	1699000706241	OK	 
REQUEST		request testing	1699000706538	1699000706538	OK	 
REQUEST		request testing	1699000706835	1699000706835	OK	 
REQUEST		request testing	1699000707137	1699000707137	OK	 
REQUEST		request testing	1699000707434	1699000707434	OK	 
REQUEST		request testing	1699000707730	1699000707730	OK	 
REQUEST		request testing	1699000708028	1699000708028	OK	 
REQUEST		request testing	1699000708323	1699000708323	OK	 
REQUEST		request testing	1699000708622	1699000708622	OK	 
REQUEST		request testing	1699000708921	1699000708921	OK	 
REQUEST		request testing	1699000709217	1699000709217	OK	 
REQUEST		request testing	1699000709513	1699000709513	OK	 
REQUEST		request testing	1699000709810	1699000709810	OK	 
REQUEST		request testing	1699000710107	1699000710107	OK	 
REQUEST		request testing	1699000710406	1699000710406	OK	 
REQUEST		request testing	1699000710702	1699000710702	OK	 
REQUEST		request testing	1699000710999	1699000710999	OK	 
REQUEST		request testing	1699000711295	1699000711295	OK	 
REQUEST		request testing	1699000711591	1699000711591	OK	 
REQUEST		request testing	1699000711887	1699000711887	OK	 
REQUEST		request testing	1699000712182	1699000712182	OK	 
REQUEST		request testing	1699000712481	1699000712481	OK	 
REQUEST		request testing	1699000712778	1699000712778	OK	 
REQUEST		request testing	1699000713074	1699000713074	OK	 
REQUEST		request testing	1699000713370	1699000713370	OK	 
REQUEST		request testing	1699000713666	1699000713666	OK	 
REQUEST		request testing	1699000713963	1699000713963	OK	 
REQUEST		request testing	1699000714259	1699000714259	OK	 
REQUEST		request testing	1699000714556	1699000714556	OK	 
REQUEST		request testing	1699000714854	1699000714854	OK	 
REQUEST		request testing	1699000715169	1699000715169	OK	 
REQUEST		request testing	1699000715465	1699000715465	OK	 
REQUEST		request testing	1699000715762	1699000715762	OK	 
REQUEST		request testing	1699000716060	1699000716060	OK	 
REQUEST		request testing	1699000716359	1699000716359	OK	 
REQUEST		request testing	1699000716655	1699000716655	OK	 
REQUEST		request testing	1699000716951	1699000716951	OK	 
REQUEST		request testing	1699000717247	1699000717247	OK	 
REQUEST		request testing	1699000717543	1699000717543	OK	 
REQUEST		request testing	1699000717839	1699000717839	OK	 
REQUEST		request testing	1699000718136	1699000718136	OK	 
REQUEST		request testing	1699000718432	1699000718432	OK	 
REQUEST		request testing	1699000718728	1699000718728	OK	 
REQUEST		request testing	1699000719024	1699000719024	OK	 
REQUEST		request testing	1699000719320	1699000719320	OK	 
REQUEST		request testing	1699000719617	1699000719617	OK	 
REQUEST		request testing	1699000719920	1699000719920	OK	 
REQUEST		request testing	1699000720217	1699000720217	OK	 
REQUEST		request testing	1699000720513	1699000720513	OK	 
REQUEST		request testing	1699000720809	1699000720809	OK	 
REQUEST		request testing	1699000721106	1699000721106	OK	 
REQUEST		request testing	1699000721402	1699000721402	OK	 
REQUEST		request testing	1699000721699	1699000721699	OK	 
REQUEST		request testing	1699000721997	1699000721997	OK	 
REQUEST		request testing	1699000722293	1699000722293	OK	 
REQUEST		request testing	1699000722589	1699000722589	OK	 
REQUEST		request testing	1699000722888	1699000722888	OK	 
REQUEST		request testing	1699000723200	1699000723200	OK	 
REQUEST		request testing	1699000723496	1699000723496	OK	 
REQUEST		request testing	1699000723794	1699000723794	OK	 
REQUEST		request testing	1699000724092	1699000724092	OK	 
REQUEST		request testing	1699000724391	1699000724391	OK	 
REQUEST		request testing	1699000724687	1699000724687	OK	 
REQUEST		request testing	1699000724983	1699000724983	OK	 
REQUEST		request testing	1699000725280	1699000725280	OK	 
REQUEST		request testing	1699000725576	1699000725576	OK	 
REQUEST		request testing	1699000725872	1699000725872	OK	 
REQUEST		request testing	1699000726168	1699000726168	OK	 
REQUEST		request testing	1699000726464	1699000726464	OK	 
REQUEST		request testing	1699000726760	1699000726760	OK	 
REQUEST		request testing	1699000727056	1699000727056	OK	 
REQUEST		request testing	1699000727352	1699000727352	OK	 
REQUEST		request testing	1699000727649	1699000727649	OK	 
REQUEST		request testing	1699000727946	1699000727946	OK	 
REQUEST		request testing	1699000728242	1699000728242	OK	 
REQUEST		request testing	1699000728540	1699000728540	OK	 
REQUEST		request testing	1699000728836	1699000728836	OK	 
REQUEST		request testing	1699000729134	1699000729134	OK	 
REQUEST		request testing	1699000729430	1699000729430	OK	 
REQUEST		request testing	1699000729726	1699000729726	OK	 
REQUEST		request testing	1699000730023	1699000730023	OK	 
REQUEST		request testing	1699000730321	1699000730321	OK	 
REQUEST		request testing	1699000730618	1699000730618	OK	 
REQUEST		request testing	1699000730915	1699000730915	OK	 
REQUEST		request testing	1699000731231	1699000731231	OK	 
REQUEST		request testing	1699000731528	1699000731528	OK	 
REQUEST		request testing	1699000731824	1699000731824	OK	 
REQUEST		request testing	1699000732121	1699000732121	OK	 
REQUEST		request testing	1699000732417	1699000732417	OK	 
REQUEST		request testing	1699000732713	1699000732713	OK	 
REQUEST		request testing	1699000733010	1699000733010	OK	 
REQUEST		request testing	1699000733305	1699000733305	OK	 
REQUEST		request testing	1699000733602	1699000733602	OK	 
REQUEST		request testing	1699000733900	1699000733900	OK	 
REQUEST		request testing	1699000734196	1699000734196	OK	 
REQUEST		request testing	1699000734492	1699000734492	OK	 
REQUEST		request testing	1699000734788	1699000734788	OK	 
REQUEST		request testing	1699000735086	1699000735086	OK	 
REQUEST		request testing	1699000735382	1699000735382	OK	 
REQUEST		request testing	1699000735680	1699000735680	OK	 
REQUEST		request testing	1699000735976	1699000735976	OK	 
REQUEST		request testing	1699000736274	1699000736274	OK	 
REQUEST		request testing	1699000736571	1699000736571	OK	 
REQUEST		request testing	1699000736867	1699000736867	OK	 
REQUEST		request testing	1699000737164	1699000737164	OK	 
REQUEST		request testing	1699000737460	1699000737460	OK	 
REQUEST		request testing	1699000737756	1699000737756	OK	 
REQUEST		request testing	1699000738053	1699000738053	OK	 
REQUEST		request testing	1699000738349	1699000738349	OK	 
REQUEST		request testing	1699000738645	1699000738645	OK	 
REQUEST		request testing	1699000738942	1699000738942	OK	 
REQUEST		request testing	1699000739263	1699000739263	OK	 
REQUEST		request testing	1699000739560	1699000739560	OK	 
REQUEST		request testing	1699000739858	1699000739858	OK	 
REQUEST		request testing	1699000740154	1699000740154	OK	 
REQUEST		request testing	1699000740450	1699000740450	OK	 
REQUEST		request testing	1699000740748	1699000740748	OK	 
REQUEST		request testing	1699000741044	1699000741044	OK	 
REQUEST		request testing	1699000741343	1699000741343	OK	 
REQUEST		request testing	1699000741641	1699000741641	OK	 
REQUEST		request testing	1699000741937	1699000741937	OK	 
REQUEST		request testing	1699000742234	1699000742234	OK	 
REQUEST		request testing	1699000742535	1699000742535	OK	 
REQUEST		request testing	1699000742832	1699000742832	OK	 
REQUEST		request testing	1699000743128	1699000743128	OK	 
REQUEST		request testing	1699000743424	1699000743424	OK	 
REQUEST		request testing	1699000743720	1699000743720	OK	 
REQUEST		request testing	1699000744016	1699000744016	OK	 
REQUEST		request testing	1699000744313	1699000744313	OK	 
REQUEST		request testing	1699000744608	1699000744608	OK	 
REQUEST		request testing	1699000744905	1699000744905	OK	 
REQUEST		request testing	1699000745202	1699000745202	OK	 
REQUEST		request testing	1699000745506	1699000745506	OK	 
REQUEST		request testing	1699000745802	1699000745802	OK	 
REQUEST		request testing	1699000746098	1699000746098	OK	 
REQUEST		request testing	1699000746395	1699000746395	OK	 
REQUEST		request testing	1699000746691	1699000746691	OK	 
REQUEST		request testing	1699000746987	1699000746987	OK	 
REQUEST		request testing	1699000747294	1699000747294	OK	 
REQUEST		request testing	1699000747593	1699000747593	OK	 
REQUEST		request testing	1699000747890	1699000747890	OK	 
REQUEST		request testing	1699000748187	1699000748187	OK	 
REQUEST		request testing	1699000748484	1699000748484	OK	 
REQUEST		request testing	1699000748782	1699000748782	OK	 
REQUEST		request testing	1699000749078	1699000749078	OK	 
REQUEST		request testing	1699000749376	1699000749376	OK	 
REQUEST		request testing	1699000749673	1699000749673	OK	 
REQUEST		request testing	1699000749970	1699000749970	OK	 
REQUEST		request testing	1699000750267	1699000750267	OK	 
REQUEST		request testing	1699000750564	1699000750564	OK	 
REQUEST		request testing	1699000750860	1699000750860	OK	 
REQUEST		request testing	1699000751158	1699000751158	OK	 
REQUEST		request testing	1699000751456	1699000751456	OK	 
REQUEST		request testing	1699000751752	1699000751752	OK	 
REQUEST		request testing	1699000752050	1699000752050	OK	 
REQUEST		request testing	1699000752346	1699000752346	OK	 
REQUEST		request testing	1699000752642	1699000752642	OK	 
REQUEST		request testing	1699000752940	1699000752940	OK	 
REQUEST		request testing	1699000753238	1699000753238	OK	 
REQUEST		request testing	1699000753535	1699000753535	OK	 
REQUEST		request testing	1699000753831	1699000753831	OK	 
REQUEST		request testing	1699000754127	1699000754127	OK	 
REQUEST		request testing	1699000754425	1699000754425	OK	 
REQUEST		request testing	1699000754722	1699000754722	OK	 
REQUEST		request testing	1699000755017	1699000755017	OK	 
REQUEST		request testing	1699000755325	1699000755325	OK	 
REQUEST		request testing	1699000755621	1699000755621	OK	 
REQUEST		request testing	1699000755918	1699000755918	OK	 
REQUEST		request testing	1699000756213	1699000756213	OK	 
REQUEST		request testing	1699000756510	1699000756510	OK	 
REQUEST		request testing	1699000756806	1699000756806	OK	 
REQUEST		request testing	1699000757102	1699000757102	OK	 
REQUEST		request testing	1699000757404	1699000757404	OK	 
REQUEST		request testing	1699000757702	1699000757702	OK	 
REQUEST		request testing	1699000757998	1699000757998	OK	 
REQUEST		request testing	1699000758295	1699000758295	OK	 
REQUEST		request testing	1699000758591	1699000758591	OK	 
REQUEST		request testing	1699000758888	1699000758888	OK	 
REQUEST		request testing	1699000759185	1699000759185	OK	 
REQUEST		request testing	1699000759483	1699000759483	OK	 
REQUEST		request testing	1699000759782	1699000759782	OK	 
REQUEST		request testing	1699000760079	1699000760079	OK	 
REQUEST		request testing	1699000760375	1699000760375	OK	 
REQUEST		request testing	1699000760671	1699000760671	OK	 
REQUEST		request testing	1699000760968	1699000760968	OK	 
REQUEST		request testing	1699000761265	1699000761265	OK	 
REQUEST		request testing	1699000761562	1699000761562	OK	 
REQUEST		request testing	1699000761858	1699000761858	OK	 
REQUEST		request testing	1699000762154	1699000762154	OK	 
REQUEST		request testing	1699000762450	1699000762450	OK	 
REQUEST		request testing	1699000762751	1699000762751	OK	 
REQUEST		request testing	1699000763047	1699000763047	OK	 
REQUEST		request testing	1699000763355	1699000763355	OK	 
REQUEST		request testing	1699000763651	1699000763651	OK	 
REQUEST		request testing	1699000763947	1699000763947	OK	 
REQUEST		request testing	1699000764246	1699000764246	OK	 
REQUEST		request testing	1699000764542	1699000764542	OK	 
REQUEST		request testing	1699000764840	1699000764840	OK	 
REQUEST		request testing	1699000765138	1699000765138	OK	 
REQUEST		request testing	1699000765435	1699000765435	OK	 
REQUEST		request testing	1699000765733	1699000765733	OK	 
REQUEST		request testing	1699000766031	1699000766031	OK	 
REQUEST		request testing	1699000766327	1699000766327	OK	 
REQUEST		request testing	1699000766625	1699000766625	OK	 
REQUEST		request testing	1699000766923	1699000766923	OK	 
REQUEST		request testing	1699000767220	1699000767220	OK	 
REQUEST		request testing	1699000767516	1699000767516	OK	 
REQUEST		request testing	1699000767813	1699000767813	OK	 
REQUEST		request testing	1699000768109	1699000768109	OK	 
REQUEST		request testing	1699000768407	1699000768407	OK	 
REQUEST		request testing	1699000768703	1699000768703	OK	 
REQUEST		request testing	1699000768999	1699000768999	OK	 
REQUEST		request testing	1699000769296	1699000769296	OK	 
REQUEST		request testing	1699000769594	1699000769594	OK	 
REQUEST		request testing	1699000769889	1699000769889	OK	 
REQUEST		request testing	1699000770186	1699000770186	OK	 
REQUEST		request testing	1699000770482	1699000770482	OK	 
REQUEST		request testing	1699000770779	1699000770779	OK	 
REQUEST		request testing	1699000771077	1699000771077	OK	 
REQUEST		request testing	1699000771388	1699000771388	OK	 
REQUEST		request testing	1699000771685	1699000771685	OK	 
REQUEST		request testing	1699000771982	1699000771982	OK	 
REQUEST		request testing	1699000772279	1699000772279	OK	 
REQUEST		request testing	1699000772575	1699000772575	OK	 
REQUEST		request testing	1699000772871	1699000772871	OK	 
REQUEST		request testing	1699000773168	1699000773168	OK	 
REQUEST		request testing	1699000773463	1699000773463	OK	 
REQUEST		request testing	1699000773760	1699000773760	OK	 
REQUEST		request testing	1699000774055	1699000774055	OK	 
REQUEST		request testing	1699000774353	1699000774353	OK	 
REQUEST		request testing	1699000774650	1699000774650	OK	 
REQUEST		request testing	1699000774966	1699000774966	OK	 
REQUEST		request testing	1699000775262	1699000775262	OK	 
REQUEST		request testing	1699000775559	1699000775559	OK	 
REQUEST		request testing	1699000775855	1699000775855	OK	 
REQUEST		request testing	1699000776151	1699000776151	OK	 
REQUEST		request testing	1699000776446	1699000776446	OK	 
REQUEST		request testing	1699000776742	1699000776742	OK	 
REQUEST		request testing	1699000777037	1699000777037	OK	 
REQUEST		request testing	1699000777334	1699000777334	OK	 
REQUEST		request testing	1699000777636	1699000777636	OK	 
REQUEST		request testing	1699000777937	1699000777937	OK	 
REQUEST		request testing	1699000778232	1699000778232	OK	 
REQUEST		request testing	1699000778529	1699000778529	OK	 
REQUEST		request testing	1699000778826	1699000778826	OK	 
REQUEST		request testing	1699000779122	1699000779122	OK	 
REQUEST		request testing	1699000779419	1699000779419	OK	 
REQUEST		request testing	1699000779717	1699000779717	OK	 
REQUEST		request testing	1699000780015	1699000780015	OK	 
REQUEST		request testing	1699000780313	1699000780313	OK	 
REQUEST		request testing	1699000780610	1699000780610	OK	 
REQUEST		request testing	1699000780907	1699000780907	OK	 
REQUEST		request testing	1699000781204	1699000781204	OK	 
REQUEST		request testing	1699000781501	1699000781501	OK	 
REQUEST		request testing	1699000781797	1699000781797	OK	 
REQUEST		request testing	1699000782096	1699000782096	OK	 
REQUEST		request testing	1699000782392	1699000782392	OK	 
REQUEST		request testing	1699000782689	1699000782689	OK	 
REQUEST		request testing	1699000782986	1699000782986	OK	 
REQUEST		request testing	1699000783282	1699000783282	OK	 
REQUEST		request testing	1699000783578	1699000783578	OK	 
REQUEST		request testing	1699000783875	1699000783875	OK	 
REQUEST		request testing	1699000784173	1699000784173	OK	 
REQUEST		request testing	1699000784471	1699000784471	OK	 
REQUEST		request testing	1699000784767	1699000784767	OK	 
REQUEST		request testing	1699000785065	1699000785065	OK	 
REQUEST		request testing	1699000785364	1699000785364	OK	 
REQUEST		request testing	1699000785660	1699000785660	OK	 
REQUEST		request testing	1699000785959	1699000785959	OK	 
REQUEST		request testing	1699000786258	1699000786258	OK	 
REQUEST		request testing	1699000786554	1699000786554	OK	 
REQUEST		request testing	1699000786852	1699000786852	OK	 
REQUEST		request testing	1699000787149	1699000787149	OK	 
REQUEST		request testing	1699000787449	1699000787449	OK	 
REQUEST		request testing	1699000787748	1699000787748	OK	 
REQUEST		request testing	1699000788045	1699000788045	OK	 
REQUEST		request testing	1699000788348	1699000788348	OK	 
REQUEST		request testing	1699000788648	1699000788648	OK	 
REQUEST		request testing	1699000788946	1699000788946	OK	 
REQUEST		request testing	1699000789243	1699000789243	OK	 
REQUEST		request testing	1699000789542	1699000789542	OK	 
REQUEST		request testing	1699000789840	1699000789840	OK	 
REQUEST		request testing	1699000790136	1699000790136	OK	 
REQUEST		request testing	1699000790431	1699000790431	OK	 
REQUEST		request testing	1699000790727	1699000790727	OK	 
REQUEST		request testing	1699000791029	1699000791029	OK	 
REQUEST		request testing	1699000791325	1699000791325	OK	 
REQUEST		request testing	1699000791623	1699000791623	OK	 
REQUEST		request testing	1699000791919	1699000791919	OK	 
REQUEST		request testing	1699000792221	1699000792221	OK	 
REQUEST		request testing	1699000792518	1699000792518	OK	 
REQUEST		request testing	1699000792815	1699000792815	OK	 
REQUEST		request testing	1699000793114	1699000793114	OK	 
REQUEST		request testing	1699000793410	1699000793410	OK	 
REQUEST		request testing	1699000793709	1699000793709	OK	 
REQUEST		request testing	1699000794006	1699000794006	OK	 
REQUEST		request testing	1699000794303	1699000794303	OK	 
REQUEST		request testing	1699000794601	1699000794601	OK	 
REQUEST		request testing	1699000794899	1699000794899	OK	 
REQUEST		request testing	1699000795195	1699000795195	OK	 
REQUEST		request testing	1699000795491	1699000795491	OK	 
REQUEST		request testing	1699000795788	1699000795788	OK	 
REQUEST		request testing	1699000796085	1699000796085	OK	 
REQUEST		request testing	1699000796380	1699000796380	OK	 
REQUEST		request testing	1699000796676	1699000796676	OK	 
REQUEST		request testing	1699000796972	1699000796972	OK	 
REQUEST		request testing	1699000797270	1699000797270	OK	 
REQUEST		request testing	1699000797566	1699000797566	OK	 
REQUEST		request testing	1699000797863	1699000797863	OK	 
REQUEST		request testing	1699000798159	1699000798159	OK	 
REQUEST		request testing	1699000798467	1699000798467	OK	 
REQUEST		request testing	1699000798785	1699000798785	OK	 
REQUEST		request testing	1699000799081	1699000799081	OK	 
REQUEST		request testing	1699000799377	1699000799377	OK	 
REQUEST		request testing	1699000799673	1699000799673	OK	 
REQUEST		request testing	1699000799970	1699000799970	OK	 
REQUEST		request testing	1699000800266	1699000800266	OK	 
REQUEST		request testing	1699000800562	1699000800562	OK	 
REQUEST		request testing	1699000800861	1699000800861	OK	 
REQUEST		request testing	1699000801157	1699000801157	OK	 
REQUEST		request testing	1699000801453	1699000801453	OK	 
REQUEST		request testing	1699000801767	1699000801767	OK	 
REQUEST		request testing	1699000802063	1699000802063	OK	 
REQUEST		request testing	1699000802383	1699000802383	OK	 
REQUEST		request testing	1699000802681	1699000802681	OK	 
REQUEST		request testing	1699000803061	1699000803061	OK	 
REQUEST		request testing	1699000803357	1699000803357	OK	 
REQUEST		request testing	1699000803682	1699000803682	OK	 
REQUEST		request testing	1699000803980	1699000803980	OK	 
REQUEST		request testing	1699000804322	1699000804322	OK	 
REQUEST		