RUN	VTSTrails.VTSTrailsPostXMLMsgs	vtstrailspostxmlmsgs	1701070795062	 	3.9.5
USER	Get Data From VTS	START	1701070800875
REQUEST		Get VTS Data	1701070800868	1701070801504	OK	 
REQUEST		Get VTS Data Redirect 1	1701070801516	1701070801817	OK	 
REQUEST		request testing	1701070802856	1701070802856	OK	 
REQUEST		Post VTS Data	1701070802859	1701070803184	OK	 
REQUEST		Post VTS Data Redirect 1	1701070803185	1701070803484	OK	 
REQUEST		Get VTS Data	1701070804501	1701070804866	OK	 
REQUEST		Get VTS Data Redirect 1	1701070804867	1701070805165	OK	 
REQUEST		request testing	1701070805169	1701070805169	OK	 
REQUEST		Post VTS Data	1701070805169	1701070805487	OK	 
REQUEST		Post VTS Data Redirect 1	1701070805488	1701070805784	OK	 
REQUEST		Get VTS Data	1701070806787	1701070807081	OK	 
REQUEST		Get VTS Data Redirect 1	1701070807082	1701070807376	OK	 
REQUEST		request testing	1701070807377	1701070807377	OK	 
REQUEST		Post VTS Data	1701070807377	1701070807695	OK	 
REQUEST		Post VTS Data Redirect 1	1701070807696	1701070807994	OK	 
REQUEST		Get VTS Data	1701070809002	1701070809304	OK	 
REQUEST		Get VTS Data Redirect 1	1701070809305	1701070809601	OK	 
REQUEST		request testing	1701070809602	1701070809602	OK	 
REQUEST		Post VTS Data	1701070809602	1701070809924	OK	 
REQUEST		Post VTS Data Redirect 1	1701070809924	1701070810221	OK	 
REQUEST		Get VTS Data	1701070811234	1701070811528	OK	 
REQUEST		Get VTS Data Redirect 1	1701070811528	1701070811822	OK	 
REQUEST		request testing	1701070811823	1701070811823	OK	 
REQUEST		Post VTS Data	1701070811824	1701070812141	OK	 
REQUEST		Post VTS Data Redirect 1	1701070812142	1701070812439	OK	 
REQUEST		Get VTS Data	1701070813452	1701070813747	OK	 
REQUEST		Get VTS Data Redirect 1	1701070813748	1701070814042	OK	 
REQUEST		request testing	1701070814043	1701070814043	OK	 
REQUEST		Post VTS Data	1701070814044	1701070814363	OK	 
REQUEST		Post VTS Data Redirect 1	1701070814364	1701070814661	OK	 
REQUEST		Get VTS Data	1701070815665	1701070815958	OK	 
REQUEST		Get VTS Data Redirect 1	1701070815959	1701070816253	OK	 
REQUEST		request testing	1701070816256	1701070816256	OK	 
REQUEST		Post VTS Data	1701070816256	1701070816573	OK	 
REQUEST		Post VTS Data Redirect 1	1701070816573	1701070816870	OK	 
USER	Get Data From VTS	END	1701070817880
