RUN	CDCInvAdj.CDCInvAdjustment	cdcinvadjustment	1696915680064	 	3.9.5
USER	Initial Scenario	START	1696915771365
REQUEST		GET CDC quantity from VTS	1696915771348	1696915771437	OK	 
REQUEST		GET CDC quantity from VTS Redirect 1	1696915771466	1696915771491	OK	 
USER	Initial Scenario	END	1696915771707
USER	CDC Inv Adjustment	START	1696915772177
USER	CDC Inv Adjustment	START	1696915772180
USER	CDC Inv Adjustment	START	1696915772188
USER	CDC Inv Adjustment	START	1696915772189
USER	CDC Inv Adjustment	START	1696915772193
REQUEST		request testing	1696915772351	1696915772351	OK	 
REQUEST		request testing	1696915772360	1696915772360	OK	 
REQUEST		request testing	1696915772362	1696915772362	OK	 
REQUEST		request testing	1696915772372	1696915772372	OK	 
REQUEST		request testing	1696915772421	1696915772421	OK	 
REQUEST		request testing	1696915772423	1696915772423	OK	 
REQUEST		request testing	1696915772423	1696915772423	OK	 
REQUEST		request testing	1696915772426	1696915772426	OK	 
REQUEST		request testing	1696915772440	1696915772440	OK	 
REQUEST		request testing	1696915772454	1696915772454	OK	 
REQUEST		request testing	1696915772462	1696915772462	OK	 
REQUEST		request testing	1696915772467	1696915772467	OK	 
REQUEST		request testing	1696915772471	1696915772471	OK	 
REQUEST		request testing	1696915772499	1696915772499	OK	 
REQUEST		request testing	1696915772503	1696915772503	OK	 
REQUEST		request testing	1696915772506	1696915772506	OK	 
REQUEST		request testing	1696915772516	1696915772516	OK	 
REQUEST		request testing	1696915772535	1696915772535	OK	 
REQUEST		request testing	1696915772541	1696915772541	OK	 
REQUEST		request testing	1696915772543	1696915772543	OK	 
REQUEST		request testing	1696915772547	1696915772547	OK	 
REQUEST		request testing	1696915772548	1696915772548	OK	 
REQUEST		request testing	1696915772552	1696915772552	OK	 
REQUEST		request testing	1696915772555	1696915772555	OK	 
REQUEST		request testing	1696915772559	1696915772559	OK	 
REQUEST		request testing	1696915772563	1696915772563	OK	 
REQUEST		request testing	1696915772570	1696915772570	OK	 
REQUEST		request testing	1696915772577	1696915772577	OK	 
REQUEST		request testing	1696915772577	1696915772577	OK	 
REQUEST		request testing	1696915772581	1696915772581	OK	 
REQUEST		request testing	1696915772584	1696915772584	OK	 
REQUEST		request testing	1696915772587	1696915772587	OK	 
REQUEST		request testing	1696915772592	1696915772592	OK	 
REQUEST		request testing	1696915772593	1696915772593	OK	 
REQUEST		request testing	1696915772595	1696915772595	OK	 
REQUEST		request testing	1696915772597	1696915772597	OK	 
REQUEST		request testing	1696915772598	1696915772598	OK	 
REQUEST		request testing	1696915772770	1696915772770	OK	 
REQUEST		request testing	1696915772772	1696915772772	OK	 
REQUEST		request testing	1696915772773	1696915772773	OK	 
REQUEST		request testing	1696915772774	1696915772774	OK	 
REQUEST		request testing	1696915772779	1696915772779	OK	 
REQUEST		request testing	1696915772782	1696915772782	OK	 
REQUEST		request testing	1696915772784	1696915772784	OK	 
REQUEST		request testing	1696915772788	1696915772788	OK	 
REQUEST		request testing	1696915772788	1696915772788	OK	 
REQUEST		request testing	1696915772794	1696915772794	OK	 
REQUEST		request testing	1696915772799	1696915772799	OK	 
REQUEST		request testing	1696915772806	1696915772806	OK	 
REQUEST		request testing	1696915772811	1696915772811	OK	 
REQUEST		request testing	1696915772813	1696915772813	OK	 
REQUEST		request testing	1696915772817	1696915772817	OK	 
REQUEST		request testing	1696915772818	1696915772818	OK	 
REQUEST		request testing	1696915772824	1696915772824	OK	 
REQUEST		request testing	1696915772830	1696915772830	OK	 
REQUEST		request testing	1696915772832	1696915772832	OK	 
REQUEST		request testing	1696915772833	1696915772833	OK	 
REQUEST		request testing	1696915772835	1696915772835	OK	 
REQUEST		request testing	1696915772835	1696915772835	OK	 
REQUEST		request testing	1696915772852	1696915772852	OK	 
REQUEST		request testing	1696915772864	1696915772864	OK	 
REQUEST		request testing	1696915772885	1696915772885	OK	 
REQUEST		request testing	1696915772913	1696915772913	OK	 
REQUEST		request testing	1696915772927	1696915772927	OK	 
REQUEST		request testing	1696915772946	1696915772946	OK	 
REQUEST		request testing	1696915772954	1696915772954	OK	 
REQUEST		request testing	1696915772977	1696915772977	OK	 
REQUEST		request testing	1696915772989	1696915772989	OK	 
REQUEST		request testing	1696915772997	1696915772997	OK	 
REQUEST		request testing	1696915773004	1696915773004	OK	 
REQUEST		request testing	1696915773006	1696915773006	OK	 
REQUEST		request testing	1696915773007	1696915773007	OK	 
REQUEST		request testing	1696915773008	1696915773008	OK	 
REQUEST		request testing	1696915773013	1696915773013	OK	 
REQUEST		request testing	1696915773018	1696915773018	OK	 
REQUEST		request testing	1696915773034	1696915773034	OK	 
REQUEST		request testing	1696915773038	1696915773038	OK	 
REQUEST		request testing	1696915773040	1696915773040	OK	 
REQUEST		request testing	1696915773044	1696915773044	OK	 
REQUEST		request testing	1696915773050	1696915773050	OK	 
REQUEST		request testing	1696915773053	1696915773053	OK	 
REQUEST		request testing	1696915773057	1696915773057	OK	 
REQUEST		request testing	1696915773068	1696915773068	OK	 
REQUEST		request testing	1696915773072	1696915773072	OK	 
REQUEST		request testing	1696915773073	1696915773073	OK	 
REQUEST		request testing	1696915773074	1696915773074	OK	 
REQUEST		request testing	1696915773078	1696915773078	OK	 
REQUEST		request testing	1696915773081	1696915773081	OK	 
REQUEST		request testing	1696915773084	1696915773084	OK	 
REQUEST		request testing	1696915773091	1696915773091	OK	 
REQUEST		request testing	1696915773094	1696915773094	OK	 
REQUEST		request testing	1696915773105	1696915773105	OK	 
REQUEST		request testing	1696915773107	1696915773107	OK	 
REQUEST		request testing	1696915773109	1696915773109	OK	 
REQUEST		request testing	1696915773117	1696915773117	OK	 
REQUEST		request testing	1696915773118	1696915773118	OK	 
REQUEST		request testing	1696915773121	1696915773121	OK	 
REQUEST		request testing	1696915773133	1696915773133	OK	 
REQUEST		request testing	1696915773138	1696915773138	OK	 
REQUEST		request testing	1696915773144	1696915773144	OK	 
REQUEST		request testing	1696915773146	1696915773146	OK	 
REQUEST		request testing	1696915773157	1696915773157	OK	 
REQUEST		request testing	1696915773171	1696915773171	OK	 
REQUEST		request testing	1696915773180	1696915773180	OK	 
REQUEST		request testing	1696915773197	1696915773197	OK	 
REQUEST		request testing	1696915773206	1696915773206	OK	 
REQUEST		request testing	1696915773218	1696915773218	OK	 
REQUEST		request testing	1696915773234	1696915773234	OK	 
REQUEST		request testing	1696915773249	1696915773249	OK	 
REQUEST		request testing	1696915773261	1696915773261	OK	 
REQUEST		request testing	1696915773261	1696915773261	OK	 
REQUEST		request testing	1696915773281	1696915773281	OK	 
REQUEST		request testing	1696915773293	1696915773293	OK	 
REQUEST		request testing	1696915773298	1696915773298	OK	 
REQUEST		request testing	1696915773301	1696915773301	OK	 
REQUEST		request testing	1696915773319	1696915773319	OK	 
REQUEST		request testing	1696915773322	1696915773322	OK	 
REQUEST		request testing	1696915773324	1696915773324	OK	 
REQUEST		request testing	1696915773326	1696915773326	OK	 
REQUEST		request testing	1696915773330	1696915773330	OK	 
REQUEST		request testing	1696915773331	1696915773331	OK	 
REQUEST		request testing	1696915773333	1696915773333	OK	 
REQUEST		request testing	1696915773338	1696915773338	OK	 
REQUEST		request testing	1696915773345	1696915773345	OK	 
REQUEST		request testing	1696915773346	1696915773346	OK	 
REQUEST		request testing	1696915773349	1696915773349	OK	 
REQUEST		request testing	1696915773351	1696915773351	OK	 
REQUEST		request testing	1696915773361	1696915773361	OK	 
REQUEST		request testing	1696915773364	1696915773364	OK	 
REQUEST		request testing	1696915773371	1696915773371	OK	 
REQUEST		request testing	1696915773375	1696915773375	OK	 
REQUEST		request testing	1696915773375	1696915773375	OK	 
REQUEST		request testing	1696915773378	1696915773378	OK	 
REQUEST		request testing	1696915773381	1696915773381	OK	 
REQUEST		request testing	1696915773381	1696915773381	OK	 
REQUEST		request testing	1696915773388	1696915773388	OK	 
REQUEST		request testing	1696915773394	1696915773394	OK	 
REQUEST		request testing	1696915773396	1696915773396	OK	 
REQUEST		request testing	1696915773401	1696915773401	OK	 
REQUEST		request testing	1696915773410	1696915773410	OK	 
REQUEST		request testing	1696915773414	1696915773414	OK	 
REQUEST		request testing	1696915773420	1696915773420	OK	 
REQUEST		request testing	1696915773421	1696915773421	OK	 
REQUEST		request testing	1696915773423	1696915773423	OK	 
REQUEST		request testing	1696915773424	1696915773424	OK	 
REQUEST		request testing	1696915773426	1696915773426	OK	 
REQUEST		request testing	1696915773429	1696915773429	OK	 
REQUEST		request testing	1696915773433	1696915773433	OK	 
