RUN	CDCInvAdj.CDCInvAdjustment	cdcinvadjustment	1696914858128	 	3.9.5
USER	Initial Scenario	START	1696914947622
REQUEST		GET CDC quantity from VTS	1696914947578	1696914947765	OK	 
REQUEST		GET CDC quantity from VTS Redirect 1	1696914947836	1696914947899	OK	 
USER	Initial Scenario	END	1696914948250
USER	CDC Inv Adjustment	START	1696914948434
USER	CDC Inv Adjustment	START	1696914948436
USER	CDC Inv Adjustment	START	1696914948449
USER	CDC Inv Adjustment	START	1696914948469
USER	CDC Inv Adjustment	START	1696914948474
REQUEST		request testing	1696914948515	1696914948515	OK	 
REQUEST		request testing	1696914948513	1696914948513	OK	 
REQUEST		request testing	1696914948547	1696914948547	OK	 
REQUEST		request testing	1696914948551	1696914948551	OK	 
REQUEST		request testing	1696914948547	1696914948547	OK	 
REQUEST		request testing	1696914948554	1696914948554	OK	 
REQUEST		request testing	1696914948563	1696914948563	OK	 
REQUEST		request testing	1696914948566	1696914948566	OK	 
REQUEST		request testing	1696914948571	1696914948571	OK	 
REQUEST		request testing	1696914948571	1696914948571	OK	 
REQUEST		request testing	1696914948574	1696914948574	OK	 
REQUEST		request testing	1696914948581	1696914948581	OK	 
REQUEST		request testing	1696914948591	1696914948591	OK	 
REQUEST		request testing	1696914948592	1696914948592	OK	 
REQUEST		request testing	1696914948593	1696914948593	OK	 
REQUEST		request testing	1696914948596	1696914948596	OK	 
REQUEST		request testing	1696914948598	1696914948598	OK	 
REQUEST		request testing	1696914948602	1696914948602	OK	 
REQUEST		request testing	1696914948605	1696914948605	OK	 
REQUEST		request testing	1696914948607	1696914948607	OK	 
REQUEST		request testing	1696914948608	1696914948608	OK	 
REQUEST		request testing	1696914948610	1696914948610	OK	 
REQUEST		request testing	1696914948612	1696914948612	OK	 
REQUEST		request testing	1696914948615	1696914948615	OK	 
REQUEST		request testing	1696914948618	1696914948618	OK	 
REQUEST		request testing	1696914948618	1696914948618	OK	 
REQUEST		request testing	1696914948623	1696914948623	OK	 
REQUEST		request testing	1696914948626	1696914948626	OK	 
REQUEST		request testing	1696914948637	1696914948637	OK	 
REQUEST		request testing	1696914948643	1696914948643	OK	 
REQUEST		request testing	1696914948644	1696914948644	OK	 
REQUEST		request testing	1696914948646	1696914948646	OK	 
REQUEST		request testing	1696914948648	1696914948648	OK	 
REQUEST		request testing	1696914948655	1696914948655	OK	 
REQUEST		request testing	1696914948658	1696914948658	OK	 
REQUEST		request testing	1696914948662	1696914948662	OK	 
REQUEST		request testing	1696914948669	1696914948669	OK	 
REQUEST		request testing	1696914948671	1696914948671	OK	 
REQUEST		request testing	1696914948672	1696914948672	OK	 
REQUEST		request testing	1696914948674	1696914948674	OK	 
REQUEST		request testing	1696914948681	1696914948681	OK	 
REQUEST		request testing	1696914948685	1696914948685	OK	 
REQUEST		request testing	1696914948688	1696914948688	OK	 
REQUEST		request testing	1696914948689	1696914948689	OK	 
REQUEST		request testing	1696914948692	1696914948692	OK	 
REQUEST		request testing	1696914948698	1696914948698	OK	 
REQUEST		request testing	1696914948702	1696914948702	OK	 
REQUEST		request testing	1696914948704	1696914948704	OK	 
REQUEST		request testing	1696914948727	1696914948727	OK	 
REQUEST		request testing	1696914948736	1696914948736	OK	 
REQUEST		request testing	1696914948743	1696914948743	OK	 
REQUEST		request testing	1696914948757	1696914948757	OK	 
REQUEST		request testing	1696914948774	1696914948774	OK	 
REQUEST		request testing	1696914948783	1696914948783	OK	 
REQUEST		request testing	1696914948800	1696914948800	OK	 
REQUEST		request testing	1696914948807	1696914948807	OK	 
REQUEST		request testing	1696914948819	1696914948819	OK	 
REQUEST		request testing	1696914948855	1696914948855	OK	 
REQUEST		request testing	1696914948857	1696914948857	OK	 
REQUEST		request testing	1696914948864	1696914948864	OK	 
REQUEST		request testing	1696914948867	1696914948867	OK	 
REQUEST		request testing	1696914948868	1696914948868	OK	 
REQUEST		request testing	1696914948870	1696914948870	OK	 
REQUEST		request testing	1696914948879	1696914948879	OK	 
REQUEST		request testing	1696914948883	1696914948883	OK	 
REQUEST		request testing	1696914948885	1696914948885	OK	 
REQUEST		request testing	1696914948887	1696914948887	OK	 
REQUEST		request testing	1696914948889	1696914948889	OK	 
REQUEST		request testing	1696914948892	1696914948892	OK	 
REQUEST		request testing	1696914948893	1696914948893	OK	 
REQUEST		request testing	1696914948895	1696914948895	OK	 
REQUEST		request testing	1696914948901	1696914948901	OK	 
REQUEST		request testing	1696914948905	1696914948905	OK	 
REQUEST		request testing	1696914948906	1696914948906	OK	 
REQUEST		request testing	1696914948907	1696914948907	OK	 
REQUEST		request testing	1696914948908	1696914948908	OK	 
REQUEST		request testing	1696914948919	1696914948919	OK	 
REQUEST		request testing	1696914948928	1696914948928	OK	 
REQUEST		request testing	1696914948933	1696914948933	OK	 
REQUEST		request testing	1696914948935	1696914948935	OK	 
REQUEST		request testing	1696914948940	1696914948940	OK	 
REQUEST		request testing	1696914948942	1696914948942	OK	 
REQUEST		request testing	1696914948946	1696914948946	OK	 
REQUEST		request testing	1696914948962	1696914948962	OK	 
REQUEST		request testing	1696914948965	1696914948965	OK	 
REQUEST		request testing	1696914948974	1696914948974	OK	 
REQUEST		request testing	1696914948980	1696914948980	OK	 
REQUEST		request testing	1696914948983	1696914948983	OK	 
REQUEST		request testing	1696914948989	1696914948989	OK	 
REQUEST		request testing	1696914948989	1696914948989	OK	 
REQUEST		request testing	1696914948993	1696914948993	OK	 
REQUEST		request testing	1696914949003	1696914949003	OK	 
REQUEST		request testing	1696914949007	1696914949007	OK	 
REQUEST		request testing	1696914949009	1696914949009	OK	 
REQUEST		request testing	1696914949011	1696914949011	OK	 
REQUEST		request testing	1696914949013	1696914949013	OK	 
REQUEST		request testing	1696914949015	1696914949015	OK	 
REQUEST		request testing	1696914949017	1696914949017	OK	 
REQUEST		request testing	1696914949021	1696914949021	OK	 
REQUEST		request testing	1696914949022	1696914949022	OK	 
REQUEST		request testing	1696914949024	1696914949024	OK	 
REQUEST		request testing	1696914949029	1696914949029	OK	 
REQUEST		request testing	1696914949035	1696914949035	OK	 
REQUEST		request testing	1696914949037	1696914949037	OK	 
REQUEST		request testing	1696914949038	1696914949038	OK	 
REQUEST		request testing	1696914949039	1696914949039	OK	 
REQUEST		request testing	1696914949041	1696914949041	OK	 
REQUEST		request testing	1696914949045	1696914949045	OK	 
REQUEST		request testing	1696914949046	1696914949046	OK	 
REQUEST		request testing	1696914949049	1696914949049	OK	 
REQUEST		request testing	1696914949050	1696914949050	OK	 
REQUEST		request testing	1696914949052	1696914949052	OK	 
REQUEST		request testing	1696914949055	1696914949055	OK	 
REQUEST		request testing	1696914949057	1696914949057	OK	 
REQUEST		request testing	1696914949060	1696914949060	OK	 
REQUEST		request testing	1696914949062	1696914949062	OK	 
REQUEST		request testing	1696914949065	1696914949065	OK	 
REQUEST		request testing	1696914949066	1696914949066	OK	 
REQUEST		request testing	1696914949068	1696914949068	OK	 
REQUEST		request testing	1696914949070	1696914949070	OK	 
REQUEST		request testing	1696914949072	1696914949072	OK	 
REQUEST		request testing	1696914949073	1696914949073	OK	 
REQUEST		request testing	1696914949079	1696914949079	OK	 
REQUEST		request testing	1696914949090	1696914949090	OK	 
REQUEST		request testing	1696914949100	1696914949100	OK	 
REQUEST		request testing	1696914949104	1696914949104	OK	 
REQUEST		request testing	1696914949106	1696914949106	OK	 
REQUEST		request testing	1696914949107	1696914949107	OK	 
REQUEST		request testing	1696914949109	1696914949109	OK	 
REQUEST		request testing	1696914949111	1696914949111	OK	 
REQUEST		request testing	1696914949113	1696914949113	OK	 
REQUEST		request testing	1696914949117	1696914949117	OK	 
REQUEST		request testing	1696914949117	1696914949117	OK	 
REQUEST		request testing	1696914949118	1696914949118	OK	 
REQUEST		request testing	1696914949120	1696914949120	OK	 
REQUEST		request testing	1696914949123	1696914949123	OK	 
REQUEST		request testing	1696914949125	1696914949125	OK	 
REQUEST		request testing	1696914949133	1696914949133	OK	 
REQUEST		request testing	1696914949136	1696914949136	OK	 
REQUEST		request testing	1696914949138	1696914949138	OK	 
REQUEST		request testing	1696914949139	1696914949139	OK	 
REQUEST		request testing	1696914949146	1696914949146	OK	 
REQUEST		request testing	1696914949152	1696914949152	OK	 
REQUEST		request testing	1696914949159	1696914949159	OK	 
REQUEST		request testing	1696914949222	1696914949222	OK	 
REQUEST		request testing	1696914949228	1696914949228	OK	 
REQUEST		request testing	1696914949247	1696914949247	OK	 
REQUEST		request testing	1696914949248	1696914949248	OK	 
REQUEST		request testing	1696914949249	1696914949249	OK	 
