RUN	VTSTrails.VTSTrailsPostXMLMsgs	vtstrailspostxmlmsgs	1701151303165	 	3.9.5
USER	Get Data From VTS	START	1701151308366
REQUEST		Get VTS Data	1701151308360	1701151308988	OK	 
REQUEST		Get VTS Data Redirect 1	1701151308994	1701151309303	OK	 
REQUEST		request testing	1701151310445	1701151310445	OK	 
REQUEST		Post VTS Data	1701151310456	1701151310768	OK	 
REQUEST		Post VTS Data Redirect 1	1701151310768	1701151311061	OK	 
REQUEST		Get VTS Data	1701151312079	1701151312378	OK	 
REQUEST		Get VTS Data Redirect 1	1701151312379	1701151312671	OK	 
REQUEST		request testing	1701151312674	1701151312674	OK	 
REQUEST		Post VTS Data	1701151312674	1701151312987	OK	 
REQUEST		Post VTS Data Redirect 1	1701151312987	1701151313293	OK	 
REQUEST		Get VTS Data	1701151314297	1701151314611	OK	 
REQUEST		Get VTS Data Redirect 1	1701151314612	1701151314934	OK	 
REQUEST		request testing	1701151314935	1701151314935	OK	 
REQUEST		Post VTS Data	1701151314935	1701151315235	OK	 
REQUEST		Post VTS Data Redirect 1	1701151315235	1701151315528	OK	 
REQUEST		Get VTS Data	1701151316542	1701151316833	OK	 
REQUEST		Get VTS Data Redirect 1	1701151316835	1701151317125	OK	 
REQUEST		request testing	1701151317128	1701151317128	OK	 
REQUEST		Post VTS Data	1701151317130	1701151317431	OK	 
REQUEST		Post VTS Data Redirect 1	1701151317431	1701151317724	OK	 
REQUEST		Get VTS Data	1701151318728	1701151319032	OK	 
REQUEST		Get VTS Data Redirect 1	1701151319033	1701151319321	OK	 
REQUEST		request testing	1701151319323	1701151319323	OK	 
REQUEST		Post VTS Data	1701151319325	1701151319625	OK	 
REQUEST		Post VTS Data Redirect 1	1701151319626	1701151319916	OK	 
REQUEST		Get VTS Data	1701151320918	1701151321208	OK	 
REQUEST		Get VTS Data Redirect 1	1701151321209	1701151321498	OK	 
REQUEST		request testing	1701151321499	1701151321499	OK	 
REQUEST		Post VTS Data	1701151321500	1701151321799	OK	 
REQUEST		Post VTS Data Redirect 1	1701151321799	1701151322089	OK	 
REQUEST		Get VTS Data	1701151323107	1701151323396	OK	 
REQUEST		Get VTS Data Redirect 1	1701151323397	1701151323684	OK	 
REQUEST		request testing	1701151323688	1701151323688	OK	 
REQUEST		Post VTS Data	1701151323688	1701151323988	OK	 
REQUEST		Post VTS Data Redirect 1	1701151323988	1701151324354	OK	 
USER	Get Data From VTS	END	1701151325364
