RUN	VTSTrails.VTSSimulationXmlConversion	vtssimulationxmlconversion	1700639173415	 	3.9.5
USER	Get Data From VTS	START	1700639178311
REQUEST		Get VTS Data	1700639178305	1700639178898	OK	 
REQUEST		Get VTS Data Redirect 1	1700639178907	1700639179205	OK	 
REQUEST		request testing	1700639180104	1700639180104	OK	 
REQUEST		Get VTS Data	1700639181115	1700639181424	OK	 
REQUEST		Get VTS Data Redirect 1	1700639181425	1700639181717	OK	 
REQUEST		request testing	1700639181720	1700639181720	OK	 
REQUEST		Get VTS Data	1700639182729	1700639183020	OK	 
REQUEST		Get VTS Data Redirect 1	1700639183021	1700639183313	OK	 
REQUEST		request testing	1700639183315	1700639183315	OK	 
REQUEST		Get VTS Data	1700639184321	1700639184614	OK	 
REQUEST		Get VTS Data Redirect 1	1700639184615	1700639184907	OK	 
REQUEST		request testing	1700639184908	1700639184908	OK	 
REQUEST		Get VTS Data	1700639185916	1700639186208	OK	 
REQUEST		Get VTS Data Redirect 1	1700639186208	1700639186502	OK	 
REQUEST		request testing	1700639186504	1700639186504	OK	 
REQUEST		Get VTS Data	1700639187508	1700639187800	OK	 
REQUEST		Get VTS Data Redirect 1	1700639187801	1700639188093	OK	 
REQUEST		request testing	1700639188095	1700639188095	OK	 
REQUEST		Get VTS Data	1700639189103	1700639189396	OK	 
REQUEST		Get VTS Data Redirect 1	1700639189397	1700639189691	OK	 
REQUEST		request testing	1700639189693	1700639189693	OK	 
USER	Get Data From VTS	END	1700639190710
