RUN	VTSTrails.VTSSimulationXmlConversion	vtssimulationxmlconversion	1700639657436	 	3.9.5
USER	Get Data From VTS	START	1700639662368
REQUEST		Get VTS Data	1700639662361	1700639662927	OK	 
REQUEST		Get VTS Data Redirect 1	1700639662937	1700639663221	OK	 
REQUEST		request testing	1700639664171	1700639664171	OK	 
REQUEST		Post VTS Data	1700639664173	1700639664469	OK	 
REQUEST		Post VTS Data Redirect 1	1700639664469	1700639664749	OK	 
REQUEST		Get VTS Data	1700639665764	1700639666044	OK	 
REQUEST		Get VTS Data Redirect 1	1700639666044	1700639666323	OK	 
REQUEST		request testing	1700639666325	1700639666325	OK	 
REQUEST		Post VTS Data	1700639666326	1700639666620	OK	 
REQUEST		Post VTS Data Redirect 1	1700639666620	1700639666900	OK	 
REQUEST		Get VTS Data	1700639667906	1700639668186	OK	 
REQUEST		Get VTS Data Redirect 1	1700639668186	1700639668464	OK	 
REQUEST		request testing	1700639668466	1700639668466	OK	 
REQUEST		Post VTS Data	1700639668466	1700639668761	OK	 
REQUEST		Post VTS Data Redirect 1	1700639668762	1700639669047	OK	 
REQUEST		Get VTS Data	1700639670056	1700639670333	OK	 
REQUEST		Get VTS Data Redirect 1	1700639670334	1700639670613	OK	 
REQUEST		request testing	1700639670615	1700639670615	OK	 
REQUEST		Post VTS Data	1700639670616	1700639670912	OK	 
REQUEST		Post VTS Data Redirect 1	1700639670912	1700639671192	OK	 
REQUEST		Get VTS Data	1700639672201	1700639672482	OK	 
REQUEST		Get VTS Data Redirect 1	1700639672482	1700639672762	OK	 
REQUEST		request testing	1700639672763	1700639672763	OK	 
REQUEST		Post VTS Data	1700639672763	1700639673062	OK	 
REQUEST		Post VTS Data Redirect 1	1700639673062	1700639673342	OK	 
REQUEST		Get VTS Data	1700639674344	1700639674622	OK	 
REQUEST		Get VTS Data Redirect 1	1700639674623	1700639674901	OK	 
REQUEST		request testing	1700639674902	1700639674902	OK	 
REQUEST		Post VTS Data	1700639674902	1700639675198	OK	 
REQUEST		Post VTS Data Redirect 1	1700639675198	1700639675478	OK	 
REQUEST		Get VTS Data	1700639676486	1700639676764	OK	 
REQUEST		Get VTS Data Redirect 1	1700639676765	1700639677044	OK	 
REQUEST		request testing	1700639677047	1700639677047	OK	 
REQUEST		Post VTS Data	1700639677048	1700639677372	OK	 
REQUEST		Post VTS Data Redirect 1	1700639677373	1700639677653	OK	 
USER	Get Data From VTS	END	1700639678670
