RUN	StoreInvAdj.StoreInvAdjustment	storeinvadjustment	1698047490883	 	3.9.5
USER	Initial Scenario	START	1698047579621
REQUEST		GET Store quantity from VTS	1698047579608	1698047579632	OK	 
REQUEST		GET Store quantity from VTS Redirect 1	1698047579642	1698047579654	OK	 
USER	Initial Scenario	END	1698047579746
USER	CDC Inv Adjustment	START	1698047580531
REQUEST		request testing	1698047580729	1698047580729	OK	 
REQUEST		request testing	1698047580790	1698047580790	OK	 
REQUEST		request testing	1698047580850	1698047580850	OK	 
REQUEST		request testing	1698047580958	1698047580958	OK	 
REQUEST		request testing	1698047580988	1698047580988	OK	 
REQUEST		request testing	1698047581021	1698047581021	OK	 
REQUEST		request testing	1698047581045	1698047581045	OK	 
REQUEST		request testing	1698047581098	1698047581098	OK	 
REQUEST		request testing	1698047581132	1698047581132	OK	 
REQUEST		request testing	1698047581161	1698047581161	OK	 
REQUEST		request testing	1698047581188	1698047581188	OK	 
REQUEST		request testing	1698047581227	1698047581227	OK	 
REQUEST		request testing	1698047581268	1698047581268	OK	 
REQUEST		request testing	1698047581297	1698047581297	OK	 
REQUEST		request testing	1698047581318	1698047581318	OK	 
REQUEST		request testing	1698047581341	1698047581341	OK	 
REQUEST		request testing	1698047581366	1698047581366	OK	 
REQUEST		request testing	1698047581423	1698047581423	OK	 
REQUEST		request testing	1698047581449	1698047581449	OK	 
REQUEST		request testing	1698047581471	1698047581471	OK	 
REQUEST		request testing	1698047581523	1698047581523	OK	 
REQUEST		request testing	1698047581545	1698047581545	OK	 
REQUEST		request testing	1698047581599	1698047581599	OK	 
REQUEST		request testing	1698047581729	1698047581729	OK	 
REQUEST		request testing	1698047581776	1698047581776	OK	 
REQUEST		request testing	1698047581807	1698047581807	OK	 
REQUEST		request testing	1698047581838	1698047581838	OK	 
REQUEST		request testing	1698047581871	1698047581871	OK	 
REQUEST		request testing	1698047581918	1698047581918	OK	 
REQUEST		request testing	1698047581971	1698047581971	OK	 
REQUEST		request testing	1698047581998	1698047581998	OK	 
REQUEST		request testing	1698047582028	1698047582028	OK	 
REQUEST		request testing	1698047582053	1698047582053	OK	 
REQUEST		request testing	1698047582079	1698047582079	OK	 
REQUEST		request testing	1698047582101	1698047582101	OK	 
REQUEST		request testing	1698047582128	1698047582128	OK	 
REQUEST		request testing	1698047582153	1698047582153	OK	 
REQUEST		request testing	1698047582231	1698047582231	OK	 
REQUEST		request testing	1698047582282	1698047582282	OK	 
REQUEST		request testing	1698047582325	1698047582325	OK	 
REQUEST		request testing	1698047582368	1698047582368	OK	 
REQUEST		request testing	1698047582413	1698047582413	OK	 
REQUEST		request testing	1698047582443	1698047582443	OK	 
REQUEST		request testing	1698047582472	1698047582472	OK	 
REQUEST		request testing	1698047582514	1698047582514	OK	 
REQUEST		request testing	1698047582549	1698047582549	OK	 
REQUEST		request testing	1698047582585	1698047582585	OK	 
REQUEST		request testing	1698047582609	1698047582609	OK	 
REQUEST		request testing	1698047582633	1698047582633	OK	 
REQUEST		request testing	1698047582665	1698047582665	OK	 
REQUEST		request testing	1698047582685	1698047582685	OK	 
REQUEST		request testing	1698047582709	1698047582709	OK	 
REQUEST		request testing	1698047582734	1698047582734	OK	 
REQUEST		request testing	1698047582795	1698047582795	OK	 
REQUEST		request testing	1698047582917	1698047582917	OK	 
REQUEST		request testing	1698047582946	1698047582946	OK	 
REQUEST		request testing	1698047582967	1698047582967	OK	 
REQUEST		request testing	1698047582997	1698047582997	OK	 
REQUEST		request testing	1698047583021	1698047583021	OK	 
REQUEST		request testing	1698047583044	1698047583044	OK	 
REQUEST		request testing	1698047583068	1698047583068	OK	 
REQUEST		request testing	1698047583095	1698047583095	OK	 
REQUEST		request testing	1698047583212	1698047583212	OK	 
REQUEST		request testing	1698047583297	1698047583297	OK	 
REQUEST		request testing	1698047583415	1698047583415	OK	 
REQUEST		request testing	1698047583493	1698047583493	OK	 
REQUEST		request testing	1698047583531	1698047583531	OK	 
REQUEST		request testing	1698047583561	1698047583561	OK	 
REQUEST		request testing	1698047583598	1698047583598	OK	 
REQUEST		request testing	1698047583627	1698047583627	OK	 
REQUEST		request testing	1698047583651	1698047583651	OK	 
REQUEST		request testing	1698047583676	1698047583676	OK	 
REQUEST		request testing	1698047583698	1698047583698	OK	 
REQUEST		request testing	1698047583721	1698047583721	OK	 
REQUEST		request testing	1698047583745	1698047583745	OK	 
REQUEST		request testing	1698047583841	1698047583841	OK	 
REQUEST		request testing	1698047583914	1698047583914	OK	 
REQUEST		request testing	1698047583957	1698047583957	OK	 
REQUEST		request testing	1698047583980	1698047583980	OK	 
REQUEST		request testing	1698047584003	1698047584003	OK	 
REQUEST		request testing	1698047584027	1698047584027	OK	 
REQUEST		request testing	1698047584049	1698047584049	OK	 
REQUEST		request testing	1698047584071	1698047584071	OK	 
REQUEST		request testing	1698047584107	1698047584107	OK	 
REQUEST		request testing	1698047584132	1698047584132	OK	 
REQUEST		request testing	1698047584153	1698047584153	OK	 
REQUEST		request testing	1698047584217	1698047584217	OK	 
REQUEST		request testing	1698047584240	1698047584240	OK	 
REQUEST		request testing	1698047584261	1698047584261	OK	 
REQUEST		request testing	1698047584302	1698047584302	OK	 
REQUEST		request testing	1698047584323	1698047584323	OK	 
REQUEST		request testing	1698047584347	1698047584347	OK	 
REQUEST		request testing	1698047584367	1698047584367	OK	 
REQUEST		request testing	1698047584389	1698047584389	OK	 
REQUEST		request testing	1698047584435	1698047584435	OK	 
REQUEST		request testing	1698047584484	1698047584484	OK	 
REQUEST		request testing	1698047584540	1698047584540	OK	 
REQUEST		request testing	1698047584598	1698047584598	OK	 
REQUEST		request testing	1698047584633	1698047584633	OK	 
REQUEST		request testing	1698047584657	1698047584657	OK	 
REQUEST		request testing	1698047584679	1698047584679	OK	 
REQUEST		request testing	1698047584701	1698047584701	OK	 
REQUEST		request testing	1698047584727	1698047584727	OK	 
REQUEST		request testing	1698047584755	1698047584755	OK	 
REQUEST		request testing	1698047584778	1698047584778	OK	 
REQUEST		request testing	1698047584801	1698047584801	OK	 
REQUEST		request testing	1698047584826	1698047584826	OK	 
REQUEST		request testing	1698047584848	1698047584848	OK	 
REQUEST		request testing	1698047584869	1698047584869	OK	 
REQUEST		request testing	1698047584892	1698047584892	OK	 
REQUEST		request testing	1698047584920	1698047584920	OK	 
REQUEST		request testing	1698047584951	1698047584951	OK	 
REQUEST		request testing	1698047584990	1698047584990	OK	 
REQUEST		request testing	1698047585012	1698047585012	OK	 
REQUEST		request testing	1698047585037	1698047585037	OK	 
REQUEST		request testing	1698047585060	1698047585060	OK	 
REQUEST		request testing	1698047585084	1698047585084	OK	 
REQUEST		request testing	1698047585108	1698047585108	OK	 
REQUEST		request testing	1698047585130	1698047585130	OK	 
REQUEST		request testing	1698047585152	1698047585152	OK	 
REQUEST		request testing	1698047585174	1698047585174	OK	 
REQUEST		request testing	1698047585214	1698047585214	OK	 
REQUEST		request testing	1698047585242	1698047585242	OK	 
REQUEST		request testing	1698047585271	1698047585271	OK	 
REQUEST		request testing	1698047585295	1698047585295	OK	 
REQUEST		request testing	1698047585315	1698047585315	OK	 
REQUEST		request testing	1698047585336	1698047585336	OK	 
REQUEST		request testing	1698047585357	1698047585357	OK	 
REQUEST		request testing	1698047585378	1698047585378	OK	 
REQUEST		request testing	1698047585400	1698047585400	OK	 
REQUEST		request testing	1698047585421	1698047585421	OK	 
REQUEST		request testing	1698047585443	1698047585443	OK	 
REQUEST		request testing	1698047585487	1698047585487	OK	 
REQUEST		request testing	1698047585560	1698047585560	OK	 
REQUEST		request testing	1698047585600	1698047585600	OK	 
REQUEST		request testing	1698047585620	1698047585620	OK	 
REQUEST		request testing	1698047585640	1698047585640	OK	 
REQUEST		request testing	1698047585663	1698047585663	OK	 
REQUEST		request testing	1698047585683	1698047585683	OK	 
REQUEST		request testing	1698047585706	1698047585706	OK	 
REQUEST		request testing	1698047585725	1698047585725	OK	 
REQUEST		request testing	1698047585745	1698047585745	OK	 
REQUEST		request testing	1698047585768	1698047585768	OK	 
REQUEST		request testing	1698047585792	1698047585792	OK	 
REQUEST		request testing	1698047585817	1698047585817	OK	 
REQUEST		request testing	1698047585841	1698047585841	OK	 
REQUEST		request testing	1698047585864	1698047585864	OK	 
REQUEST		request testing	1698047585889	1698047585889	OK	 
REQUEST		request testing	1698047585908	1698047585908	OK	 
REQUEST		request testing	1698047585928	1698047585928	OK	 
REQUEST		request testing	1698047585952	1698047585952	OK	 
REQUEST		request testing	1698047585974	1698047585974	OK	 
REQUEST		request testing	1698047585999	1698047585999	OK	 
REQUEST		request testing	1698047586019	1698047586019	OK	 
REQUEST		request testing	1698047586040	1698047586040	OK	 
REQUEST		request testing	1698047586071	1698047586071	OK	 
REQUEST		request testing	1698047586091	1698047586091	OK	 
REQUEST		request testing	1698047586115	1698047586115	OK	 
REQUEST		request testing	1698047586135	1698047586135	OK	 
REQUEST		request testing	1698047586156	1698047586156	OK	 
REQUEST		request testing	1698047586193	1698047586193	OK	 
REQUEST		request testing	1698047586212	1698047586212	OK	 
REQUEST		request testing	1698047586232	1698047586232	OK	 
REQUEST		request testing	1698047586254	1698047586254	OK	 
REQUEST		request testing	1698047586275	1698047586275	OK	 
REQUEST		request testing	1698047586297	1698047586297	OK	 
REQUEST		request testing	1698047586315	1698047586315	OK	 
REQUEST		request testing	1698047586335	1698047586335	OK	 
REQUEST		request testing	1698047586353	1698047586353	OK	 
REQUEST		request testing	1698047586375	1698047586375	OK	 
REQUEST		request testing	1698047586396	1698047586396	OK	 
REQUEST		request testing	1698047586418	1698047586418	OK	 
REQUEST		request testing	1698047586448	1698047586448	OK	 
REQUEST		request testing	1698047586468	1698047586468	OK	 
REQUEST		request testing	1698047586489	1698047586489	OK	 
REQUEST		request testing	1698047586516	1698047586516	OK	 
REQUEST		request testing	1698047586539	1698047586539	OK	 
REQUEST		request testing	1698047586560	1698047586560	OK	 
REQUEST		request testing	1698047586579	1698047586579	OK	 
REQUEST		request testing	1698047586597	1698047586597	OK	 
REQUEST		request testing	1698047586615	1698047586615	OK	 
REQUEST		request testing	1698047586635	1698047586635	OK	 
REQUEST		request testing	1698047586655	1698047586655	OK	 
REQUEST		request testing	1698047586682	1698047586682	OK	 
REQUEST		request testing	1698047586704	1698047586704	OK	 
REQUEST		request testing	1698047586727	1698047586727	OK	 
REQUEST		request testing	1698047586752	1698047586752	OK	 
REQUEST		request testing	1698047586781	1698047586781	OK	 
REQUEST		request testing	1698047586803	1698047586803	OK	 
REQUEST		request testing	1698047586823	1698047586823	OK	 
REQUEST		request testing	1698047586844	1698047586844	OK	 
REQUEST		request testing	1698047586867	1698047586867	OK	 
REQUEST		request testing	1698047586886	1698047586886	OK	 
REQUEST		request testing	1698047586906	1698047586906	OK	 
REQUEST		request testing	1698047586928	1698047586928	OK	 
REQUEST		request testing	1698047586951	1698047586951	OK	 
REQUEST		request testing	1698047586991	1698047586991	OK	 
REQUEST		request testing	1698047587015	1698047587015	OK	 
REQUEST		request testing	1698047587040	1698047587040	OK	 
REQUEST		request testing	1698047587081	1698047587081	OK	 
REQUEST		request testing	1698047587102	1698047587102	OK	 
REQUEST		request testing	1698047587123	1698047587123	OK	 
REQUEST		request testing	1698047587146	1698047587146	OK	 
REQUEST		request testing	1698047587171	1698047587171	OK	 
REQUEST		request testing	1698047587191	1698047587191	OK	 
REQUEST		request testing	1698047587211	1698047587211	OK	 
REQUEST		request testing	1698047587232	1698047587232	OK	 
REQUEST		request testing	1698047587252	1698047587252	OK	 
REQUEST		request testing	1698047587273	1698047587273	OK	 
REQUEST		request testing	1698047587298	1698047587298	OK	 
REQUEST		request testing	1698047587323	1698047587323	OK	 
REQUEST		request testing	1698047587347	1698047587347	OK	 
REQUEST		request testing	1698047587380	1698047587380	OK	 
REQUEST		request testing	1698047587400	1698047587400	OK	 
REQUEST		request testing	1698047587420	1698047587420	OK	 
REQUEST		request testing	1698047587439	1698047587439	OK	 
REQUEST		request testing	1698047587461	1698047587461	OK	 
REQUEST		request testing	1698047587481	1698047587481	OK	 
REQUEST		request testing	1698047587500	1698047587500	OK	 
REQUEST		request testing	1698047587533	1698047587533	OK	 
REQUEST		request testing	1698047587553	1698047587553	OK	 
REQUEST		request testing	1698047587573	1698047587573	OK	 
REQUEST		request testing	1698047587597	1698047587597	OK	 
REQUEST		request testing	1698047587623	1698047587623	OK	 
REQUEST		request testing	1698047587643	1698047587643	OK	 
REQUEST		request testing	1698047587668	1698047587668	OK	 
REQUEST		request testing	1698047587691	1698047587691	OK	 
REQUEST		request testing	1698047587712	1698047587712	OK	 
REQUEST		request testing	1698047587733	1698047587733	OK	 
REQUEST		request testing	1698047587754	1698047587754	OK	 
REQUEST		request testing	1698047587778	1698047587778	OK	 
REQUEST		request testing	1698047587804	1698047587804	OK	 
REQUEST		request testing	1698047587825	1698047587825	OK	 
REQUEST		request testing	1698047587845	1698047587845	OK	 
REQUEST		request testing	1698047587884	1698047587884	OK	 
REQUEST		request testing	1698047587910	1698047587910	OK	 
REQUEST		request testing	1698047587937	1698047587937	OK	 
REQUEST		request testing	1698047587973	1698047587973	OK	 
REQUEST		request testing	1698047587995	1698047587995	OK	 
REQUEST		request testing	1698047588019	1698047588019	OK	 
REQUEST		request testing	1698047588041	1698047588041	OK	 
REQUEST		request testing	1698047588064	1698047588064	OK	 
REQUEST		request testing	1698047588087	1698047588087	OK	 
REQUEST		request testing	1698047588114	1698047588114	OK	 
REQUEST		request testing	1698047588135	1698047588135	OK	 
REQUEST		request testing	1698047588162	1698047588162	OK	 
REQUEST		request testing	1698047588201	1698047588201	OK	 
REQUEST		request testing	1698047588222	1698047588222	OK	 
REQUEST		request testing	1698047588246	1698047588246	OK	 
REQUEST		request testing	1698047588271	1698047588271	OK	 
REQUEST		request testing	1698047588291	1698047588291	OK	 
REQUEST		request testing	1698047588315	1698047588315	OK	 
REQUEST		request testing	1698047588335	1698047588335	OK	 
REQUEST		request testing	1698047588354	1698047588354	OK	 
REQUEST		request testing	1698047588374	1698047588374	OK	 
REQUEST		request testing	1698047588396	1698047588396	OK	 
REQUEST		request testing	1698047588415	1698047588415	OK	 
REQUEST		request testing	1698047588437	1698047588437	OK	 
REQUEST		request testing	1698047588456	1698047588456	OK	 
REQUEST		request testing	1698047588480	1698047588480	OK	 
REQUEST		request testing	1698047588504	1698047588504	OK	 
REQUEST		request testing	1698047588531	1698047588531	OK	 
REQUEST		request testing	1698047588557	1698047588557	OK	 
REQUEST		request testing	1698047588577	1698047588577	OK	 
REQUEST		request testing	1698047588596	1698047588596	OK	 
REQUEST		request testing	1698047588615	1698047588615	OK	 
REQUEST		request testing	1698047588636	1698047588636	OK	 
REQUEST		request testing	1698047588660	1698047588660	OK	 
REQUEST		request testing	1698047588678	1698047588678	OK	 
REQUEST		request testing	1698047588701	1698047588701	OK	 
REQUEST		request testing	1698047588723	1698047588723	OK	 
REQUEST		request testing	1698047588745	1698047588745	OK	 
REQUEST		request testing	1698047588766	1698047588766	OK	 
REQUEST		request testing	1698047588790	1698047588790	OK	 
REQUEST		request testing	1698047588819	1698047588819	OK	 
REQUEST		request testing	1698047588841	1698047588841	OK	 
REQUEST		request testing	1698047588863	1698047588863	OK	 
REQUEST		request testing	1698047588883	1698047588883	OK	 
REQUEST		request testing	1698047588903	1698047588903	OK	 
REQUEST		request testing	1698047588923	1698047588923	OK	 
REQUEST		request testing	1698047588942	1698047588942	OK	 
REQUEST		request testing	1698047588967	1698047588967	OK	 
REQUEST		request testing	1698047588991	1698047588991	OK	 
REQUEST		request testing	1698047589012	1698047589012	OK	 
REQUEST		request testing	1698047589032	1698047589032	OK	 
REQUEST		request testing	1698047589054	1698047589054	OK	 
REQUEST		request testing	1698047589075	1698047589075	OK	 
REQUEST		request testing	1698047589133	1698047589133	OK	 
REQUEST		request testing	1698047589160	1698047589160	OK	 
REQUEST		request testing	1698047589190	1698047589190	OK	 
REQUEST		request testing	1698047589211	1698047589211	OK	 
REQUEST		request testing	1698047589233	1698047589233	OK	 
REQUEST		request testing	1698047589252	1698047589252	OK	 
REQUEST		request testing	1698047589276	1698047589276	OK	 
REQUEST		request testing	1698047589298	1698047589298	OK	 
REQUEST		request testing	1698047589320	1698047589320	OK	 
REQUEST		request testing	1698047589337	1698047589337	OK	 
REQUEST		request testing	1698047589356	1698047589356	OK	 
REQUEST		request testing	1698047589377	1698047589377	OK	 
REQUEST		request testing	1698047589404	1698047589404	OK	 
REQUEST		request testing	1698047589428	1698047589428	OK	 
REQUEST		request testing	1698047589447	1698047589447	OK	 
REQUEST		request testing	1698047589466	1698047589466	OK	 
REQUEST		request testing	1698047589486	1698047589486	OK	 
REQUEST		request testing	1698047589505	1698047589505	OK	 
REQUEST		request testing	1698047589524	1698047589524	OK	 
REQUEST		request testing	1698047589543	1698047589543	OK	 
REQUEST		request testing	1698047589564	1698047589564	OK	 
REQUEST		request testing	1698047589590	1698047589590	OK	 
REQUEST		request testing	1698047589615	1698047589615	OK	 
REQUEST		request testing	1698047589636	1698047589636	OK	 
REQUEST		request testing	1698047589659	1698047589659	OK	 
REQUEST		request testing	1698047589680	1698047589680	OK	 
REQUEST		request testing	1698047589699	1698047589699	OK	 
REQUEST		request testing	1698047589717	1698047589717	OK	 
REQUEST		request testing	1698047589745	1698047589745	OK	 
REQUEST		request testing	1698047589763	1698047589763	OK	 
REQUEST		request testing	1698047589789	1698047589789	OK	 
REQUEST		request testing	1698047589808	1698047589808	OK	 
REQUEST		request testing	1698047589826	1698047589826	OK	 
REQUEST		request testing	1698047589846	1698047589846	OK	 
REQUEST		request testing	1698047589874	1698047589874	OK	 
REQUEST		request testing	1698047589897	1698047589897	OK	 
REQUEST		request testing	1698047589920	1698047589920	OK	 
REQUEST		request testing	1698047589943	1698047589943	OK	 
REQUEST		request testing	1698047589967	1698047589967	OK	 
REQUEST		request testing	1698047589996	1698047589996	OK	 
REQUEST		request testing	1698047590036	1698047590036	OK	 
REQUEST		request testing	1698047590057	1698047590057	OK	 
REQUEST		request testing	1698047590077	1698047590077	OK	 
REQUEST		request testing	1698047590097	1698047590097	OK	 
REQUEST		request testing	1698047590118	1698047590118	OK	 
REQUEST		request testing	1698047590138	1698047590138	OK	 
REQUEST		request testing	1698047590160	1698047590160	OK	 
REQUEST		request testing	1698047590186	1698047590186	OK	 
REQUEST		request testing	1698047590209	1698047590209	OK	 
REQUEST		request testing	1698047590231	1698047590231	OK	 
REQUEST		request testing	1698047590252	1698047590252	OK	 
REQUEST		request testing	1698047590274	1698047590274	OK	 
REQUEST		request testing	1698047590294	1698047590294	OK	 
REQUEST		request testing	1698047590313	1698047590313	OK	 
REQUEST		request testing	1698047590347	1698047590347	OK	 
REQUEST		request testing	1698047590367	1698047590367	OK	 
REQUEST		request testing	1698047590388	1698047590388	OK	 
REQUEST		request testing	1698047590406	1698047590406	OK	 
REQUEST		request testing	1698047590424	1698047590424	OK	 
REQUEST		request testing	1698047590442	1698047590442	OK	 
REQUEST		request testing	1698047590464	1698047590464	OK	 
REQUEST		request testing	1698047590486	1698047590486	OK	 
REQUEST		request testing	1698047590510	1698047590510	OK	 
REQUEST		request testing	1698047590531	1698047590531	OK	 
REQUEST		request testing	1698047590550	1698047590550	OK	 
REQUEST		request testing	1698047590570	1698047590570	OK	 
REQUEST		request testing	1698047590589	1698047590589	OK	 
REQUEST		request testing	1698047590613	1698047590613	OK	 
REQUEST		request testing	1698047590636	1698047590636	OK	 
REQUEST		request testing	1698047590656	1698047590656	OK	 
REQUEST		request testing	1698047590678	1698047590678	OK	 
REQUEST		request testing	1698047590698	1698047590698	OK	 
REQUEST		request testing	1698047590719	1698047590719	OK	 
REQUEST		request testing	1698047590741	1698047590741	OK	 
REQUEST		request testing	1698047590766	1698047590766	OK	 
REQUEST		request testing	1698047590791	1698047590791	OK	 
REQUEST		request testing	1698047590814	1698047590814	OK	 
REQUEST		request testing	1698047590838	1698047590838	OK	 
REQUEST		request testing	1698047590872	1698047590872	OK	 
REQUEST		request testing	1698047590897	1698047590897	OK	 
REQUEST		request testing	1698047590927	1698047590927	OK	 
REQUEST		request testing	1698047590948	1698047590948	OK	 
REQUEST		request testing	1698047590971	1698047590971	OK	 
REQUEST		request testing	1698047590990	1698047590990	OK	 
REQUEST		request testing	1698047591011	1698047591011	OK	 
REQUEST		request testing	1698047591038	1698047591038	OK	 
REQUEST		request testing	1698047591066	1698047591066	OK	 
REQUEST		request testing	1698047591093	1698047591093	OK	 
REQUEST		request testing	1698047591125	1698047591125	OK	 
REQUEST		request testing	1698047591158	1698047591158	OK	 
REQUEST		request testing	1698047591187	1698047591187	OK	 
REQUEST		request testing	1698047591214	1698047591214	OK	 
REQUEST		request testing	1698047591240	1698047591240	OK	 
REQUEST		request testing	1698047591265	1698047591265	OK	 
REQUEST		request testing	1698047591291	1698047591291	OK	 
REQUEST		request testing	1698047591317	1698047591317	OK	 
REQUEST		request testing	1698047591349	1698047591349	OK	 
REQUEST		request testing	1698047591374	1698047591374	OK	 
REQUEST		request testing	1698047591395	1698047591395	OK	 
REQUEST		request testing	1698047591423	1698047591423	OK	 
REQUEST		request testing	1698047591444	1698047591444	OK	 
REQUEST		request testing	1698047591463	1698047591463	OK	 
REQUEST		request testing	1698047591489	1698047591489	OK	 
REQUEST		request testing	1698047591522	1698047591522	OK	 
REQUEST		request testing	1698047591547	1698047591547	OK	 
REQUEST		request testing	1698047591576	1698047591576	OK	 
REQUEST		request testing	1698047591600	1698047591600	OK	 
REQUEST		request testing	1698047591623	1698047591623	OK	 
REQUEST		request testing	1698047591647	1698047591647	OK	 
REQUEST		request testing	1698047591667	1698047591667	OK	 
REQUEST		request testing	1698047591692	1698047591692	OK	 
REQUEST		request testing	1698047591715	1698047591715	OK	 
REQUEST		request testing	1698047591745	1698047591745	OK	 
REQUEST		request testing	1698047591763	1698047591763	OK	 
REQUEST		request testing	1698047591787	1698047591787	OK	 
REQUEST		request testing	1698047591808	1698047591808	OK	 
REQUEST		request testing	1698047591830	1698047591830	OK	 
REQUEST		request testing	1698047591849	1698047591849	OK	 
REQUEST		request testing	1698047591868	1698047591868	OK	 
REQUEST		request testing	1698047591898	1698047591898	OK	 
REQUEST		request testing	1698047591921	1698047591921	OK	 
REQUEST		request testing	1698047591942	1698047591942	OK	 
REQUEST		request testing	1698047591965	1698047591965	OK	 
REQUEST		request testing	1698047591993	1698047591993	OK	 
REQUEST		request testing	1698047592015	1698047592015	OK	 
REQUEST		request testing	1698047592038	1698047592038	OK	 
REQUEST		request testing	1698047592057	1698047592057	OK	 
REQUEST		request testing	1698047592077	1698047592077	OK	 
REQUEST		request testing	1698047592102	1698047592102	OK	 
REQUEST		request testing	1698047592130	1698047592130	OK	 
REQUEST		request testing	1698047592151	1698047592151	OK	 
REQUEST		request testing	1698047592172	1698047592172	OK	 
REQUEST		request testing	1698047592195	1698047592195	OK	 
REQUEST		request testing	1698047592229	1698047592229	OK	 
REQUEST		request testing	1698047592255	1698047592255	OK	 
REQUEST		request testing	1698047592277	1698047592277	OK	 
REQUEST		request testing	1698047592298	1698047592298	OK	 
REQUEST		request testing	1698047592317	1698047592317	OK	 
REQUEST		request testing	1698047592358	1698047592358	OK	 
REQUEST		request testing	1698047592380	1698047592380	OK	 
REQUEST		request testing	1698047592400	1698047592400	OK	 
REQUEST		request testing	1698047592418	1698047592418	OK	 
REQUEST		request testing	1698047592437	1698047592437	OK	 
REQUEST		request testing	1698047592457	1698047592457	OK	 
REQUEST		request testing	1698047592486	1698047592486	OK	 
REQUEST		request testing	1698047592517	1698047592517	OK	 
REQUEST		request testing	1698047592546	1698047592546	OK	 
REQUEST		request testing	1698047592576	1698047592576	OK	 
REQUEST		request testing	1698047592596	1698047592596	OK	 
REQUEST		request testing	1698047592615	1698047592615	OK	 
REQUEST		request testing	1698047592636	1698047592636	OK	 
REQUEST		request testing	1698047592658	1698047592658	OK	 
REQUEST		request testing	1698047592684	1698047592684	OK	 
REQUEST		request testing	1698047592718	1698047592718	OK	 
REQUEST		request testing	1698047592759	1698047592759	OK	 
REQUEST		request testing	1698047592786	1698047592786	OK	 
REQUEST		request testing	1698047592818	1698047592818	OK	 
REQUEST		request testing	1698047592836	1698047592836	OK	 
REQUEST		request testing	1698047592858	1698047592858	OK	 
REQUEST		request testing	1698047592880	1698047592880	OK	 
REQUEST		request testing	1698047592900	1698047592900	OK	 
REQUEST		request testing	1698047592921	1698047592921	OK	 
REQUEST		request testing	1698047592939	1698047592939	OK	 
REQUEST		request testing	1698047592971	1698047592971	OK	 
REQUEST		request testing	1698047592990	1698047592990	OK	 
REQUEST		request testing	1698047593010	1698047593010	OK	 
REQUEST		request testing	1698047593029	1698047593029	OK	 
REQUEST		request testing	1698047593051	1698047593051	OK	 
REQUEST		request testing	1698047593069	1698047593069	OK	 
REQUEST		request testing	1698047593086	1698047593086	OK	 
REQUEST		request testing	1698047593105	1698047593105	OK	 
REQUEST		request testing	1698047593123	1698047593123	OK	 
REQUEST		request testing	1698047593141	1698047593141	OK	 
REQUEST		request testing	1698047593164	1698047593164	OK	 
REQUEST		request testing	1698047593191	1698047593191	OK	 
REQUEST		request testing	1698047593215	1698047593215	OK	 
REQUEST		request testing	1698047593241	1698047593241	OK	 
REQUEST		request testing	1698047593263	1698047593263	OK	 
REQUEST		request testing	1698047593293	1698047593293	OK	 
REQUEST		request testing	1698047593312	1698047593312	OK	 
REQUEST		request testing	1698047593336	1698047593336	OK	 
REQUEST		request testing	1698047593357	1698047593357	OK	 
REQUEST		request testing	1698047593376	1698047593376	OK	 
REQUEST		request testing	1698047593394	1698047593394	OK	 
REQUEST		request testing	1698047593415	1698047593415	OK	 
REQUEST		request testing	1698047593435	1698047593435	OK	 
REQUEST		request testing	1698047593455	1698047593455	OK	 
REQUEST		request testing	1698047593474	1698047593474	OK	 
REQUEST		request testing	1698047593500	1698047593500	OK	 
REQUEST		request testing	1698047593521	1698047593521	OK	 
REQUEST		request testing	1698047593541	1698047593541	OK	 
REQUEST		request testing	1698047593563	1698047593563	OK	 
REQUEST		request testing	1698047593586	1698047593586	OK	 
REQUEST		request testing	1698047593605	1698047593605	OK	 
REQUEST		request testing	1698047593632	1698047593632	OK	 
REQUEST		request testing	1698047593666	1698047593666	OK	 
REQUEST		request testing	1698047593689	1698047593689	OK	 
REQUEST		request testing	1698047593712	1698047593712	OK	 
REQUEST		request testing	1698047593739	1698047593739	OK	 
REQUEST		request testing	1698047593760	1698047593760	OK	 
REQUEST		request testing	1698047593787	1698047593787	OK	 
REQUEST		request testing	1698047593813	1698047593813	OK	 
REQUEST		request testing	1698047593844	1698047593844	OK	 
REQUEST		request testing	1698047593888	1698047593888	OK	 
REQUEST		request testing	1698047593911	1698047593911	OK	 
REQUEST		request testing	1698047593929	1698047593929	OK	 
REQUEST		request testing	1698047593947	1698047593947	OK	 
REQUEST		request testing	1698047593967	1698047593967	OK	 
REQUEST		request testing	1698047593986	1698047593986	OK	 
REQUEST		request testing	1698047594008	1698047594008	OK	 
REQUEST		request testing	1698047594026	1698047594026	OK	 
REQUEST		request testing	1698047594048	1698047594048	OK	 
REQUEST		request testing	1698047594071	1698047594071	OK	 
REQUEST		request testing	1698047594101	1698047594101	OK	 
REQUEST		request testing	1698047594158	1698047594158	OK	 
REQUEST		request testing	1698047594180	1698047594180	OK	 
REQUEST		request testing	1698047594200	1698047594200	OK	 
REQUEST		request testing	1698047594222	1698047594222	OK	 
REQUEST		request testing	1698047594241	1698047594241	OK	 
REQUEST		request testing	1698047594260	1698047594260	OK	 
REQUEST		request testing	1698047594281	1698047594281	OK	 
REQUEST		request testing	1698047594301	1698047594301	OK	 
REQUEST		request testing	1698047594318	1698047594318	OK	 
REQUEST		request testing	1698047594337	1698047594337	OK	 
REQUEST		request testing	1698047594356	1698047594356	OK	 
REQUEST		request testing	1698047594376	1698047594376	OK	 
REQUEST		request testing	1698047594400	1698047594400	OK	 
REQUEST		request testing	1698047594420	1698047594420	OK	 
REQUEST		request testing	1698047594445	1698047594445	OK	 
REQUEST		request testing	1698047594467	1698047594467	OK	 
REQUEST		request testing	1698047594504	1698047594504	OK	 
REQUEST		request testing	1698047594524	1698047594524	OK	 
REQUEST		request testing	1698047594544	1698047594544	OK	 
REQUEST		request testing	1698047594563	1698047594563	OK	 
REQUEST		request testing	1698047594581	1698047594581	OK	 
REQUEST		request testing	1698047594600	1698047594600	OK	 
REQUEST		request testing	1698047594621	1698047594621	OK	 
REQUEST		request testing	1698047594644	1698047594644	OK	 
REQUEST		request testing	1698047594668	1698047594668	OK	 
REQUEST		request testing	1698047594700	1698047594700	OK	 
REQUEST		request testing	1698047594733	1698047594733	OK	 
REQUEST		request testing	1698047594760	1698047594760	OK	 
REQUEST		request testing	1698047594782	1698047594782	OK	 
REQUEST		request testing	1698047594802	1698047594802	OK	 
REQUEST		request testing	1698047594823	1698047594823	OK	 
REQUEST		request testing	1698047594848	1698047594848	OK	 
REQUEST		request testing	1698047594897	1698047594897	OK	 
REQUEST		request testing	1698047594917	1698047594917	OK	 
REQUEST		request testing	1698047594941	1698047594941	OK	 
REQUEST		request testing	1698047594961	1698047594961	OK	 
REQUEST		request testing	1698047594983	1698047594983	OK	 
REQUEST		request testing	1698047595018	1698047595018	OK	 
REQUEST		request testing	1698047595048	1698047595048	OK	 
REQUEST		request testing	1698047595079	1698047595079	OK	 
REQUEST		request testing	1698047595096	1698047595096	OK	 
REQUEST		request testing	1698047595114	1698047595114	OK	 
REQUEST		request testing	1698047595132	1698047595132	OK	 
REQUEST		request testing	1698047595160	1698047595160	OK	 
REQUEST		request testing	1698047595192	1698047595192	OK	 
REQUEST		request testing	1698047595217	1698047595217	OK	 
REQUEST		request testing	1698047595242	1698047595242	OK	 
REQUEST		request testing	1698047595263	1698047595263	OK	 
REQUEST		request testing	1698047595282	1698047595282	OK	 
REQUEST		request testing	1698047595301	1698047595301	OK	 
REQUEST		request testing	1698047595331	1698047595331	OK	 
REQUEST		request testing	1698047595350	1698047595350	OK	 
REQUEST		request testing	1698047595373	1698047595373	OK	 
REQUEST		request testing	1698047595392	1698047595392	OK	 
REQUEST		request testing	1698047595415	1698047595415	OK	 
REQUEST		request testing	1698047595433	1698047595433	OK	 
REQUEST		request testing	1698047595455	1698047595455	OK	 
REQUEST		request testing	1698047595473	1698047595473	OK	 
REQUEST		request testing	1698047595497	1698047595497	OK	 
REQUEST		request testing	1698047595514	1698047595514	OK	 
REQUEST		request testing	1698047595533	1698047595533	OK	 
REQUEST		request testing	1698047595551	1698047595551	OK	 
REQUEST		request testing	1698047595576	1698047595576	OK	 
REQUEST		request testing	1698047595602	1698047595602	OK	 
REQUEST		request testing	1698047595623	1698047595623	OK	 
REQUEST		request testing	1698047595643	1698047595643	OK	 
REQUEST		request testing	1698047595683	1698047595683	OK	 
REQUEST		request testing	1698047595706	1698047595706	OK	 
REQUEST		request testing	1698047595725	1698047595725	OK	 
REQUEST		request testing	1698047595751	1698047595751	OK	 
REQUEST		request testing	1698047595782	1698047595782	OK	 
REQUEST		request testing	1698047595802	1698047595802	OK	 
REQUEST		request testing	1698047595821	1698047595821	OK	 
REQUEST		request testing	1698047595840	1698047595840	OK	 
REQUEST		request testing	1698047595863	1698047595863	OK	 
REQUEST		request testing	1698047595883	1698047595883	OK	 
REQUEST		request testing	1698047595911	1698047595911	OK	 
REQUEST		request testing	1698047595932	1698047595932	OK	 
REQUEST		request testing	1698047595957	1698047595957	OK	 
REQUEST		request testing	1698047595977	1698047595977	OK	 
REQUEST		request testing	1698047595996	1698047595996	OK	 
REQUEST		request testing	1698047596016	1698047596016	OK	 
REQUEST		request testing	1698047596040	1698047596040	OK	 
REQUEST		request testing	1698047596058	1698047596058	OK	 
REQUEST		request testing	1698047596078	1698047596078	OK	 
REQUEST		request testing	1698047596098	1698047596098	OK	 
REQUEST		request testing	1698047596119	1698047596119	OK	 
REQUEST		request testing	1698047596139	1698047596139	OK	 
REQUEST		request testing	1698047596156	1698047596156	OK	 
REQUEST		request testing	1698047596175	1698047596175	OK	 
REQUEST		request testing	1698047596196	1698047596196	OK	 
REQUEST		request testing	1698047596215	1698047596215	OK	 
REQUEST		request testing	1698047596234	1698047596234	OK	 
REQUEST		request testing	1698047596253	1698047596253	OK	 
REQUEST		request testing	1698047596280	1698047596280	OK	 
REQUEST		request testing	1698047596300	1698047596300	OK	 
REQUEST		request testing	1698047596342	1698047596342	OK	 
REQUEST		request testing	1698047596361	1698047596361	OK	 
REQUEST		request testing	1698047596381	1698047596381	OK	 
REQUEST		request testing	1698047596398	1698047596398	OK	 
REQUEST		request testing	1698047596423	1698047596423	OK	 
REQUEST		request testing	1698047596448	1698047596448	OK	 
REQUEST		request testing	1698047596476	1698047596476	OK	 
REQUEST		request testing	1698047596496	1698047596496	OK	 
REQUEST		request testing	1698047596518	1698047596518	OK	 
REQUEST		request testing	1698047596539	1698047596539	OK	 
REQUEST		request testing	1698047596558	1698047596558	OK	 
REQUEST		request testing	1698047596576	1698047596576	OK	 
REQUEST		request testing	1698047596594	1698047596594	OK	 
REQUEST		request testing	1698047596614	1698047596614	OK	 
REQUEST		request testing	1698047596632	1698047596632	OK	 
REQUEST		request testing	1698047596650	1698047596650	OK	 
REQUEST		request testing	1698047596667	1698047596667	OK	 
REQUEST		request testing	1698047596689	1698047596689	OK	 
REQUEST		request testing	1698047596715	1698047596715	OK	 
REQUEST		request testing	1698047596733	1698047596733	OK	 
REQUEST		request testing	1698047596751	1698047596751	OK	 
REQUEST		request testing	1698047596770	1698047596770	OK	 
REQUEST		request testing	1698047596791	1698047596791	OK	 
REQUEST		request testing	1698047596811	1698047596811	OK	 
REQUEST		request testing	1698047596832	1698047596832	OK	 
REQUEST		request testing	1698047596857	1698047596857	OK	 
REQUEST		request testing	1698047596885	1698047596885	OK	 
REQUEST		request testing	1698047596903	1698047596903	OK	 
REQUEST		request testing	1698047596928	1698047596928	OK	 
REQUEST		request testing	1698047596947	1698047596947	OK	 
REQUEST		request testing	1698047596971	1698047596971	OK	 
REQUEST		request testing	1698047596994	1698047596994	OK	 
REQUEST		request testing	1698047597019	1698047597019	OK	 
REQUEST		request testing	1698047597042	1698047597042	OK	 
REQUEST		request testing	1698047597069	1698047597069	OK	 
REQUEST		request testing	1698047597089	1698047597089	OK	 
REQUEST		request testing	1698047597110	1698047597110	OK	 
REQUEST		request testing	1698047597139	1698047597139	OK	 
REQUEST		request testing	1698047597163	1698047597163	OK	 
REQUEST		request testing	1698047597183	1698047597183	OK	 
REQUEST		request testing	1698047597204	1698047597204	OK	 
REQUEST		request testing	1698047597222	1698047597222	OK	 
REQUEST		request testing	1698047597240	1698047597240	OK	 
REQUEST		request testing	1698047597258	1698047597258	OK	 
REQUEST		request testing	1698047597277	1698047597277	OK	 
REQUEST		request testing	1698047597297	1698047597297	OK	 
REQUEST		request testing	1698047597324	1698047597324	OK	 
REQUEST		request testing	1698047597344	1698047597344	OK	 
REQUEST		request testing	1698047597367	1698047597367	OK	 
REQUEST		request testing	1698047597387	1698047597387	OK	 
REQUEST		request testing	1698047597406	1698047597406	OK	 
REQUEST		request testing	1698047597424	1698047597424	OK	 
REQUEST		request testing	1698047597443	1698047597443	OK	 
REQUEST		request testing	1698047597465	1698047597465	OK	 
REQUEST		request testing	1698047597488	1698047597488	OK	 
REQUEST		request testing	1698047597507	1698047597507	OK	 
REQUEST		request testing	1698047597525	1698047597525	OK	 
REQUEST		request testing	1698047597544	1698047597544	OK	 
REQUEST		request testing	1698047597571	1698047597571	OK	 
REQUEST		request testing	1698047597592	1698047597592	OK	 
REQUEST		request testing	1698047597614	1698047597614	OK	 
REQUEST		request testing	1698047597635	1698047597635	OK	 
REQUEST		request testing	1698047597663	1698047597663	OK	 
REQUEST		request testing	1698047597681	1698047597681	OK	 
REQUEST		request testing	1698047597702	1698047597702	OK	 
REQUEST		request testing	1698047597722	1698047597722	OK	 
REQUEST		request testing	1698047597747	1698047597747	OK	 
REQUEST		request testing	1698047597766	1698047597766	OK	 
REQUEST		request testing	1698047597787	1698047597787	OK	 
REQUEST		request testing	1698047597807	1698047597807	OK	 
REQUEST		request testing	1698047597826	1698047597826	OK	 
REQUEST		request testing	1698047597844	1698047597844	OK	 
REQUEST		request testing	1698047597864	1698047597864	OK	 
REQUEST		request testing	1698047597887	1698047597887	OK	 
REQUEST		request testing	1698047597910	1698047597910	OK	 
REQUEST		request testing	1698047597930	1698047597930	OK	 
REQUEST		request testing	1698047597951	1698047597951	OK	 
REQUEST		request testing	1698047597972	1698047597972	OK	 
REQUEST		request testing	1698047597996	1698047597996	OK	 
REQUEST		request testing	1698047598017	1698047598017	OK	 
REQUEST		request testing	1698047598036	1698047598036	OK	 
REQUEST		request testing	1698047598056	1698047598056	OK	 
REQUEST		request testing	1698047598082	1698047598082	OK	 
REQUEST		request testing	1698047598105	1698047598105	OK	 
REQUEST		request testing	1698047598129	1698047598129	OK	 
REQUEST		request testing	1698047598155	1698047598155	OK	 
REQUEST		request testing	1698047598186	1698047598186	OK	 
REQUEST		request testing	1698047598207	1698047598207	OK	 
REQUEST		request testing	1698047598225	1698047598225	OK	 
REQUEST		request testing	1698047598247	1698047598247	OK	 
REQUEST		request testing	1698047598286	1698047598286	OK	 
REQUEST		request testing	1698047598303	1698047598303	OK	 
REQUEST		request testing	1698047598322	1698047598322	OK	 
REQUEST		request testing	1698047598340	1698047598340	OK	 
REQUEST		request testing	1698047598360	1698047598360	OK	 
REQUEST		request testing	1698047598387	1698047598387	OK	 
REQUEST		request testing	1698047598407	1698047598407	OK	 
REQUEST		request testing	1698047598427	1698047598427	OK	 
REQUEST		request testing	1698047598466	1698047598466	OK	 
REQUEST		request testing	1698047598485	1698047598485	OK	 
REQUEST		request testing	1698047598505	1698047598505	OK	 
REQUEST		request testing	1698047598523	1698047598523	OK	 
REQUEST		request testing	1698047598544	1698047598544	OK	 
REQUEST		request testing	1698047598562	1698047598562	OK	 
REQUEST		request testing	1698047598579	1698047598579	OK	 
REQUEST		request testing	1698047598602	1698047598602	OK	 
REQUEST		request testing	1698047598622	1698047598622	OK	 
REQUEST		request testing	1698047598643	1698047598643	OK	 
REQUEST		request testing	1698047598662	1698047598662	OK	 
REQUEST		request testing	1698047598683	1698047598683	OK	 
REQUEST		request testing	1698047598706	1698047598706	OK	 
REQUEST		request testing	1698047598728	1698047598728	OK	 
REQUEST		request testing	1698047598754	1698047598754	OK	 
REQUEST		request testing	1698047598774	1698047598774	OK	 
REQUEST		request testing	1698047598794	1698047598794	OK	 
REQUEST		request testing	1698047598816	1698047598816	OK	 
REQUEST		request testing	1698047598838	1698047598838	OK	 
REQUEST		request testing	1698047598861	1698047598861	OK	 
REQUEST		request testing	1698047598884	1698047598884	OK	 
REQUEST		request testing	1698047598907	1698047598907	OK	 
REQUEST		request testing	1698047598928	1698047598928	OK	 
REQUEST		request testing	1698047598947	1698047598947	OK	 
REQUEST		request testing	1698047598970	1698047598970	OK	 
REQUEST		request testing	1698047598991	1698047598991	OK	 
REQUEST		request testing	1698047599011	1698047599011	OK	 
REQUEST		request testing	1698047599038	1698047599038	OK	 
REQUEST		request testing	1698047599061	1698047599061	OK	 
REQUEST		request testing	1698047599081	1698047599081	OK	 
REQUEST		request testing	1698047599101	1698047599101	OK	 
REQUEST		request testing	1698047599126	1698047599126	OK	 
REQUEST		request testing	1698047599161	1698047599161	OK	 
REQUEST		request testing	1698047599180	1698047599180	OK	 
REQUEST		request testing	1698047599200	1698047599200	OK	 
REQUEST		request testing	1698047599223	1698047599223	OK	 
REQUEST		request testing	1698047599250	1698047599250	OK	 
REQUEST		request testing	1698047599270	1698047599270	OK	 
REQUEST		request testing	1698047599301	1698047599301	OK	 
REQUEST		request testing	1698047599325	1698047599325	OK	 
REQUEST		request testing	1698047599350	1698047599350	OK	 
REQUEST		request testing	1698047599373	1698047599373	OK	 
REQUEST		request testing	1698047599394	1698047599394	OK	 
REQUEST		request testing	1698047599413	1698047599413	OK	 
REQUEST		request testing	1698047599434	1698047599434	OK	 
REQUEST		request testing	1698047599455	1698047599455	OK	 
REQUEST		request testing	1698047599476	1698047599476	OK	 
REQUEST		request testing	1698047599511	1698047599511	OK	 
REQUEST		request testing	1698047599534	1698047599534	OK	 
REQUEST		request testing	1698047599556	1698047599556	OK	 
REQUEST		request testing	1698047599575	1698047599575	OK	 
REQUEST		request testing	1698047599593	1698047599593	OK	 
REQUEST		request testing	1698047599612	1698047599612	OK	 
REQUEST		request testing	1698047599629	1698047599629	OK	 
REQUEST		request testing	1698047599649	1698047599649	OK	 
REQUEST		request testing	1698047599667	1698047599667	OK	 
REQUEST		request testing	1698047599686	1698047599686	OK	 
REQUEST		request testing	1698047599703	1698047599703	OK	 
REQUEST		request testing	1698047599723	1698047599723	OK	 
REQUEST		request testing	1698047599741	1698047599741	OK	 
REQUEST		request testing	1698047599777	1698047599777	OK	 
REQUEST		request testing	1698047599798	1698047599798	OK	 
REQUEST		request testing	1698047599819	1698047599819	OK	 
REQUEST		request testing	1698047599838	1698047599838	OK	 
REQUEST		request testing	1698047599860	1698047599860	OK	 
REQUEST		request testing	1698047599880	1698047599880	OK	 
REQUEST		request testing	1698047599898	1698047599898	OK	 
REQUEST		request testing	1698047599920	1698047599920	OK	 
REQUEST		request testing	1698047599940	1698047599940	OK	 
REQUEST		request testing	1698047599957	1698047599957	OK	 
REQUEST		request testing	1698047599976	1698047599976	OK	 
REQUEST		request testing	1698047600000	1698047600000	OK	 
REQUEST		request testing	1698047600020	1698047600020	OK	 
REQUEST		request testing	1698047600041	1698047600041	OK	 
REQUEST		request testing	1698047600060	1698047600060	OK	 
REQUEST		request testing	1698047600081	1698047600081	OK	 
REQUEST		request testing	1698047600101	1698047600101	OK	 
REQUEST		request testing	1698047600122	1698047600122	OK	 
REQUEST		request testing	1698047600143	1698047600143	OK	 
REQUEST		request testing	1698047600169	1698047600169	OK	 
REQUEST		request testing	1698047600193	1698047600193	OK	 
REQUEST		request testing	1698047600212	1698047600212	OK	 
REQUEST		request testing	1698047600233	1698047600233	OK	 
REQUEST		request testing	1698047600257	1698047600257	OK	 
REQUEST		request testing	1698047600279	1698047600279	OK	 
REQUEST		request testing	1698047600298	1698047600298	OK	 
REQUEST		request testing	1698047600318	1698047600318	OK	 
REQUEST		request testing	1698047600341	1698047600341	OK	 
REQUEST		request testing	1698047600365	1698047600365	OK	 
REQUEST		request testing	1698047600391	1698047600391	OK	 
REQUEST		request testing	1698047600411	1698047600411	OK	 
REQUEST		request testing	1698047600432	1698047600432	OK	 
REQUEST		request testing	1698047600458	1698047600458	OK	 
REQUEST		request testing	1698047600477	1698047600477	OK	 
REQUEST		request testing	1698047600497	1698047600497	OK	 
REQUEST		request testing	1698047600516	1698047600516	OK	 
REQUEST		request testing	1698047600538	1698047600538	OK	 
REQUEST		request testing	1698047600555	1698047600555	OK	 
REQUEST		request testing	1698047600573	1698047600573	OK	 
REQUEST		request testing	1698047600591	1698047600591	OK	 
REQUEST		request testing	1698047600611	1698047600611	OK	 
REQUEST		request testing	1698047600630	1698047600630	OK	 
REQUEST		request testing	1698047600649	1698047600649	OK	 
REQUEST		request testing	1698047600667	1698047600667	OK	 
REQUEST		request testing	1698047600697	1698047600697	OK	 
REQUEST		request testing	1698047600722	1698047600722	OK	 
REQUEST		request testing	1698047600743	1698047600743	OK	 
REQUEST		request testing	1698047600767	1698047600767	OK	 
REQUEST		request testing	1698047600788	1698047600788	OK	 
REQUEST		request testing	1698047600805	1698047600805	OK	 
REQUEST		request testing	1698047600824	1698047600824	OK	 
REQUEST		request testing	1698047600843	1698047600843	OK	 
REQUEST		request testing	1698047600862	1698047600862	OK	 
REQUEST		request testing	1698047600882	1698047600882	OK	 
REQUEST		request testing	1698047600901	1698047600901	OK	 
REQUEST		request testing	1698047600923	1698047600923	OK	 
REQUEST		request testing	1698047600944	1698047600944	OK	 
REQUEST		request testing	1698047600962	1698047600962	OK	 
REQUEST		request testing	1698047600982	1698047600982	OK	 
REQUEST		request testing	1698047601003	1698047601003	OK	 
REQUEST		request testing	1698047601026	1698047601026	OK	 
REQUEST		request testing	1698047601047	1698047601047	OK	 
REQUEST		request testing	1698047601069	1698047601069	OK	 
REQUEST		request testing	1698047601089	1698047601089	OK	 
REQUEST		request testing	1698047601110	1698047601110	OK	 
REQUEST		request testing	1698047601137	1698047601137	OK	 
REQUEST		request testing	1698047601158	1698047601158	OK	 
REQUEST		request testing	1698047601184	1698047601184	OK	 
REQUEST		request testing	1698047601205	1698047601205	OK	 
REQUEST		request testing	1698047601225	1698047601225	OK	 
REQUEST		request testing	1698047601248	1698047601248	OK	 
REQUEST		request testing	1698047601269	1698047601269	OK	 
REQUEST		request testing	1698047601294	1698047601294	OK	 
REQUEST		request testing	1698047601315	1698047601315	OK	 
REQUEST		request testing	1698047601336	1698047601336	OK	 
REQUEST		request testing	1698047601359	1698047601359	OK	 
REQUEST		request testing	1698047601382	1698047601382	OK	 
REQUEST		request testing	1698047601402	1698047601402	OK	 
REQUEST		request testing	1698047601423	1698047601423	OK	 
REQUEST		request testing	1698047601442	1698047601442	OK	 
REQUEST		request testing	1698047601465	1698047601465	OK	 
REQUEST		request testing	1698047601485	1698047601485	OK	 
REQUEST		request testing	1698047601507	1698047601507	OK	 
REQUEST		request testing	1698047601527	1698047601527	OK	 
REQUEST		request testing	1698047601561	1698047601561	OK	 
REQUEST		request testing	1698047601579	1698047601579	OK	 
REQUEST		request testing	1698047601598	1698047601598	OK	 
REQUEST		request testing	1698047601620	1698047601620	OK	 
REQUEST		request testing	1698047601652	1698047601652	OK	 
REQUEST		request testing	1698047601670	1698047601670	OK	 
REQUEST		request testing	1698047601690	1698047601690	OK	 
REQUEST		request testing	1698047601708	1698047601708	OK	 
REQUEST		request testing	1698047601734	1698047601734	OK	 
REQUEST		request testing	1698047601751	1698047601751	OK	 
REQUEST		request testing	1698047601770	1698047601770	OK	 
REQUEST		request testing	1698047601792	1698047601792	OK	 
REQUEST		request testing	1698047601813	1698047601813	OK	 
REQUEST		request testing	1698047601832	1698047601832	OK	 
REQUEST		request testing	1698047601854	1698047601854	OK	 
REQUEST		request testing	1698047601875	1698047601875	OK	 
REQUEST		request testing	1698047601895	1698047601895	OK	 
REQUEST		request testing	1698047601912	1698047601912	OK	 
REQUEST		request testing	1698047601931	1698047601931	OK	 
REQUEST		request testing	1698047601948	1698047601948	OK	 
REQUEST		request testing	1698047601973	1698047601973	OK	 
REQUEST		request testing	1698047601991	1698047601991	OK	 
REQUEST		request testing	1698047602012	1698047602012	OK	 
REQUEST		request testing	1698047602033	1698047602033	OK	 
REQUEST		request testing	1698047602055	1698047602055	OK	 
REQUEST		request testing	1698047602077	1698047602077	OK	 
REQUEST		request testing	1698047602097	1698047602097	OK	 
REQUEST		request testing	1698047602119	1698047602119	OK	 
REQUEST		request testing	1698047602142	1698047602142	OK	 
REQUEST		request testing	1698047602166	1698047602166	OK	 
REQUEST		request testing	1698047602186	1698047602186	OK	 
REQUEST		request testing	1698047602205	1698047602205	OK	 
REQUEST		request testing	1698047602224	1698047602224	OK	 
REQUEST		request testing	1698047602242	1698047602242	OK	 
REQUEST		request testing	1698047602261	1698047602261	OK	 
REQUEST		request testing	1698047602283	1698047602283	OK	 
REQUEST		request testing	1698047602537	1698047602537	OK	 
REQUEST		request testing	1698047602558	1698047602558	OK	 
REQUEST		request testing	1698047602579	1698047602579	OK	 
REQUEST		request testing	1698047602618	1698047602618	OK	 
REQUEST		request testing	1698047602642	1698047602642	OK	 
REQUEST		request testing	1698047602666	1698047602666	OK	 
REQUEST		request testing	1698047602690	1698047602690	OK	 
REQUEST		request testing	1698047602727	1698047602727	OK	 
REQUEST		request testing	1698047602747	1698047602747	OK	 
REQUEST		request testing	1698047602768	1698047602768	OK	 
REQUEST		request testing	1698047602787	1698047602787	OK	 
REQUEST		request testing	1698047602807	1698047602807	OK	 
REQUEST		request testing	1698047602830	1698047602830	OK	 
REQUEST		request testing	1698047602851	1698047602851	OK	 
REQUEST		request testing	1698047602870	1698047602870	OK	 
REQUEST		request testing	1698047602887	1698047602887	OK	 
REQUEST		request testing	1698047602918	1698047602918	OK	 
REQUEST		request testing	1698047602937	1698047602937	OK	 
REQUEST		request testing	1698047602954	1698047602954	OK	 
REQUEST		request testing	1698047602976	1698047602976	OK	 
REQUEST		request testing	1698047603004	1698047603004	OK	 
REQUEST		request testing	1698047603024	1698047603024	OK	 
REQUEST		request testing	1698047603045	1698047603045	OK	 
REQUEST		request testing	1698047603064	1698047603064	OK	 
REQUEST		request testing	1698047603086	1698047603086	OK	 
REQUEST		request testing	1698047603105	1698047603105	OK	 
REQUEST		request testing	1698047603126	1698047603126	OK	 
REQUEST		request testing	1698047603148	1698047603148	OK	 
REQUEST		request testing	1698047603170	1698047603170	OK	 
REQUEST		request testing	1698047603189	1698047603189	OK	 
REQUEST		request testing	1698047603210	1698047603210	OK	 
REQUEST		request testing	1698047603229	1698047603229	OK	 
REQUEST		request testing	1698047603249	1698047603249	OK	 
REQUEST		request testing	1698047603267	1698047603267	OK	 
REQUEST		request testing	1698047603288	1698047603288	OK	 
REQUEST		request testing	1698047603308	1698047603308	OK	 
REQUEST		request testing	1698047603332	1698047603332	OK	 
REQUEST		request testing	1698047603352	1698047603352	OK	 
REQUEST		request testing	1698047603373	1698047603373	OK	 
REQUEST		request testing	1698047603392	1698047603392	OK	 
REQUEST		request testing	1698047603422	1698047603422	OK	 
REQUEST		request testing	1698047603441	1698047603441	OK	 
REQUEST		request testing	1698047603460	1698047603460	OK	 
REQUEST		request testing	1698047603478	1698047603478	OK	 
REQUEST		request testing	1698047603518	1698047603518	OK	 
REQUEST		request testing	1698047603541	1698047603541	OK	 
REQUEST		request testing	1698047603565	1698047603565	OK	 
REQUEST		request testing	1698047603592	1698047603592	OK	 
REQUEST		request testing	1698047603614	1698047603614	OK	 
REQUEST		request testing	1698047603636	1698047603636	OK	 
REQUEST		request testing	1698047603661	1698047603661	OK	 
REQUEST		request testing	1698047603683	1698047603683	OK	 
REQUEST		request testing	1698047603714	1698047603714	OK	 
REQUEST		request testing	1698047603735	1698047603735	OK	 
REQUEST		request testing	1698047603757	1698047603757	OK	 
REQUEST		request testing	1698047603781	1698047603781	OK	 
REQUEST		request testing	1698047603809	1698047603809	OK	 
REQUEST		request testing	1698047603829	1698047603829	OK	 
REQUEST		request testing	1698047603849	1698047603849	OK	 
REQUEST		request testing	1698047603875	1698047603875	OK	 
REQUEST		request testing	1698047603906	1698047603906	OK	 
REQUEST		request testing	1698047603936	1698047603936	OK	 
REQUEST		request testing	1698047603954	1698047603954	OK	 
REQUEST		request testing	1698047603980	1698047603980	OK	 
REQUEST		request testing	1698047604040	1698047604040	OK	 
REQUEST		request testing	1698047604068	1698047604068	OK	 
REQUEST		request testing	1698047604088	1698047604088	OK	 
REQUEST		request testing	1698047604192	1698047604192	OK	 
REQUEST		request testing	1698047604218	1698047604218	OK	 
REQUEST		request testing	1698047604236	1698047604236	OK	 
REQUEST		request testing	1698047604257	1698047604257	OK	 
REQUEST		request testing	1698047604276	1698047604276	OK	 
REQUEST		request testing	1698047604295	1698047604295	OK	 
REQUEST		request testing	1698047604313	1698047604313	OK	 
REQUEST		request testing	1698047604331	1698047604331	OK	 
REQUEST		request testing	1698047604351	1698047604351	OK	 
REQUEST		request testing	1698047604369	1698047604369	OK	 
REQUEST		request testing	1698047604390	1698047604390	OK	 
REQUEST		request testing	1698047604413	1698047604413	OK	 
REQUEST		request testing	1698047604435	1698047604435	OK	 
REQUEST		request testing	1698047604457	1698047604457	OK	 
REQUEST		request testing	1698047604477	1698047604477	OK	 
REQUEST		request testing	1698047604496	1698047604496	OK	 
REQUEST		request testing	1698047604516	1698047604516	OK	 
REQUEST		request testing	1698047604545	1698047604545	OK	 
REQUEST		request testing	1698047604564	1698047604564	OK	 
REQUEST		request testing	1698047604614	1698047604614	OK	 
REQUEST		request testing	1698047604649	1698047604649	OK	 
REQUEST		request testing	1698047604676	1698047604676	OK	 
REQUEST		request testing	1698047604704	1698047604704	OK	 
REQUEST		request testing	1698047604746	1698047604746	OK	 
REQUEST		request testing	1698047604770	1698047604770	OK	 
REQUEST		request testing	1698047604792	1698047604792	OK	 
REQUEST		request testing	1698047604811	1698047604811	OK	 
REQUEST		request testing	1698047604830	1698047604830	OK	 
REQUEST		request testing	1698047604850	1698047604850	OK	 
REQUEST		request testing	1698047604871	1698047604871	OK	 
REQUEST		request testing	1698047604890	1698047604890	OK	 
REQUEST		request testing	1698047604910	1698047604910	OK	 
REQUEST		request testing	1698047604930	1698047604930	OK	 
REQUEST		request testing	1698047604954	1698047604954	OK	 
REQUEST		request testing	1698047604977	1698047604977	OK	 
REQUEST		request testing	1698047605003	1698047605003	OK	 
REQUEST		request testing	1698047605027	1698047605027	OK	 
REQUEST		request testing	1698047605050	1698047605050	OK	 
REQUEST		request testing	1698047605076	1698047605076	OK	 
REQUEST		request testing	1698047605094	1698047605094	OK	 
REQUEST		request testing	1698047605117	1698047605117	OK	 
REQUEST		request testing	1698047605135	1698047605135	OK	 
REQUEST		request testing	1698047605152	1698047605152	OK	 
REQUEST		request testing	1698047605186	1698047605186	OK	 
REQUEST		request testing	1698047605205	1698047605205	OK	 
REQUEST		request testing	1698047605231	1698047605231	OK	 
REQUEST		request testing	1698047605248	1698047605248	OK	 
REQUEST		request testing	1698047605272	1698047605272	OK	 
REQUEST		request testing	1698047605295	1698047605295	OK	 
REQUEST		request testing	1698047605316	1698047605316	OK	 
REQUEST		request testing	1698047605336	1698047605336	OK	 
REQUEST		request testing	1698047605360	1698047605360	OK	 
REQUEST		request testing	1698047605379	1698047605379	OK	 
REQUEST		request testing	1698047605416	1698047605416	OK	 
REQUEST		request testing	1698047605434	1698047605434	OK	 
REQUEST		request testing	1698047605456	1698047605456	OK	 
REQUEST		request testing	1698047605484	1698047605484	OK	 
REQUEST		request testing	1698047605509	1698047605509	OK	 
REQUEST		request testing	1698047605527	1698047605527	OK	 
REQUEST		request testing	1698047605545	1698047605545	OK	 
REQUEST		request testing	1698047605573	1698047605573	OK	 
REQUEST		request testing	1698047605597	1698047605597	OK	 
REQUEST		request testing	1698047605619	1698047605619	OK	 
REQUEST		request testing	1698047605646	1698047605646	OK	 
REQUEST		request testing	1698047605667	1698047605667	OK	 
REQUEST		request testing	1698047605694	1698047605694	OK	 
REQUEST		request testing	1698047605712	1698047605712	OK	 
REQUEST		request testing	1698047605731	1698047605731	OK	 
REQUEST		request testing	1698047605750	1698047605750	OK	 
REQUEST		request testing	1698047605775	1698047605775	OK	 
REQUEST		request testing	1698047605794	1698047605794	OK	 
REQUEST		request testing	1698047605814	1698047605814	OK	 
REQUEST		request testing	1698047605832	1698047605832	OK	 
REQUEST		request testing	1698047605850	1698047605850	OK	 
REQUEST		request testing	1698047605872	1698047605872	OK	 
REQUEST		request testing	1698047605907	1698047605907	OK	 
REQUEST		request testing	1698047605933	1698047605933	OK	 
REQUEST		request testing	1698047605952	1698047605952	OK	 
REQUEST		request testing	1698047605974	1698047605974	OK	 
REQUEST		request testing	1698047605994	1698047605994	OK	 
REQUEST		request testing	1698047606017	1698047606017	OK	 
REQUEST		request testing	1698047606041	1698047606041	OK	 
REQUEST		request testing	1698047606078	1698047606078	OK	 
REQUEST		request testing	1698047606102	1698047606102	OK	 
REQUEST		request testing	1698047606128	1698047606128	OK	 
REQUEST		request testing	1698047606172	1698047606172	OK	 
REQUEST		request testing	1698047606192	1698047606192	OK	 
REQUEST		request testing	1698047606212	1698047606212	OK	 
REQUEST		request testing	1698047606231	1698047606231	OK	 
REQUEST		request testing	1698047606250	1698047606250	OK	 
REQUEST		request testing	1698047606268	1698047606268	OK	 
REQUEST		request testing	1698047606288	1698047606288	OK	 
REQUEST		request testing	1698047606306	1698047606306	OK	 
REQUEST		request testing	1698047606330	1698047606330	OK	 
REQUEST		request testing	1698047606352	1698047606352	OK	 
REQUEST		request testing	1698047606381	1698047606381	OK	 
REQUEST		request testing	1698047606402	1698047606402	OK	 
REQUEST		request testing	1698047606435	1698047606435	OK	 
REQUEST		request testing	1698047606456	1698047606456	OK	 
REQUEST		request testing	1698047606478	1698047606478	OK	 
REQUEST		request testing	1698047606502	1698047606502	OK	 
REQUEST		request testing	1698047606525	1698047606525	OK	 
REQUEST		request testing	1698047606542	1698047606542	OK	 
REQUEST		request testing	1698047606564	1698047606564	OK	 
REQUEST		request testing	1698047606583	1698047606583	OK	 
REQUEST		request testing	1698047606603	1698047606603	OK	 
REQUEST		request testing	1698047606622	1698047606622	OK	 
REQUEST		request testing	1698047606640	1698047606640	OK	 
REQUEST		request testing	1698047606664	1698047606664	OK	 
REQUEST		request testing	1698047606687	1698047606687	OK	 
REQUEST		request testing	1698047606720	1698047606720	OK	 
REQUEST		request testing	1698047606741	1698047606741	OK	 
REQUEST		request testing	1698047606761	1698047606761	OK	 
REQUEST		request testing	1698047606780	1698047606780	OK	 
REQUEST		request testing	1698047606797	1698047606797	OK	 
REQUEST		request testing	1698047606820	1698047606820	OK	 
REQUEST		request testing	1698047606841	1698047606841	OK	 
REQUEST		request testing	1698047606866	1698047606866	OK	 
REQUEST		request testing	1698047606884	1698047606884	OK	 
REQUEST		request testing	1698047606903	1698047606903	OK	 
REQUEST		request testing	1698047606927	1698047606927	OK	 
REQUEST		request testing	1698047606947	1698047606947	OK	 
REQUEST		request testing	1698047606967	1698047606967	OK	 
REQUEST		request testing	1698047606992	1698047606992	OK	 
REQUEST		request testing	1698047607014	1698047607014	OK	 
REQUEST		request testing	1698047607052	1698047607052	OK	 
REQUEST		request testing	1698047607072	1698047607072	OK	 
REQUEST		request testing	1698047607092	1698047607092	OK	 
REQUEST		request testing	1698047607112	1698047607112	OK	 
REQUEST		request testing	1698047607134	1698047607134	OK	 
REQUEST		request testing	1698047607155	1698047607155	OK	 
REQUEST		request testing	1698047607179	1698047607179	OK	 
REQUEST		request testing	1698047607199	1698047607199	OK	 
REQUEST		request testing	1698047607223	1698047607223	OK	 
REQUEST		request testing	1698047607241	1698047607241	OK	 
REQUEST		request testing	1698047607264	1698047607264	OK	 
REQUEST		request testing	1698047607289	1698047607289	OK	 
REQUEST		request testing	1698047607310	1698047607310	OK	 
REQUEST		request testing	1698047607329	1698047607329	OK	 
REQUEST		request testing	1698047607351	1698047607351	OK	 
REQUEST		request testing	1698047607377	1698047607377	OK	 
REQUEST		request testing	1698047607397	1698047607397	OK	 
REQUEST		request testing	1698047607415	1698047607415	OK	 
REQUEST		request testing	1698047607435	1698047607435	OK	 
REQUEST		request testing	1698047607455	1698047607455	OK	 
REQUEST		request testing	1698047607486	1698047607486	OK	 
REQUEST		request testing	1698047607513	1698047607513	OK	 
REQUEST		request testing	1698047607536	1698047607536	OK	 
REQUEST		request testing	1698047607557	1698047607557	OK	 
REQUEST		request testing	1698047607586	1698047607586	OK	 
REQUEST		request testing	1698047607604	1698047607604	OK	 
REQUEST		request testing	1698047607622	1698047607622	OK	 
REQUEST		request testing	1698047607645	1698047607645	OK	 
REQUEST		request testing	1698047607666	1698047607666	OK	 
REQUEST		request testing	1698047607683	1698047607683	OK	 
REQUEST		request testing	1698047607702	1698047607702	OK	 
REQUEST		request testing	1698047607721	1698047607721	OK	 
REQUEST		request testing	1698047607742	1698047607742	OK	 
REQUEST		request testing	1698047607761	1698047607761	OK	 
REQUEST		request testing	1698047607785	1698047607785	OK	 
REQUEST		request testing	1698047607810	1698047607810	OK	 
REQUEST		request testing	1698047607837	1698047607837	OK	 
REQUEST		request testing	1698047607857	1698047607857	OK	 
REQUEST		request testing	1698047607879	1698047607879	OK	 
REQUEST		request testing	1698047607900	1698047607900	OK	 
REQUEST		request testing	1698047607926	1698047607926	OK	 
REQUEST		request testing	1698047607944	1698047607944	OK	 
REQUEST		request testing	1698047607970	1698047607970	OK	 
REQUEST		request testing	1698047607989	1698047607989	OK	 
REQUEST		request testing	1698047608010	1698047608010	OK	 
REQUEST		request testing	1698047608029	1698047608029	OK	 
REQUEST		request testing	1698047608049	1698047608049	OK	 
REQUEST		request testing	1698047608070	1698047608070	OK	 
REQUEST		request testing	1698047608094	1698047608094	OK	 
REQUEST		request testing	1698047608117	1698047608117	OK	 
REQUEST		request testing	1698047608141	1698047608141	OK	 
REQUEST		request testing	1698047608174	1698047608174	OK	 
REQUEST		request testing	1698047608204	1698047608204	OK	 
REQUEST		request testing	1698047608223	1698047608223	OK	 
REQUEST		request testing	1698047608242	1698047608242	OK	 
REQUEST		request testing	1698047608267	1698047608267	OK	 
REQUEST		request testing	1698047608288	1698047608288	OK	 
REQUEST		request testing	1698047608307	1698047608307	OK	 
REQUEST		request testing	1698047608327	1698047608327	OK	 
REQUEST		request testing	1698047608348	1698047608348	OK	 
REQUEST		request testing	1698047608377	1698047608377	OK	 
REQUEST		request testing	1698047608400	1698047608400	OK	 
REQUEST		request testing	1698047608442	1698047608442	OK	 
REQUEST		request testing	1698047608499	1698047608499	OK	 
REQUEST		request testing	1698047608521	1698047608521	OK	 
REQUEST		request testing	1698047608539	1698047608539	OK	 
REQUEST		request testing	1698047608558	1698047608558	OK	 
REQUEST		request testing	1698047608576	1698047608576	OK	 
REQUEST		request testing	1698047608593	1698047608593	OK	 
REQUEST		request testing	1698047608612	1698047608612	OK	 
REQUEST		request testing	1698047608636	1698047608636	OK	 
REQUEST		request testing	1698047608655	1698047608655	OK	 
REQUEST		request testing	1698047608672	1698047608672	OK	 
REQUEST		request testing	1698047608692	1698047608692	OK	 
REQUEST		request testing	1698047608717	1698047608717	OK	 
REQUEST		request testing	1698047608742	1698047608742	OK	 
REQUEST		request testing	1698047608804	1698047608804	OK	 
REQUEST		request testing	1698047608829	1698047608829	OK	 
REQUEST		request testing	1698047608848	1698047608848	OK	 
REQUEST		request testing	1698047608880	1698047608880	OK	 
REQUEST		request testing	1698047608903	1698047608903	OK	 
REQUEST		request testing	1698047608921	1698047608921	OK	 
REQUEST		request testing	1698047608940	1698047608940	OK	 
REQUEST		request testing	1698047608959	1698047608959	OK	 
REQUEST		request testing	1698047608982	1698047608982	OK	 
REQUEST		request testing	1698047609007	1698047609007	OK	 
REQUEST		request testing	1698047609027	1698047609027	OK	 
REQUEST		request testing	1698047609050	1698047609050	OK	 
REQUEST		request testing	1698047609080	1698047609080	OK	 
REQUEST		request testing	1698047609100	1698047609100	OK	 
REQUEST		request testing	1698047609119	1698047609119	OK	 
REQUEST		request testing	1698047609152	1698047609152	OK	 
REQUEST		request testing	1698047609186	1698047609186	OK	 
REQUEST		request testing	1698047609205	1698047609205	OK	 
REQUEST		request testing	1698047609223	1698047609223	OK	 
REQUEST		request testing	1698047609246	1698047609246	OK	 
REQUEST		request testing	1698047609274	1698047609274	OK	 
REQUEST		request testing	1698047609296	1698047609296	OK	 
REQUEST		request testing	1698047609319	1698047609319	OK	 
REQUEST		request testing	1698047609342	1698047609342	OK	 
REQUEST		request testing	1698047609375	1698047609375	OK	 
REQUEST		request testing	1698047609394	1698047609394	OK	 
REQUEST		request testing	1698047609415	1698047609415	OK	 
REQUEST		request testing	1698047609436	1698047609436	OK	 
REQUEST		request testing	1698047609467	1698047609467	OK	 
REQUEST		request testing	1698047609493	1698047609493	OK	 
REQUEST		request testing	1698047609517	1698047609517	OK	 
REQUEST		request testing	1698047609545	1698047609545	OK	 
REQUEST		request testing	1698047609585	1698047609585	OK	 
REQUEST		request testing	1698047609611	1698047609611	OK	 
REQUEST		request testing	1698047609659	1698047609659	OK	 
REQUEST		request testing	1698047609679	1698047609679	OK	 
REQUEST		request testing	1698047609699	1698047609699	OK	 
REQUEST		request testing	1698047609717	1698047609717	OK	 
REQUEST		request testing	1698047609736	1698047609736	OK	 
REQUEST		request testing	1698047609760	1698047609760	OK	 
REQUEST		request testing	1698047609787	1698047609787	OK	 
REQUEST		request testing	1698047609806	1698047609806	OK	 
REQUEST		request testing	1698047609825	1698047609825	OK	 
REQUEST		request testing	1698047609845	1698047609845	OK	 
REQUEST		request testing	1698047609882	1698047609882	OK	 
REQUEST		request testing	1698047609932	1698047609932	OK	 
REQUEST		request testing	1698047609950	1698047609950	OK	 
REQUEST		request testing	1698047609969	1698047609969	OK	 
REQUEST		request testing	1698047609990	1698047609990	OK	 
REQUEST		request testing	1698047610012	1698047610012	OK	 
REQUEST		request testing	1698047610030	1698047610030	OK	 
REQUEST		request testing	1698047610049	1698047610049	OK	 
REQUEST		request testing	1698047610077	1698047610077	OK	 
REQUEST		request testing	1698047610098	1698047610098	OK	 
REQUEST		request testing	1698047610126	1698047610126	OK	 
REQUEST		request testing	1698047610148	1698047610148	OK	 
REQUEST		request testing	1698047610174	1698047610174	OK	 
REQUEST		request testing	1698047610192	1698047610192	OK	 
REQUEST		request testing	1698047610213	1698047610213	OK	 
REQUEST		request testing	1698047610236	1698047610236	OK	 
REQUEST		request testing	1698047610267	1698047610267	OK	 
REQUEST		request testing	1698047610288	1698047610288	OK	 
REQUEST		request testing	1698047610309	1698047610309	OK	 
REQUEST		request testing	1698047610327	1698047610327	OK	 
REQUEST		request testing	1698047610347	1698047610347	OK	 
REQUEST		request testing	1698047610368	1698047610368	OK	 
REQUEST		request testing	1698047610415	1698047610415	OK	 
REQUEST		request testing	1698047610441	1698047610441	OK	 
REQUEST		request testing	1698047610471	1698047610471	OK	 
REQUEST		request testing	1698047610491	1698047610491	OK	 
REQUEST		request testing	1698047610511	1698047610511	OK	 
REQUEST		request testing	1698047610530	1698047610530	OK	 
REQUEST		request testing	1698047610562	1698047610562	OK	 
REQUEST		request testing	1698047610581	1698047610581	OK	 
REQUEST		request testing	1698047610600	1698047610600	OK	 
REQUEST		request testing	1698047610620	1698047610620	OK	 
REQUEST		request testing	1698047610651	1698047610651	OK	 
REQUEST		request testing	1698047610672	1698047610672	OK	 
REQUEST		request testing	1698047610695	1698047610695	OK	 
REQUEST		request testing	1698047610726	1698047610726	OK	 
REQUEST		request testing	1698047610749	1698047610749	OK	 
REQUEST		request testing	1698047610771	1698047610771	OK	 
REQUEST		request testing	1698047610790	1698047610790	OK	 
REQUEST		request testing	1698047610811	1698047610811	OK	 
REQUEST		request testing	1698047610839	1698047610839	OK	 
REQUEST		request testing	1698047610856	1698047610856	OK	 
REQUEST		request testing	1698047610874	1698047610874	OK	 
REQUEST		request testing	1698047610893	1698047610893	OK	 
REQUEST		request testing	1698047610923	1698047610923	OK	 
REQUEST		request testing	1698047610945	1698047610945	OK	 
REQUEST		request testing	1698047610972	1698047610972	OK	 
REQUEST		request testing	1698047610999	1698047610999	OK	 
REQUEST		request testing	1698047611020	1698047611020	OK	 
REQUEST		request testing	1698047611045	1698047611045	OK	 
REQUEST		request testing	1698047611067	1698047611067	OK	 
REQUEST		request testing	1698047611088	1698047611088	OK	 
REQUEST		request testing	1698047611124	1698047611124	OK	 
REQUEST		request testing	1698047611144	1698047611144	OK	 
REQUEST		request testing	1698047611162	1698047611162	OK	 
REQUEST		request testing	1698047611188	1698047611188	OK	 
REQUEST		request testing	1698047611214	1698047611214	OK	 
REQUEST		request testing	1698047611233	1698047611233	OK	 
REQUEST		request testing	1698047611254	1698047611254	OK	 
REQUEST		request testing	1698047611277	1698047611277	OK	 
REQUEST		request testing	1698047611308	1698047611308	OK	 
REQUEST		request testing	1698047611329	1698047611329	OK	 
REQUEST		request testing	1698047611351	1698047611351	OK	 
REQUEST		request testing	1698047611371	1698047611371	OK	 
REQUEST		request testing	1698047611410	1698047611410	OK	 
REQUEST		request testing	1698047611431	1698047611431	OK	 
REQUEST		request testing	1698047611451	1698047611451	OK	 
REQUEST		request testing	1698047611471	1698047611471	OK	 
REQUEST		request testing	1698047611509	1698047611509	OK	 
REQUEST		request testing	1698047611529	1698047611529	OK	 
REQUEST		request testing	1698047611550	1698047611550	OK	 
REQUEST		request testing	1698047611572	1698047611572	OK	 
REQUEST		request testing	1698047611608	1698047611608	OK	 
REQUEST		request testing	1698047611629	1698047611629	OK	 
REQUEST		request testing	1698047611653	1698047611653	OK	 
REQUEST		request testing	1698047611680	1698047611680	OK	 
REQUEST		request testing	1698047611700	1698047611700	OK	 
REQUEST		request testing	1698047611719	1698047611719	OK	 
REQUEST		request testing	1698047611740	1698047611740	OK	 
REQUEST		request testing	1698047611762	1698047611762	OK	 
REQUEST		request testing	1698047611785	1698047611785	OK	 
REQUEST		request testing	1698047611807	1698047611807	OK	 
REQUEST		request testing	1698047611827	1698047611827	OK	 
REQUEST		request testing	1698047611847	1698047611847	OK	 
REQUEST		request testing	1698047611870	1698047611870	OK	 
REQUEST		request testing	1698047611896	1698047611896	OK	 
REQUEST		request testing	1698047611920	1698047611920	OK	 
REQUEST		request testing	1698047611943	1698047611943	OK	 
REQUEST		request testing	1698047611967	1698047611967	OK	 
REQUEST		request testing	1698047611985	1698047611985	OK	 
REQUEST		request testing	1698047612004	1698047612004	OK	 
REQUEST		request testing	1698047612023	1698047612023	OK	 
REQUEST		request testing	1698047612043	1698047612043	OK	 
REQUEST		request testing	1698047612062	1698047612062	OK	 
REQUEST		request testing	1698047612081	1698047612081	OK	 
REQUEST		request testing	1698047612101	1698047612101	OK	 
REQUEST		request testing	1698047612122	1698047612122	OK	 
REQUEST		request testing	1698047612139	1698047612139	OK	 
REQUEST		request testing	1698047612160	1698047612160	OK	 
REQUEST		request testing	1698047612189	1698047612189	OK	 
REQUEST		request testing	1698047612240	1698047612240	OK	 
REQUEST		request testing	1698047612259	1698047612259	OK	 
REQUEST		request testing	1698047612280	1698047612280	OK	 
REQUEST		request testing	1698047612302	1698047612302	OK	 
REQUEST		request testing	1698047612335	1698047612335	OK	 
REQUEST		request testing	1698047612356	1698047612356	OK	 
REQUEST		request testing	1698047612379	1698047612379	OK	 
REQUEST		request testing	1698047612403	1698047612403	OK	 
REQUEST		request testing	1698047612427	1698047612427	OK	 
REQUEST		request testing	1698047612452	1698047612452	OK	 
REQUEST		request testing	1698047612475	1698047612475	OK	 
REQUEST		request testing	1698047612501	1698047612501	OK	 
REQUEST		request testing	1698047612526	1698047612526	OK	 
REQUEST		request testing	1698047612561	1698047612561	OK	 
REQUEST		request testing	1698047612581	1698047612581	OK	 
REQUEST		request testing	1698047612603	1698047612603	OK	 
REQUEST		request testing	1698047612647	1698047612647	OK	 
REQUEST		request testing	1698047612665	1698047612665	OK	 
REQUEST		request testing	1698047612690	1698047612690	OK	 
REQUEST		request testing	1698047612714	1698047612714	OK	 
REQUEST		request testing	1698047612750	1698047612750	OK	 
REQUEST		request testing	1698047612774	1698047612774	OK	 
REQUEST		request testing	1698047612800	1698047612800	OK	 
REQUEST		request testing	1698047612824	1698047612824	OK	 
REQUEST		request testing	1698047612851	1698047612851	OK	 
REQUEST		request testing	1698047612872	1698047612872	OK	 
REQUEST		request testing	1698047612894	1698047612894	OK	 
REQUEST		request testing	1698047612916	1698047612916	OK	 
REQUEST		request testing	1698047612941	1698047612941	OK	 
REQUEST		request testing	1698047612961	1698047612961	OK	 
REQUEST		request testing	1698047612982	1698047612982	OK	 
REQUEST		request testing	1698047613002	1698047613002	OK	 
REQUEST		request testing	1698047613026	1698047613026	OK	 
REQUEST		request testing	1698047613045	1698047613045	OK	 
REQUEST		request testing	1698047613066	1698047613066	OK	 
REQUEST		request testing	1698047613096	1698047613096	OK	 
REQUEST		request testing	1698047613121	1698047613121	OK	 
REQUEST		request testing	1698047613143	1698047613143	OK	 
REQUEST		request testing	1698047613164	1698047613164	OK	 
REQUEST		request testing	1698047613183	1698047613183	OK	 
REQUEST		request testing	1698047613206	1698047613206	OK	 
REQUEST		request testing	1698047613224	1698047613224	OK	 
REQUEST		request testing	1698047613242	1698047613242	OK	 
REQUEST		request testing	1698047613263	1698047613263	OK	 
REQUEST		request testing	1698047613294	1698047613294	OK	 
REQUEST		request testing	1698047613315	1698047613315	OK	 
REQUEST		request testing	1698047613337	1698047613337	OK	 
REQUEST		request testing	1698047613356	1698047613356	OK	 
REQUEST		request testing	1698047613377	1698047613377	OK	 
REQUEST		request testing	1698047613395	1698047613395	OK	 
REQUEST		request testing	1698047613418	1698047613418	OK	 
REQUEST		request testing	1698047613442	1698047613442	OK	 
REQUEST		request testing	1698047613482	1698047613482	OK	 
REQUEST		request testing	1698047613520	1698047613520	OK	 
REQUEST		request testing	1698047613549	1698047613549	OK	 
REQUEST		request testing	1698047613577	1698047613577	OK	 
REQUEST		request testing	1698047613598	1698047613598	OK	 
REQUEST		request testing	1698047613616	1698047613616	OK	 
REQUEST		request testing	1698047613634	1698047613634	OK	 
REQUEST		request testing	1698047613655	1698047613655	OK	 
REQUEST		request testing	1698047613676	1698047613676	OK	 
REQUEST		request testing	1698047613695	1698047613695	OK	 
REQUEST		request testing	1698047613716	1698047613716	OK	 
REQUEST		request testing	1698047613735	1698047613735	OK	 
REQUEST		request testing	1698047613756	1698047613756	OK	 
REQUEST		request testing	1698047613780	1698047613780	OK	 
REQUEST		request testing	1698047613805	1698047613805	OK	 
REQUEST		request testing	1698047613826	1698047613826	OK	 
REQUEST		request testing	1698047613849	1698047613849	OK	 
REQUEST		request testing	1698047613874	1698047613874	OK	 
REQUEST		request testing	1698047613894	1698047613894	OK	 
REQUEST		request testing	1698047613913	1698047613913	OK	 
REQUEST		request testing	1698047613944	1698047613944	OK	 
REQUEST		request testing	1698047613965	1698047613965	OK	 
REQUEST		request testing	1698047613984	1698047613984	OK	 
REQUEST		request testing	1698047614004	1698047614004	OK	 
REQUEST		request testing	1698047614028	1698047614028	OK	 
REQUEST		request testing	1698047614047	1698047614047	OK	 
REQUEST		request testing	1698047614073	1698047614073	OK	 
REQUEST		request testing	1698047614094	1698047614094	OK	 
REQUEST		request testing	1698047614117	1698047614117	OK	 
REQUEST		request testing	1698047614143	1698047614143	OK	 
REQUEST		request testing	1698047614191	1698047614191	OK	 
REQUEST		request testing	1698047614211	1698047614211	OK	 
REQUEST		request testing	1698047614231	1698047614231	OK	 
REQUEST		request testing	1698047614265	1698047614265	OK	 
REQUEST		request testing	1698047614285	1698047614285	OK	 
REQUEST		