RUN	VTSTrails.VTSSimulationXmlConversion	vtssimulationxmlconversion	1699431308156	 	3.9.5
USER	Get Data From VTS	START	1699431313665
REQUEST		Get VTS Data	1699431313409	1699431314283	OK	 
REQUEST		Get VTS Data Redirect 1	1699431314291	1699431314603	OK	 
REQUEST		request testing	1699431315633	1699431315633	OK	 
REQUEST		Get VTS Data	1699431316643	1699431316948	OK	 
REQUEST		Get VTS Data Redirect 1	1699431316949	1699431317422	OK	 
REQUEST		request testing	1699431317425	1699431317425	OK	 
REQUEST		Get VTS Data	1699431318431	1699431318737	OK	 
REQUEST		Get VTS Data Redirect 1	1699431318737	1699431319044	OK	 
REQUEST		request testing	1699431319046	1699431319046	OK	 
REQUEST		Get VTS Data	1699431320062	1699431320384	OK	 
REQUEST		Get VTS Data Redirect 1	1699431320385	1699431320690	OK	 
REQUEST		request testing	1699431320691	1699431320691	OK	 
REQUEST		Get VTS Data	1699431321706	1699431322011	OK	 
REQUEST		Get VTS Data Redirect 1	1699431322011	1699431322318	OK	 
REQUEST		request testing	1699431322319	1699431322319	OK	 
REQUEST		Get VTS Data	1699431323335	1699431323641	OK	 
REQUEST		Get VTS Data Redirect 1	1699431323642	1699431323948	OK	 
REQUEST		request testing	1699431323950	1699431323950	OK	 
REQUEST		Get VTS Data	1699431324968	1699431325476	OK	 
REQUEST		Get VTS Data Redirect 1	1699431325477	1699431325784	OK	 
REQUEST		request testing	1699431325785	1699431325785	OK	 
USER	Get Data From VTS	END	1699431326791
