RUN	VTSTrails.VTSTrailsPostXMLMsgs	vtstrailspostxmlmsgs	1700637198137	 	3.9.5
ERROR	Get VTS Data: Failed to build request: Failed to build request: j.l.NullPointerException 	1700637203250
ERROR	request testing: Failed to build request: j.l.RuntimeException: No attribute named 'work_order_no' is defined 	1700637204101
ERROR	Post VTS Data: Failed to build request: Failed to build request: j.l.NullPointerException 	1700637204102
USER	Get Data From VTS	START	1700637204104
ERROR	Get VTS Data: Failed to build request: Failed to build request: j.l.NullPointerException 	1700637205120
ERROR	request testing: Failed to build request: j.l.RuntimeException: No attribute named 'work_order_no' is defined 	1700637205122
ERROR	Post VTS Data: Failed to build request: Failed to build request: j.l.NullPointerException 	1700637205123
ERROR	Get VTS Data: Failed to build request: Failed to build request: j.l.NullPointerException 	1700637206124
ERROR	request testing: Failed to build request: j.l.RuntimeException: No attribute named 'work_order_no' is defined 	1700637206125
ERROR	Post VTS Data: Failed to build request: Failed to build request: j.l.NullPointerException 	1700637206126
ERROR	Get VTS Data: Failed to build request: Failed to build request: j.l.NullPointerException 	1700637207131
ERROR	request testing: Failed to build request: j.l.RuntimeException: No attribute named 'work_order_no' is defined 	1700637207133
ERROR	Post VTS Data: Failed to build request: Failed to build request: j.l.NullPointerException 	1700637207134
ERROR	Get VTS Data: Failed to build request: Failed to build request: j.l.NullPointerException 	1700637208138
ERROR	request testing: Failed to build request: j.l.RuntimeException: No attribute named 'work_order_no' is defined 	1700637208140
ERROR	Post VTS Data: Failed to build request: Failed to build request: j.l.NullPointerException 	1700637208141
ERROR	Get VTS Data: Failed to build request: Failed to build request: j.l.NullPointerException 	1700637209155
ERROR	request testing: Failed to build request: j.l.RuntimeException: No attribute named 'work_order_no' is defined 	1700637209157
ERROR	Post VTS Data: Failed to build request: Failed to build request: j.l.NullPointerException 	1700637209158
ERROR	Get VTS Data: Failed to build request: Failed to build request: j.l.NullPointerException 	1700637210160
ERROR	request testing: Failed to build request: j.l.RuntimeException: No attribute named 'work_order_no' is defined 	1700637210164
ERROR	Post VTS Data: Failed to build request: Failed to build request: j.l.NullPointerException 	1700637210165
USER	Get Data From VTS	END	1700637211180
