RUN	VTSTrails.VTSSimulationXmlConversion	vtssimulationxmlconversion	1699434034293	 	3.9.5
USER	Get Data From VTS	START	1699434040096
REQUEST		Get VTS Data	1699434039840	1699434040699	OK	 
REQUEST		Get VTS Data Redirect 1	1699434040711	1699434041037	OK	 
REQUEST		request testing	1699434042064	1699434042064	OK	 
REQUEST		Get VTS Data	1699434043074	1699434043370	OK	 
REQUEST		Get VTS Data Redirect 1	1699434043371	1699434043669	OK	 
REQUEST		request testing	1699434043672	1699434043672	OK	 
REQUEST		Get VTS Data	1699434044680	1699434044977	OK	 
REQUEST		Get VTS Data Redirect 1	1699434044978	1699434045275	OK	 
REQUEST		request testing	1699434045277	1699434045277	OK	 
REQUEST		Get VTS Data	1699434046286	1699434046581	OK	 
REQUEST		Get VTS Data Redirect 1	1699434046582	1699434046878	OK	 
REQUEST		request testing	1699434046880	1699434046880	OK	 
REQUEST		Get VTS Data	1699434047885	1699434048184	OK	 
REQUEST		Get VTS Data Redirect 1	1699434048185	1699434048483	OK	 
REQUEST		request testing	1699434048486	1699434048486	OK	 
REQUEST		Get VTS Data	1699434049499	1699434049795	OK	 
REQUEST		Get VTS Data Redirect 1	1699434049796	1699434050095	OK	 
REQUEST		request testing	1699434050097	1699434050097	OK	 
REQUEST		Get VTS Data	1699434051103	1699434051399	OK	 
REQUEST		Get VTS Data Redirect 1	1699434051400	1699434051699	OK	 
REQUEST		request testing	1699434051701	1699434051701	OK	 
USER	Get Data From VTS	END	1699434052707
