RUN	VTSTrails.OrderModification	ordermodification	1702644452501	 	3.9.5
USER	Initial Scenario	START	1702644456812
REQUEST		Request_X:VTS_GetColumSize	1702644456800	1702644457602	OK	 
REQUEST		Request_X:VTS_GetColumSize Redirect 1	1702644457611	1702644458009	OK	 
USER	Initial Scenario	END	1702644458076
USER	Retrieve order scenario	START	1702644459014
REQUEST		LoginAPI	1702644458780	1702644459071	OK	 
REQUEST		Request_X:VTS_QueryColumn	1702644459143	1702644459951	OK	 
REQUEST		Request_X:VTS_QueryColumn Redirect 1	1702644459952	1702644460337	OK	 
USER	Retrieve order scenario	END	1702644460364
USER	Retrieve order scenario	START	1702644469769
REQUEST		LoginAPI	1702644469767	1702644469821	OK	 
REQUEST		Request_X:VTS_QueryColumn	1702644469823	1702644470601	OK	 
REQUEST		Request_X:VTS_QueryColumn Redirect 1	1702644470602	1702644471011	OK	 
REQUEST		ModifyOrderSyncAPI	1702644471021	1702644471074	KO	j.n.UnknownHostException: pp5eusomapp.ikeadt.com
REQUEST		ModifyOrderSyncAPI	1702644471084	1702644471084	KO	j.n.UnknownHostException: pp5eusomapp.ikeadt.com
REQUEST		ModifyOrderSyncAPI	1702644471128	1702644471128	KO	j.n.UnknownHostException: pp5eusomapp.ikeadt.com
USER	Retrieve order scenario	END	1702644471148
USER	Retrieve order scenario	START	1702644480772
REQUEST		LoginAPI	1702644480771	1702644480819	OK	 
REQUEST		Request_X:VTS_QueryColumn	1702644480820	1702644481462	OK	 
REQUEST		Request_X:VTS_QueryColumn Redirect 1	1702644481462	1702644481777	OK	 
USER	Retrieve order scenario	END	1702644481782
USER	Retrieve order scenario	START	1702644492768
REQUEST		LoginAPI	1702644492767	1702644492805	OK	 
REQUEST		Request_X:VTS_QueryColumn	1702644492806	1702644493537	OK	 
REQUEST		Request_X:VTS_QueryColumn Redirect 1	1702644493538	1702644493839	OK	 
USER	Retrieve order scenario	END	1702644493842
USER	Retrieve order scenario	START	1702644503780
REQUEST		LoginAPI	1702644503778	1702644503816	OK	 
REQUEST		Request_X:VTS_QueryColumn	1702644503817	1702644504494	OK	 
REQUEST		Request_X:VTS_QueryColumn Redirect 1	1702644504495	1702644504801	OK	 
REQUEST		ModifyOrderSyncAPI	1702644504804	1702644504832	KO	j.n.UnknownHostException: pp5eusomapp.ikeadt.com
REQUEST		ModifyOrderSyncAPI	1702644504838	1702644504838	KO	j.n.UnknownHostException: pp5eusomapp.ikeadt.com
REQUEST		ModifyOrderSyncAPI	1702644504858	1702644504858	KO	j.n.UnknownHostException: pp5eusomapp.ikeadt.com
USER	Retrieve order scenario	END	1702644504870
USER	Retrieve order scenario	START	1702644515777
REQUEST		LoginAPI	1702644515775	1702644515816	OK	 
REQUEST		Request_X:VTS_QueryColumn	1702644515818	1702644516578	OK	 
REQUEST		Request_X:VTS_QueryColumn Redirect 1	1702644516579	1702644516986	OK	 
REQUEST		ModifyOrderSyncAPI	1702644516989	1702644517050	KO	j.n.UnknownHostException: pp5eusomapp.ikeadt.com
REQUEST		ModifyOrderSyncAPI	1702644517054	1702644517054	KO	j.n.UnknownHostException: pp5eusomapp.ikeadt.com
REQUEST		ModifyOrderSyncAPI	1702644517076	1702644517076	KO	j.n.UnknownHostException: pp5eusomapp.ikeadt.com
USER	Retrieve order scenario	END	1702644517083
USER	Retrieve order scenario	START	1702644526776
REQUEST		LoginAPI	1702644526773	1702644526824	OK	 
REQUEST		Request_X:VTS_QueryColumn	1702644526826	1702644527534	OK	 
REQUEST		Request_X:VTS_QueryColumn Redirect 1	1702644527535	1702644527943	OK	 
REQUEST		ModifyOrderSyncAPI	1702644527946	1702644527998	KO	j.n.UnknownHostException: pp5eusomapp.ikeadt.com
REQUEST		ModifyOrderSyncAPI	1702644528013	1702644528014	KO	j.n.UnknownHostException: pp5eusomapp.ikeadt.com
REQUEST		ModifyOrderSyncAPI	1702644528031	1702644528031	KO	j.n.UnknownHostException: pp5eusomapp.ikeadt.com
USER	Retrieve order scenario	END	1702644528046
USER	Retrieve order scenario	START	1702644538776
REQUEST		LoginAPI	1702644538775	1702644538816	OK	 
REQUEST		Request_X:VTS_QueryColumn	1702644538817	1702644539425	OK	 
REQUEST		Request_X:VTS_QueryColumn Redirect 1	1702644539425	1702644539821	OK	 
USER	Retrieve order scenario	END	1702644539825
USER	Retrieve order scenario	START	1702644549780
REQUEST		LoginAPI	1702644549779	1702644549819	OK	 
REQUEST		Request_X:VTS_QueryColumn	1702644549820	1702644550471	OK	 
REQUEST		Request_X:VTS_QueryColumn Redirect 1	1702644550472	1702644550880	OK	 
USER	Retrieve order scenario	END	1702644550883
USER	Retrieve order scenario	START	1702644560780
REQUEST		LoginAPI	1702644560777	1702644560832	OK	 
REQUEST		Request_X:VTS_QueryColumn	1702644560833	1702644561530	OK	 
REQUEST		Request_X:VTS_QueryColumn Redirect 1	1702644561531	1702644562145	OK	 
REQUEST		ModifyOrderSyncAPI	1702644562156	1702644562229	KO	j.n.UnknownHostException: pp5eusomapp.ikeadt.com
REQUEST		ModifyOrderSyncAPI	1702644562245	1702644562245	KO	j.n.UnknownHostException: pp5eusomapp.ikeadt.com
REQUEST		ModifyOrderSyncAPI	1702644562268	1702644562268	KO	j.n.UnknownHostException: pp5eusomapp.ikeadt.com
USER	Retrieve order scenario	END	1702644562273
USER	Retrieve order scenario	START	1702644572774
REQUEST		LoginAPI	1702644572774	1702644572817	OK	 
REQUEST		Request_X:VTS_QueryColumn	1702644572818	1702644573511	OK	 
REQUEST		Request_X:VTS_QueryColumn Redirect 1	1702644573512	1702644573815	OK	 
USER	Retrieve order scenario	END	1702644573817
USER	Retrieve order scenario	START	1702644583768
REQUEST		LoginAPI	1702644583768	1702644583805	OK	 
REQUEST		Request_X:VTS_QueryColumn	1702644583806	1702644584467	OK	 
REQUEST		Request_X:VTS_QueryColumn Redirect 1	1702644584468	1702644584879	OK	 
REQUEST		ModifyOrderSyncAPI	1702644584884	1702644584922	KO	j.n.UnknownHostException: pp5eusomapp.ikeadt.com
REQUEST		ModifyOrderSyncAPI	1702644584928	1702644584928	KO	j.n.UnknownHostException: pp5eusomapp.ikeadt.com
REQUEST		ModifyOrderSyncAPI	1702644584944	1702644584944	KO	j.n.UnknownHostException: pp5eusomapp.ikeadt.com
USER	Retrieve order scenario	END	1702644584949
USER	Retrieve order scenario	START	1702644595772
REQUEST		LoginAPI	1702644595771	1702644595813	OK	 
REQUEST		Request_X:VTS_QueryColumn	1702644595814	1702644596466	OK	 
REQUEST		Request_X:VTS_QueryColumn Redirect 1	1702644596467	1702644596858	OK	 
USER	Retrieve order scenario	END	1702644596863
USER	Retrieve order scenario	START	1702644606773
REQUEST		LoginAPI	1702644606772	1702644606817	OK	 
REQUEST		Request_X:VTS_QueryColumn	1702644606817	1702644607610	OK	 
REQUEST		Request_X:VTS_QueryColumn Redirect 1	1702644607610	1702644608020	OK	 
USER	Retrieve order scenario	END	1702644608024
USER	Retrieve order scenario	START	1702644618774
REQUEST		LoginAPI	1702644618773	1702644618817	OK	 
REQUEST		Request_X:VTS_QueryColumn	1702644618817	1702644619488	OK	 
REQUEST		Request_X:VTS_QueryColumn Redirect 1	1702644619488	1702644619807	OK	 
USER	Retrieve order scenario	END	1702644619810
USER	Retrieve order scenario	START	1702644629775
REQUEST		LoginAPI	1702644629774	1702644629824	OK	 
REQUEST		Request_X:VTS_QueryColumn	1702644629825	1702644630423	OK	 
REQUEST		Request_X:VTS_QueryColumn Redirect 1	1702644630423	1702644630752	OK	 
USER	Retrieve order scenario	END	1702644630759
USER	Retrieve order scenario	START	1702644640778
REQUEST		LoginAPI	1702644640777	1702644640825	OK	 
REQUEST		Request_X:VTS_QueryColumn	1702644640826	1702644641503	OK	 
REQUEST		Request_X:VTS_QueryColumn Redirect 1	1702644641504	1702644641913	OK	 
REQUEST		ModifyOrderSyncAPI	1702644641917	1702644641970	KO	j.n.UnknownHostException: pp5eusomapp.ikeadt.com
REQUEST		ModifyOrderSyncAPI	1702644641974	1702644641974	KO	j.n.UnknownHostException: pp5eusomapp.ikeadt.com
REQUEST		ModifyOrderSyncAPI	1702644641998	1702644641998	KO	j.n.UnknownHostException: pp5eusomapp.ikeadt.com
USER	Retrieve order scenario	END	1702644642002
USER	Retrieve order scenario	START	1702644652779
REQUEST		LoginAPI	1702644652778	1702644652819	OK	 
REQUEST		Request_X:VTS_QueryColumn	1702644652820	1702644653586	OK	 
REQUEST		Request_X:VTS_QueryColumn Redirect 1	1702644653586	1702644653890	OK	 
USER	Retrieve order scenario	END	1702644653892
USER	Retrieve order scenario	START	1702644663782
REQUEST		LoginAPI	1702644663780	1702644663833	OK	 
REQUEST		Request_X:VTS_QueryColumn	1702644663835	1702644664438	OK	 
REQUEST		