RUN	VTSTrails.VTSSimulationXmlConversion	vtssimulationxmlconversion	1699350491380	 	3.9.5
USER	Get Data From VTS	START	1699350496631
REQUEST		Get VTS Data	1699350496609	1699350497250	OK	 
REQUEST		Get VTS Data Redirect 1	1699350497261	1699350497561	OK	 
ERROR	request testing: Failed to build request: j.l.RuntimeException: No attribute named 'enterprise' is defined 	1699350498597
REQUEST		Get VTS Data	1699350499609	1699350499901	OK	 
REQUEST		Get VTS Data Redirect 1	1699350499901	1699350500223	OK	 
ERROR	request testing: Failed to build request: j.l.RuntimeException: No attribute named 'enterprise' is defined 	1699350500226
REQUEST		Get VTS Data	1699350501229	1699350501550	OK	 
REQUEST		Get VTS Data Redirect 1	1699350501551	1699350501858	OK	 
ERROR	request testing: Failed to build request: j.l.RuntimeException: No attribute named 'enterprise' is defined 	1699350501860
REQUEST		Get VTS Data	1699350502871	1699350503163	OK	 
REQUEST		Get VTS Data Redirect 1	1699350503164	1699350503495	OK	 
ERROR	request testing: Failed to build request: j.l.RuntimeException: No attribute named 'enterprise' is defined 	1699350503497
REQUEST		Get VTS Data	1699350504505	1699350504826	OK	 
REQUEST		Get VTS Data Redirect 1	1699350504826	1699350505133	OK	 
ERROR	request testing: Failed to build request: j.l.RuntimeException: No attribute named 'enterprise' is defined 	1699350505135
REQUEST		Get VTS Data	1699350506141	1699350506465	OK	 
REQUEST		Get VTS Data Redirect 1	1699350506465	1699350506771	OK	 
ERROR	request testing: Failed to build request: j.l.RuntimeException: No attribute named 'enterprise' is defined 	1699350506773
REQUEST		Get VTS Data	1699350507781	1699350508103	OK	 
REQUEST		Get VTS Data Redirect 1	1699350508104	1699350508395	OK	 
ERROR	request testing: Failed to build request: j.l.RuntimeException: No attribute named 'enterprise' is defined 	1699350508396
USER	Get Data From VTS	END	1699350509410
