RUN	WOPubConsumeFlow	wopubconsumeflow	1698380812059	 	3.9.5
USER	Initial Scenario	START	1698380816041
USER	Initial Scenario	END	1698380816043
USER	Update Work order queue in VTS	START	1698380818098
USER	Update Work order queue in VTS	START	1698380860471
USER	Update Work order queue in VTS	START	1698380903126
REQUEST		Update WORK_ORDER_QUEUE in VTS	1698380903123	1698380903147	OK	 
REQUEST		Update WORK_ORDER_QUEUE in VTS	1698380860470	1698380903209	OK	 
REQUEST		Update WORK_ORDER_QUEUE in VTS Redirect 1	1698380903196	1698380903264	OK	 
REQUEST		Update WORK_ORDER_QUEUE in VTS Redirect 1	1698380903251	1698380903288	OK	 
USER	Update Work order queue in VTS	END	1698380903296
USER	Update Work order queue in VTS	END	1698380903296
USER	Update Work order queue in VTS	START	1698380903441
USER	Update Work order queue in VTS	START	1698380903439
USER	Update Work order queue in VTS	START	1698380903438
USER	Update Work order queue in VTS	START	1698380946157
REQUEST		Update WORK_ORDER_QUEUE in VTS	1698380946155	1698380946168	OK	 
REQUEST		Update WORK_ORDER_QUEUE in VTS	1698380903316	1698380946170	OK	 
REQUEST		Update WORK_ORDER_QUEUE in VTS Redirect 1	1698380946168	1698380946172	OK	 
REQUEST		Update WORK_ORDER_QUEUE in VTS Redirect 1	1698380946170	1698380946250	OK	 
USER	Update Work order queue in VTS	END	1698380946251
USER	Update Work order queue in VTS	END	1698380946251
USER	Update Work order queue in VTS	START	1698380989424
REQUEST		Update WORK_ORDER_QUEUE in VTS	1698380818091	1698380989430	KO	Request timeout to vts-dh2.ikeadt.com/10.230.72.89:2334 after 60000 ms
REQUEST		Update WORK_ORDER_QUEUE in VTS	1698380903330	1698380989442	KO	Request timeout after 60000 ms
REQUEST		Update WORK_ORDER_QUEUE in VTS	1698380989422	1698380989452	OK	 
USER	Update Work order queue in VTS	END	1698380989458
USER	Update Work order queue in VTS	END	1698380989458
REQUEST		Update WORK_ORDER_QUEUE in VTS Redirect 1	1698380989453	1698380989460	OK	 
USER	Update Work order queue in VTS	END	1698380989463
ERROR	Update WORK_ORDER_QUEUE in VTS: Failed to build request: Attribute inputToVTS's value is null 	1698380998637
USER	Update Work order queue in VTS	START	1698380998637
USER	Update Work order queue in VTS	END	1698380998638
ERROR	Update WORK_ORDER_QUEUE in VTS: Failed to build request: Attribute inputToVTS's value is null 	1698381008723
USER	Update Work order queue in VTS	START	1698381008724
USER	Update Work order queue in VTS	END	1698381008724
REQUEST		Update WORK_ORDER_QUEUE in VTS	1698380903334	1698381008724	KO	Request timeout after 60000 ms
USER	Update Work order queue in VTS	END	1698381008729
