RUN	CDCInvAdj.CDCInvAdjustment	cdcinvadjustment	1696913669869	 	3.9.5
USER	Initial Scenario	START	1696913802215
REQUEST		GET CDC quantity from VTS	1696913802190	1696913802282	OK	 
REQUEST		GET CDC quantity from VTS Redirect 1	1696913802319	1696913802366	OK	 
USER	Initial Scenario	END	1696913802492
USER	CDC Inv Adjustment	START	1696913803079
USER	CDC Inv Adjustment	START	1696913803079
USER	CDC Inv Adjustment	START	1696913803080
USER	CDC Inv Adjustment	START	1696913803080
USER	CDC Inv Adjustment	START	1696913803081
REQUEST		request testing	1696913803147	1696913803147	OK	 
REQUEST		request testing	1696913803155	1696913803155	OK	 
REQUEST		request testing	1696913803155	1696913803155	OK	 
REQUEST		request testing	1696913803157	1696913803157	OK	 
REQUEST		request testing	1696913803173	1696913803173	OK	 
REQUEST		request testing	1696913803184	1696913803184	OK	 
REQUEST		request testing	1696913803188	1696913803188	OK	 
REQUEST		request testing	1696913803192	1696913803192	OK	 
REQUEST		request testing	1696913803206	1696913803206	OK	 
REQUEST		request testing	1696913803206	1696913803206	OK	 
REQUEST		request testing	1696913803211	1696913803211	OK	 
REQUEST		request testing	1696913803213	1696913803213	OK	 
REQUEST		request testing	1696913803218	1696913803218	OK	 
REQUEST		request testing	1696913803222	1696913803222	OK	 
REQUEST		request testing	1696913803227	1696913803227	OK	 
REQUEST		request testing	1696913803232	1696913803232	OK	 
REQUEST		request testing	1696913803235	1696913803235	OK	 
REQUEST		request testing	1696913803238	1696913803238	OK	 
REQUEST		request testing	1696913803245	1696913803245	OK	 
REQUEST		request testing	1696913803253	1696913803253	OK	 
REQUEST		request testing	1696913803258	1696913803258	OK	 
REQUEST		request testing	1696913803261	1696913803261	OK	 
REQUEST		request testing	1696913803262	1696913803262	OK	 
REQUEST		request testing	1696913803268	1696913803268	OK	 
REQUEST		request testing	1696913803279	1696913803279	OK	 
REQUEST		request testing	1696913803283	1696913803283	OK	 
REQUEST		request testing	1696913803283	1696913803283	OK	 
REQUEST		request testing	1696913803294	1696913803294	OK	 
REQUEST		request testing	1696913803297	1696913803297	OK	 
REQUEST		request testing	1696913803301	1696913803301	OK	 
REQUEST		request testing	1696913803308	1696913803308	OK	 
REQUEST		request testing	1696913803312	1696913803312	OK	 
REQUEST		request testing	1696913803313	1696913803313	OK	 
REQUEST		request testing	1696913803320	1696913803320	OK	 
REQUEST		request testing	1696913803325	1696913803325	OK	 
REQUEST		request testing	1696913803341	1696913803341	OK	 
REQUEST		request testing	1696913803346	1696913803346	OK	 
REQUEST		request testing	1696913803350	1696913803350	OK	 
REQUEST		request testing	1696913803352	1696913803352	OK	 
REQUEST		request testing	1696913803358	1696913803358	OK	 
REQUEST		request testing	1696913803368	1696913803368	OK	 
REQUEST		request testing	1696913803382	1696913803382	OK	 
REQUEST		request testing	1696913803395	1696913803395	OK	 
REQUEST		request testing	1696913803398	1696913803398	OK	 
REQUEST		request testing	1696913803402	1696913803402	OK	 
REQUEST		request testing	1696913803405	1696913803405	OK	 
REQUEST		request testing	1696913803408	1696913803408	OK	 
REQUEST		request testing	1696913803424	1696913803424	OK	 
REQUEST		request testing	1696913803428	1696913803428	OK	 
REQUEST		request testing	1696913803437	1696913803437	OK	 
REQUEST		request testing	1696913803439	1696913803439	OK	 
REQUEST		request testing	1696913803441	1696913803441	OK	 
REQUEST		request testing	1696913803443	1696913803443	OK	 
REQUEST		request testing	1696913803452	1696913803452	OK	 
REQUEST		request testing	1696913803453	1696913803453	OK	 
REQUEST		request testing	1696913803466	1696913803466	OK	 
REQUEST		request testing	1696913803476	1696913803476	OK	 
REQUEST		request testing	1696913803482	1696913803482	OK	 
REQUEST		request testing	1696913803484	1696913803484	OK	 
REQUEST		request testing	1696913803486	1696913803486	OK	 
REQUEST		request testing	1696913803493	1696913803493	OK	 
REQUEST		request testing	1696913803508	1696913803508	OK	 
REQUEST		request testing	1696913803517	1696913803517	OK	 
REQUEST		request testing	1696913803520	1696913803520	OK	 
REQUEST		request testing	1696913803525	1696913803525	OK	 
REQUEST		request testing	1696913803528	1696913803528	OK	 
REQUEST		request testing	1696913803531	1696913803531	OK	 
REQUEST		request testing	1696913803539	1696913803539	OK	 
REQUEST		request testing	1696913803540	1696913803540	OK	 
REQUEST		request testing	1696913803543	1696913803543	OK	 
REQUEST		request testing	1696913803545	1696913803545	OK	 
REQUEST		request testing	1696913803552	1696913803552	OK	 
REQUEST		request testing	1696913803556	1696913803556	OK	 
REQUEST		request testing	1696913803560	1696913803560	OK	 
REQUEST		request testing	1696913803560	1696913803560	OK	 
REQUEST		request testing	1696913803571	1696913803571	OK	 
REQUEST		request testing	1696913803581	1696913803581	OK	 
REQUEST		request testing	1696913803584	1696913803584	OK	 
REQUEST		request testing	1696913803585	1696913803585	OK	 
REQUEST		request testing	1696913803593	1696913803593	OK	 
REQUEST		request testing	1696913803597	1696913803597	OK	 
REQUEST		request testing	1696913803609	1696913803609	OK	 
REQUEST		request testing	1696913803613	1696913803613	OK	 
REQUEST		request testing	1696913803615	1696913803615	OK	 
REQUEST		request testing	1696913803708	1696913803708	OK	 
REQUEST		request testing	1696913803740	1696913803740	OK	 
REQUEST		request testing	1696913803759	1696913803759	OK	 
REQUEST		request testing	1696913803762	1696913803762	OK	 
REQUEST		request testing	1696913803770	1696913803770	OK	 
REQUEST		request testing	1696913803772	1696913803772	OK	 
REQUEST		request testing	1696913803771	1696913803771	OK	 
REQUEST		request testing	1696913803782	1696913803782	OK	 
REQUEST		request testing	1696913803789	1696913803789	OK	 
REQUEST		request testing	1696913803790	1696913803790	OK	 
REQUEST		request testing	1696913803792	1696913803792	OK	 
REQUEST		request testing	1696913803800	1696913803800	OK	 
REQUEST		request testing	1696913803803	1696913803803	OK	 
REQUEST		request testing	1696913803811	1696913803811	OK	 
REQUEST		request testing	1696913803813	1696913803813	OK	 
REQUEST		request testing	1696913803816	1696913803816	OK	 
REQUEST		request testing	1696913803820	1696913803820	OK	 
REQUEST		request testing	1696913803829	1696913803829	OK	 
REQUEST		request testing	1696913803830	1696913803830	OK	 
REQUEST		request testing	1696913803832	1696913803832	OK	 
REQUEST		request testing	1696913803839	1696913803839	OK	 
REQUEST		request testing	1696913803841	1696913803841	OK	 
REQUEST		request testing	1696913803843	1696913803843	OK	 
REQUEST		request testing	1696913803850	1696913803850	OK	 
REQUEST		request testing	1696913803852	1696913803852	OK	 
REQUEST		request testing	1696913803856	1696913803856	OK	 
REQUEST		request testing	1696913803858	1696913803858	OK	 
REQUEST		request testing	1696913803864	1696913803864	OK	 
REQUEST		request testing	1696913803872	1696913803872	OK	 
REQUEST		request testing	1696913803873	1696913803873	OK	 
REQUEST		request testing	1696913803875	1696913803875	OK	 
REQUEST		request testing	1696913803880	1696913803880	OK	 
REQUEST		request testing	1696913803889	1696913803889	OK	 
REQUEST		request testing	1696913803890	1696913803890	OK	 
REQUEST		request testing	1696913803895	1696913803895	OK	 
REQUEST		request testing	1696913803898	1696913803898	OK	 
REQUEST		request testing	1696913803913	1696913803913	OK	 
REQUEST		request testing	1696913803917	1696913803917	OK	 
REQUEST		request testing	1696913803920	1696913803920	OK	 
REQUEST		request testing	1696913803927	1696913803927	OK	 
REQUEST		request testing	1696913803930	1696913803930	OK	 
REQUEST		request testing	1696913803933	1696913803933	OK	 
REQUEST		request testing	1696913803933	1696913803933	OK	 
REQUEST		request testing	1696913803943	1696913803943	OK	 
REQUEST		request testing	1696913803950	1696913803950	OK	 
REQUEST		request testing	1696913803951	1696913803951	OK	 
REQUEST		request testing	1696913803952	1696913803952	OK	 
REQUEST		request testing	1696913803961	1696913803961	OK	 
REQUEST		request testing	1696913803963	1696913803963	OK	 
REQUEST		request testing	1696913803976	1696913803976	OK	 
REQUEST		request testing	1696913803977	1696913803977	OK	 
REQUEST		request testing	1696913803981	1696913803981	OK	 
REQUEST		request testing	1696913803982	1696913803982	OK	 
REQUEST		request testing	1696913803988	1696913803988	OK	 
REQUEST		request testing	1696913803990	1696913803990	OK	 
REQUEST		request testing	1696913803999	1696913803999	OK	 
REQUEST		request testing	1696913804000	1696913804000	OK	 
REQUEST		request testing	1696913804000	1696913804000	OK	 
REQUEST		request testing	1696913804004	1696913804004	OK	 
REQUEST		request testing	1696913804012	1696913804012	OK	 
REQUEST		request testing	1696913804037	1696913804037	OK	 
REQUEST		request testing	1696913804039	1696913804039	OK	 
REQUEST		request testing	1696913804044	1696913804044	OK	 
REQUEST		request testing	1696913804047	1696913804047	OK	 
