RUN	VTSTrails.VTSSimulationXmlConversion	vtssimulationxmlconversion	1699425929868	 	3.9.5
USER	Get Data From VTS	START	1699425935719
REQUEST		Get VTS Data	1699425935374	1699425936348	OK	 
REQUEST		Get VTS Data Redirect 1	1699425936355	1699425936734	OK	 
REQUEST		request testing	1699425937766	1699425937766	OK	 
REQUEST		Get VTS Data	1699425938778	1699425939086	OK	 
REQUEST		Get VTS Data Redirect 1	1699425939086	1699425939393	OK	 
REQUEST		request testing	1699425939395	1699425939395	OK	 
REQUEST		Get VTS Data	1699425940404	1699425940725	OK	 
REQUEST		Get VTS Data Redirect 1	1699425940726	1699425941032	OK	 
REQUEST		request testing	1699425941034	1699425941034	OK	 
REQUEST		Get VTS Data	1699425942050	1699425942465	OK	 
REQUEST		Get VTS Data Redirect 1	1699425942466	1699425942773	OK	 
REQUEST		request testing	1699425942776	1699425942776	OK	 
REQUEST		Get VTS Data	1699425943790	1699425944103	OK	 
REQUEST		Get VTS Data Redirect 1	1699425944104	1699425944616	OK	 
REQUEST		request testing	1699425944619	1699425944619	OK	 
REQUEST		Get VTS Data	1699425945635	1699425945946	OK	 
REQUEST		Get VTS Data Redirect 1	1699425945947	1699425946253	OK	 
REQUEST		request testing	1699425946255	1699425946255	OK	 
REQUEST		Get VTS Data	1699425947267	1699425947585	OK	 
REQUEST		Get VTS Data Redirect 1	1699425947585	1699425947883	OK	 
REQUEST		request testing	1699425947884	1699425947884	OK	 
USER	Get Data From VTS	END	1699425948901
