RUN	StoreInvAdj.StoreInvAdjustment	storeinvadjustment	1697782125178	 	3.9.5
USER	Initial Scenario	START	1697782214838
REQUEST		GET Store quantity from VTS	1697782214811	1697782214900	OK	 
REQUEST		GET Store quantity from VTS Redirect 1	1697782214954	1697782214978	OK	 
USER	Initial Scenario	END	1697782215282
USER	CDC Inv Adjustment	START	1697782215637
REQUEST		request testing	1697782215940	1697782215940	OK	 
REQUEST		request testing	1697782215986	1697782215986	OK	 
REQUEST		request testing	1697782216118	1697782216118	OK	 
REQUEST		request testing	1697782216218	1697782216218	OK	 
REQUEST		request testing	1697782216247	1697782216247	OK	 
REQUEST		request testing	1697782216291	1697782216291	OK	 
REQUEST		request testing	1697782216338	1697782216338	OK	 
REQUEST		request testing	1697782216372	1697782216372	OK	 
REQUEST		request testing	1697782216401	1697782216401	OK	 
REQUEST		request testing	1697782216447	1697782216447	OK	 
REQUEST		request testing	1697782216512	1697782216512	OK	 
REQUEST		request testing	1697782216559	1697782216559	OK	 
REQUEST		request testing	1697782216590	1697782216590	OK	 
REQUEST		request testing	1697782216644	1697782216644	OK	 
REQUEST		request testing	1697782216679	1697782216679	OK	 
REQUEST		request testing	1697782216743	1697782216743	OK	 
REQUEST		request testing	1697782216805	1697782216805	OK	 
REQUEST		request testing	1697782216873	1697782216873	OK	 
REQUEST		request testing	1697782216907	1697782216907	OK	 
REQUEST		request testing	1697782216987	1697782216987	OK	 
REQUEST		request testing	1697782217068	1697782217068	OK	 
REQUEST		request testing	1697782217112	1697782217112	OK	 
REQUEST		request testing	1697782217144	1697782217144	OK	 
REQUEST		request testing	1697782217181	1697782217181	OK	 
REQUEST		request testing	1697782217208	1697782217208	OK	 
REQUEST		request testing	1697782217243	1697782217243	OK	 
REQUEST		request testing	1697782217373	1697782217373	OK	 
REQUEST		request testing	1697782217442	1697782217442	OK	 
REQUEST		request testing	1697782217481	1697782217481	OK	 
REQUEST		request testing	1697782217514	1697782217514	OK	 
REQUEST		request testing	1697782217568	1697782217568	OK	 
REQUEST		request testing	1697782217781	1697782217781	OK	 
REQUEST		request testing	1697782217810	1697782217810	OK	 
REQUEST		request testing	1697782217953	1697782217953	OK	 
REQUEST		request testing	1697782218015	1697782218015	OK	 
REQUEST		request testing	1697782218042	1697782218042	OK	 
REQUEST		request testing	1697782218067	1697782218067	OK	 
REQUEST		request testing	1697782218091	1697782218091	OK	 
REQUEST		request testing	1697782218122	1697782218122	OK	 
REQUEST		request testing	1697782218157	1697782218157	OK	 
REQUEST		request testing	1697782218187	1697782218187	OK	 
REQUEST		request testing	1697782218221	1697782218221	OK	 
REQUEST		request testing	1697782218249	1697782218249	OK	 
REQUEST		request testing	1697782218292	1697782218292	OK	 
REQUEST		request testing	1697782218314	1697782218314	OK	 
REQUEST		request testing	1697782218336	1697782218336	OK	 
REQUEST		request testing	1697782218363	1697782218363	OK	 
REQUEST		request testing	1697782218391	1697782218391	OK	 
REQUEST		request testing	1697782218436	1697782218436	OK	 
USER	CDC Inv Adjustment	END	1697782218442
USER	Update CDC Quantity in VTS	START	1697782218641
REQUEST		Update CDC Quantity in VTS	1697782218637	1697782218657	OK	 
REQUEST		Update CDC Quantity in VTS Redirect 1	1697782218658	1697782218682	OK	 
USER	Update CDC Quantity in VTS	END	1697782218803
