RUN	CDCInvAdj.CDCInvAdjustment	cdcinvadjustment	1696915381998	 	3.9.5
USER	Initial Scenario	START	1696915429628
REQUEST		GET CDC quantity from VTS	1696915429613	1696915429647	OK	 
REQUEST		GET CDC quantity from VTS Redirect 1	1696915429743	1696915429773	OK	 
USER	Initial Scenario	END	1696915429871
USER	CDC Inv Adjustment	START	1696915430398
USER	CDC Inv Adjustment	START	1696915430399
USER	CDC Inv Adjustment	START	1696915430400
USER	CDC Inv Adjustment	START	1696915430400
USER	CDC Inv Adjustment	START	1696915430401
REQUEST		request testing	1696915430512	1696915430512	OK	 
REQUEST		request testing	1696915430523	1696915430523	OK	 
REQUEST		request testing	1696915430526	1696915430526	OK	 
REQUEST		request testing	1696915430529	1696915430529	OK	 
ERROR	request testing: Failed to build request: j.j.JMSSecurityException: Access denied to resource: type=<jms>, application=SOMJMSSystemResource, destinationType=queue, resource=SOM_IN_INVENTORY_ADJUST_QUEUE, action=send 	1696915430550
REQUEST		request testing	1696915430559	1696915430559	OK	 
REQUEST		request testing	1696915430566	1696915430566	OK	 
ERROR	request testing: Failed to build request: j.j.JMSSecurityException: Access denied to resource: type=<jms>, application=SOMJMSSystemResource, destinationType=queue, resource=SOM_IN_INVENTORY_ADJUST_QUEUE, action=send 	1696915430569
ERROR	request testing: Failed to build request: j.j.JMSSecurityException: Access denied to resource: type=<jms>, application=SOMJMSSystemResource, destinationType=queue, resource=SOM_IN_INVENTORY_ADJUST_QUEUE, action=send 	1696915430571
REQUEST		request testing	1696915430572	1696915430572	OK	 
ERROR	request testing: Failed to build request: j.j.JMSSecurityException: Access denied to resource: type=<jms>, application=SOMJMSSystemResource, destinationType=queue, resource=SOM_IN_INVENTORY_ADJUST_QUEUE, action=send 	1696915430574
REQUEST		request testing	1696915430578	1696915430578	OK	 
ERROR	request testing: Failed to build request: j.j.JMSSecurityException: Access denied to resource: type=<jms>, application=SOMJMSSystemResource, destinationType=queue, resource=SOM_IN_INVENTORY_ADJUST_QUEUE, action=send 	1696915430582
REQUEST		request testing	1696915430583	1696915430583	OK	 
REQUEST		request testing	1696915430585	1696915430585	OK	 
ERROR	request testing: Failed to build request: j.j.JMSSecurityException: Access denied to resource: type=<jms>, application=SOMJMSSystemResource, destinationType=queue, resource=SOM_IN_INVENTORY_ADJUST_QUEUE, action=send 	1696915430587
ERROR	request testing: Failed to build request: j.j.JMSSecurityException: Access denied to resource: type=<jms>, application=SOMJMSSystemResource, destinationType=queue, resource=SOM_IN_INVENTORY_ADJUST_QUEUE, action=send 	1696915430592
REQUEST		request testing	1696915430595	1696915430595	OK	 
REQUEST		request testing	1696915430595	1696915430595	OK	 
ERROR	request testing: Failed to build request: j.j.JMSSecurityException: Access denied to resource: type=<jms>, application=SOMJMSSystemResource, destinationType=queue, resource=SOM_IN_INVENTORY_ADJUST_QUEUE, action=send 	1696915430599
REQUEST		request testing	1696915430599	1696915430599	OK	 
REQUEST		request testing	1696915430602	1696915430602	OK	 
REQUEST		request testing	1696915430605	1696915430605	OK	 
ERROR	request testing: Failed to build request: j.j.JMSSecurityException: Access denied to resource: type=<jms>, application=SOMJMSSystemResource, destinationType=queue, resource=SOM_IN_INVENTORY_ADJUST_QUEUE, action=send 	1696915430612
ERROR	request testing: Failed to build request: j.j.JMSSecurityException: Access denied to resource: type=<jms>, application=SOMJMSSystemResource, destinationType=queue, resource=SOM_IN_INVENTORY_ADJUST_QUEUE, action=send 	1696915430615
ERROR	request testing: Failed to build request: j.j.JMSSecurityException: Access denied to resource: type=<jms>, application=SOMJMSSystemResource, destinationType=queue, resource=SOM_IN_INVENTORY_ADJUST_QUEUE, action=send 	1696915430618
REQUEST		request testing	1696915430698	1696915430698	OK	 
REQUEST		request testing	1696915430701	1696915430701	OK	 
REQUEST		request testing	1696915430704	1696915430704	OK	 
REQUEST		request testing	1696915430717	1696915430717	OK	 
ERROR	request testing: Failed to build request: j.j.JMSSecurityException: Access denied to resource: type=<jms>, application=SOMJMSSystemResource, destinationType=queue, resource=SOM_IN_INVENTORY_ADJUST_QUEUE, action=send 	1696915430725
REQUEST		request testing	1696915430744	1696915430744	OK	 
ERROR	request testing: Failed to build request: j.j.JMSSecurityException: Access denied to resource: type=<jms>, application=SOMJMSSystemResource, destinationType=queue, resource=SOM_IN_INVENTORY_ADJUST_QUEUE, action=send 	1696915430759
REQUEST		request testing	1696915430761	1696915430761	OK	 
ERROR	request testing: Failed to build request: j.j.JMSSecurityException: Access denied to resource: type=<jms>, application=SOMJMSSystemResource, destinationType=queue, resource=SOM_IN_INVENTORY_ADJUST_QUEUE, action=send 	1696915430764
REQUEST		request testing	1696915430767	1696915430767	OK	 
ERROR	request testing: Failed to build request: j.j.JMSSecurityException: Access denied to resource: type=<jms>, application=SOMJMSSystemResource, destinationType=queue, resource=SOM_IN_INVENTORY_ADJUST_QUEUE, action=send 	1696915430782
REQUEST		request testing	1696915430786	1696915430786	OK	 
ERROR	request testing: Failed to build request: j.j.JMSSecurityException: Access denied to resource: type=<jms>, application=SOMJMSSystemResource, destinationType=queue, resource=SOM_IN_INVENTORY_ADJUST_QUEUE, action=send 	1696915430790
REQUEST		request testing	1696915430792	1696915430792	OK	 
REQUEST		request testing	1696915430793	1696915430793	OK	 
ERROR	request testing: Failed to build request: j.j.JMSSecurityException: Access denied to resource: type=<jms>, application=SOMJMSSystemResource, destinationType=queue, resource=SOM_IN_INVENTORY_ADJUST_QUEUE, action=send 	1696915430794
REQUEST		request testing	1696915430795	1696915430795	OK	 
ERROR	request testing: Failed to build request: j.j.JMSSecurityException: Access denied to resource: type=<jms>, application=SOMJMSSystemResource, destinationType=queue, resource=SOM_IN_INVENTORY_ADJUST_QUEUE, action=send 	1696915430804
REQUEST		request testing	1696915430807	1696915430807	OK	 
REQUEST		request testing	1696915430807	1696915430807	OK	 
ERROR	request testing: Failed to build request: j.j.JMSSecurityException: Access denied to resource: type=<jms>, application=SOMJMSSystemResource, destinationType=queue, resource=SOM_IN_INVENTORY_ADJUST_QUEUE, action=send 	1696915430810
REQUEST		request testing	1696915430813	1696915430813	OK	 
REQUEST		request testing	1696915430814	1696915430814	OK	 
ERROR	request testing: Failed to build request: j.j.JMSSecurityException: Access denied to resource: type=<jms>, application=SOMJMSSystemResource, destinationType=queue, resource=SOM_IN_INVENTORY_ADJUST_QUEUE, action=send 	1696915430823
ERROR	request testing: Failed to build request: j.j.JMSSecurityException: Access denied to resource: type=<jms>, application=SOMJMSSystemResource, destinationType=queue, resource=SOM_IN_INVENTORY_ADJUST_QUEUE, action=send 	1696915430852
REQUEST		request testing	1696915430854	1696915430854	OK	 
REQUEST		request testing	1696915430859	1696915430859	OK	 
ERROR	request testing: Failed to build request: j.j.JMSSecurityException: Access denied to resource: type=<jms>, application=SOMJMSSystemResource, destinationType=queue, resource=SOM_IN_INVENTORY_ADJUST_QUEUE, action=send 	1696915430863
REQUEST		request testing	1696915430865	1696915430865	OK	 
ERROR	request testing: Failed to build request: j.j.JMSSecurityException: Access denied to resource: type=<jms>, application=SOMJMSSystemResource, destinationType=queue, resource=SOM_IN_INVENTORY_ADJUST_QUEUE, action=send 	1696915430870
REQUEST		request testing	1696915430871	1696915430871	OK	 
ERROR	request testing: Failed to build request: j.j.JMSSecurityException: Access denied to resource: type=<jms>, application=SOMJMSSystemResource, destinationType=queue, resource=SOM_IN_INVENTORY_ADJUST_QUEUE, action=send 	1696915430870
REQUEST		request testing	1696915430873	1696915430873	OK	 
REQUEST		request testing	1696915430876	1696915430876	OK	 
ERROR	request testing: Failed to build request: j.j.JMSSecurityException: Access denied to resource: type=<jms>, application=SOMJMSSystemResource, destinationType=queue, resource=SOM_IN_INVENTORY_ADJUST_QUEUE, action=send 	1696915430877
REQUEST		request testing	1696915430879	1696915430879	OK	 
REQUEST		request testing	1696915430883	1696915430883	OK	 
ERROR	request testing: Failed to build request: j.j.JMSSecurityException: Access denied to resource: type=<jms>, application=SOMJMSSystemResource, destinationType=queue, resource=SOM_IN_INVENTORY_ADJUST_QUEUE, action=send 	1696915430885
REQUEST		request testing	1696915430887	1696915430887	OK	 
ERROR	request testing: Failed to build request: j.j.JMSSecurityException: Access denied to resource: type=<jms>, application=SOMJMSSystemResource, destinationType=queue, resource=SOM_IN_INVENTORY_ADJUST_QUEUE, action=send 	1696915430889
REQUEST		request testing	1696915430891	1696915430891	OK	 
ERROR	request testing: Failed to build request: j.j.JMSSecurityException: Access denied to resource: type=<jms>, application=SOMJMSSystemResource, destinationType=queue, resource=SOM_IN_INVENTORY_ADJUST_QUEUE, action=send 	1696915430891
REQUEST		request testing	1696915430893	1696915430893	OK	 
REQUEST		request testing	1696915430894	1696915430894	OK	 
ERROR	request testing: Failed to build request: j.j.JMSSecurityException: Access denied to resource: type=<jms>, application=SOMJMSSystemResource, destinationType=queue, resource=SOM_IN_INVENTORY_ADJUST_QUEUE, action=send 	1696915430908
REQUEST		request testing	1696915430919	1696915430919	OK	 
ERROR	request testing: Failed to build request: j.j.JMSSecurityException: Access denied to resource: type=<jms>, application=SOMJMSSystemResource, destinationType=queue, resource=SOM_IN_INVENTORY_ADJUST_QUEUE, action=send 	1696915430940
REQUEST		request testing	1696915430942	1696915430942	OK	 
ERROR	request testing: Failed to build request: j.j.JMSSecurityException: Access denied to resource: type=<jms>, application=SOMJMSSystemResource, destinationType=queue, resource=SOM_IN_INVENTORY_ADJUST_QUEUE, action=send 	1696915430943
REQUEST		request testing	1696915430947	1696915430947	OK	 
REQUEST		request testing	1696915430950	1696915430950	OK	 
ERROR	request testing: Failed to build request: j.j.JMSSecurityException: Access denied to resource: type=<jms>, application=SOMJMSSystemResource, destinationType=queue, resource=SOM_IN_INVENTORY_ADJUST_QUEUE, action=send 	1696915430955
REQUEST		request testing	1696915430957	1696915430957	OK	 
ERROR	request testing: Failed to build request: j.j.JMSSecurityException: Access denied to resource: type=<jms>, application=SOMJMSSystemResource, destinationType=queue, resource=SOM_IN_INVENTORY_ADJUST_QUEUE, action=send 	1696915430958
REQUEST		request testing	1696915430961	1696915430961	OK	 
REQUEST		request testing	1696915430961	1696915430961	OK	 
ERROR	request testing: Failed to build request: j.j.JMSSecurityException: Access denied to resource: type=<jms>, application=SOMJMSSystemResource, destinationType=queue, resource=SOM_IN_INVENTORY_ADJUST_QUEUE, action=send 	1696915430964
ERROR	request testing: Failed to build request: j.j.JMSSecurityException: Access denied to resource: type=<jms>, application=SOMJMSSystemResource, destinationType=queue, resource=SOM_IN_INVENTORY_ADJUST_QUEUE, action=send 	1696915430966
REQUEST		request testing	1696915430968	1696915430968	OK	 
REQUEST		request testing	1696915430972	1696915430972	OK	 
ERROR	request testing: Failed to build request: j.j.JMSSecurityException: Access denied to resource: type=<jms>, application=SOMJMSSystemResource, destinationType=queue, resource=SOM_IN_INVENTORY_ADJUST_QUEUE, action=send 	1696915430977
REQUEST		request testing	1696915430979	1696915430979	OK	 
REQUEST		request testing	1696915430981	1696915430981	OK	 
ERROR	request testing: Failed to build request: j.j.JMSSecurityException: Access denied to resource: type=<jms>, application=SOMJMSSystemResource, destinationType=queue, resource=SOM_IN_INVENTORY_ADJUST_QUEUE, action=send 	1696915430983
REQUEST		request testing	1696915430984	1696915430984	OK	 
ERROR	request testing: Failed to build request: j.j.JMSSecurityException: Access denied to resource: type=<jms>, application=SOMJMSSystemResource, destinationType=queue, resource=SOM_IN_INVENTORY_ADJUST_QUEUE, action=send 	1696915430985
ERROR	request testing: Failed to build request: j.j.JMSSecurityException: Access denied to resource: type=<jms>, application=SOMJMSSystemResource, destinationType=queue, resource=SOM_IN_INVENTORY_ADJUST_QUEUE, action=send 	1696915430985
REQUEST		request testing	1696915430986	1696915430986	OK	 
REQUEST		request testing	1696915430989	1696915430989	OK	 
REQUEST		request testing	1696915430990	1696915430990	OK	 
ERROR	request testing: Failed to build request: j.j.JMSSecurityException: Access denied to resource: type=<jms>, application=SOMJMSSystemResource, destinationType=queue, resource=SOM_IN_INVENTORY_ADJUST_QUEUE, action=send 	1696915430994
REQUEST		request testing	1696915430999	1696915430999	OK	 
ERROR	request testing: Failed to build request: j.j.JMSSecurityException: Access denied to resource: type=<jms>, application=SOMJMSSystemResource, destinationType=queue, resource=SOM_IN_INVENTORY_ADJUST_QUEUE, action=send 	1696915431002
REQUEST		request testing	1696915431004	1696915431004	OK	 
REQUEST		request testing	1696915431006	1696915431006	OK	 
ERROR	request testing: Failed to build request: j.j.JMSSecurityException: Access denied to resource: type=<jms>, application=SOMJMSSystemResource, destinationType=queue, resource=SOM_IN_INVENTORY_ADJUST_QUEUE, action=send 	1696915431012
REQUEST		request testing	1696915431014	1696915431014	OK	 
ERROR	request testing: Failed to build request: j.j.JMSSecurityException: Access denied to resource: type=<jms>, application=SOMJMSSystemResource, destinationType=queue, resource=SOM_IN_INVENTORY_ADJUST_QUEUE, action=send 	1696915431017
REQUEST		request testing	1696915431020	1696915431020	OK	 
ERROR	request testing: Failed to build request: j.j.JMSSecurityException: Access denied to resource: type=<jms>, application=SOMJMSSystemResource, destinationType=queue, resource=SOM_IN_INVENTORY_ADJUST_QUEUE, action=send 	1696915431022
REQUEST		request testing	1696915431026	1696915431026	OK	 
REQUEST		request testing	1696915431027	1696915431027	OK	 
ERROR	request testing: Failed to build request: j.j.JMSSecurityException: Access denied to resource: type=<jms>, application=SOMJMSSystemResource, destinationType=queue, resource=SOM_IN_INVENTORY_ADJUST_QUEUE, action=send 	1696915431029
ERROR	request testing: Failed to build request: j.j.JMSSecurityException: Access denied to resource: type=<jms>, application=SOMJMSSystemResource, destinationType=queue, resource=SOM_IN_INVENTORY_ADJUST_QUEUE, action=send 	1696915431029
REQUEST		request testing	1696915431031	1696915431031	OK	 
REQUEST		request testing	1696915431032	1696915431032	OK	 
REQUEST		request testing	1696915431034	1696915431034	OK	 
ERROR	request testing: Failed to build request: j.j.JMSSecurityException: Access denied to resource: type=<jms>, application=SOMJMSSystemResource, destinationType=queue, resource=SOM_IN_INVENTORY_ADJUST_QUEUE, action=send 	1696915431036
REQUEST		request testing	1696915431038	1696915431038	OK	 
ERROR	request testing: Failed to build request: j.j.JMSSecurityException: Access denied to resource: type=<jms>, application=SOMJMSSystemResource, destinationType=queue, resource=SOM_IN_INVENTORY_ADJUST_QUEUE, action=send 	1696915431038
REQUEST		request testing	1696915431042	1696915431042	OK	 
REQUEST		request testing	1696915431048	1696915431048	OK	 
ERROR	request testing: Failed to build request: j.j.JMSSecurityException: Access denied to resource: type=<jms>, application=SOMJMSSystemResource, destinationType=queue, resource=SOM_IN_INVENTORY_ADJUST_QUEUE, action=send 	1696915431051
ERROR	request testing: Failed to build request: j.j.JMSSecurityException: Access denied to resource: type=<jms>, application=SOMJMSSystemResource, destinationType=queue, resource=SOM_IN_INVENTORY_ADJUST_QUEUE, action=send 	1696915431052
REQUEST		request testing	1696915431055	1696915431055	OK	 
REQUEST		request testing	1696915431058	1696915431058	OK	 
REQUEST		request testing	1696915431061	1696915431061	OK	 
ERROR	request testing: Failed to build request: j.j.JMSSecurityException: Access denied to resource: type=<jms>, application=SOMJMSSystemResource, destinationType=queue, resource=SOM_IN_INVENTORY_ADJUST_QUEUE, action=send 	1696915431066
REQUEST		request testing	1696915431068	1696915431068	OK	 
ERROR	request testing: Failed to build request: j.j.JMSSecurityException: Access denied to resource: type=<jms>, application=SOMJMSSystemResource, destinationType=queue, resource=SOM_IN_INVENTORY_ADJUST_QUEUE, action=send 	1696915431069
REQUEST		request testing	1696915431072	1696915431072	OK	 
REQUEST		request testing	1696915431079	1696915431079	OK	 
ERROR	request testing: Failed to build request: j.j.JMSSecurityException: Access denied to resource: type=<jms>, application=SOMJMSSystemResource, destinationType=queue, resource=SOM_IN_INVENTORY_ADJUST_QUEUE, action=send 	1696915431082
REQUEST		request testing	1696915431084	1696915431084	OK	 
REQUEST		request testing	1696915431089	1696915431089	OK	 
ERROR	request testing: Failed to build request: j.j.JMSSecurityException: Access denied to resource: type=<jms>, application=SOMJMSSystemResource, destinationType=queue, resource=SOM_IN_INVENTORY_ADJUST_QUEUE, action=send 	1696915431091
REQUEST		request testing	1696915431093	1696915431093	OK	 
ERROR	request testing: Failed to build request: j.j.JMSSecurityException: Access denied to resource: type=<jms>, application=SOMJMSSystemResource, destinationType=queue, resource=SOM_IN_INVENTORY_ADJUST_QUEUE, action=send 	1696915431175
REQUEST		request testing	1696915431178	1696915431178	OK	 
REQUEST		request testing	1696915431180	1696915431180	OK	 
ERROR	request testing: Failed to build request: j.j.JMSSecurityException: Access denied to resource: type=<jms>, application=SOMJMSSystemResource, destinationType=queue, resource=SOM_IN_INVENTORY_ADJUST_QUEUE, action=send 	1696915431183
ERROR	request testing: Failed to build request: j.j.JMSSecurityException: Access denied to resource: type=<jms>, application=SOMJMSSystemResource, destinationType=queue, resource=SOM_IN_INVENTORY_ADJUST_QUEUE, action=send 	1696915431183
REQUEST		request testing	1696915431186	1696915431186	OK	 
REQUEST		request testing	1696915431187	1696915431187	OK	 
REQUEST		request testing	1696915431189	1696915431189	OK	 
ERROR	request testing: Failed to build request: j.j.JMSSecurityException: Access denied to resource: type=<jms>, application=SOMJMSSystemResource, destinationType=queue, resource=SOM_IN_INVENTORY_ADJUST_QUEUE, action=send 	1696915431190
REQUEST		request testing	1696915431192	1696915431192	OK	 
ERROR	request testing: Failed to build request: j.j.JMSSecurityException: Access denied to resource: type=<jms>, application=SOMJMSSystemResource, destinationType=queue, resource=SOM_IN_INVENTORY_ADJUST_QUEUE, action=send 	1696915431194
REQUEST		request testing	1696915431195	1696915431195	OK	 
ERROR	request testing: Failed to build request: j.j.JMSSecurityException: Access denied to resource: type=<jms>, application=SOMJMSSystemResource, destinationType=queue, resource=SOM_IN_INVENTORY_ADJUST_QUEUE, action=send 	1696915431196
REQUEST		request testing	1696915431197	1696915431197	OK	 
REQUEST		request testing	1696915431199	1696915431199	OK	 
ERROR	request testing: Failed to build request: j.j.JMSSecurityException: Access denied to resource: type=<jms>, application=SOMJMSSystemResource, destinationType=queue, resource=SOM_IN_INVENTORY_ADJUST_QUEUE, action=send 	1696915431202
REQUEST		request testing	1696915431204	1696915431204	OK	 
ERROR	request testing: Failed to build request: j.j.JMSSecurityException: Access denied to resource: type=<jms>, application=SOMJMSSystemResource, destinationType=queue, resource=SOM_IN_INVENTORY_ADJUST_QUEUE, action=send 	1696915431207
REQUEST		request testing	1696915431209	1696915431209	OK	 
REQUEST		request testing	1696915431211	1696915431211	OK	 
ERROR	request testing: Failed to build request: j.j.JMSSecurityException: Access denied to resource: type=<jms>, application=SOMJMSSystemResource, destinationType=queue, resource=SOM_IN_INVENTORY_ADJUST_QUEUE, action=send 	1696915431213
ERROR	request testing: Failed to build request: j.j.JMSSecurityException: Access denied to resource: type=<jms>, application=SOMJMSSystemResource, destinationType=queue, resource=SOM_IN_INVENTORY_ADJUST_QUEUE, action=send 	1696915431214
REQUEST		request testing	1696915431214	1696915431214	OK	 
REQUEST		request testing	1696915431217	1696915431217	OK	 
REQUEST		request testing	1696915431218	1696915431218	OK	 
ERROR	request testing: Failed to build request: j.j.JMSSecurityException: Access denied to resource: type=<jms>, application=SOMJMSSystemResource, destinationType=queue, resource=SOM_IN_INVENTORY_ADJUST_QUEUE, action=send 	1696915431219
REQUEST		request testing	1696915431220	1696915431220	OK	 
ERROR	request testing: Failed to build request: j.j.JMSSecurityException: Access denied to resource: type=<jms>, application=SOMJMSSystemResource, destinationType=queue, resource=SOM_IN_INVENTORY_ADJUST_QUEUE, action=send 	1696915431221
REQUEST		request testing	1696915431223	1696915431223	OK	 
REQUEST		request testing	1696915431227	1696915431227	OK	 
ERROR	request testing: Failed to build request: j.j.JMSSecurityException: Access denied to resource: type=<jms>, application=SOMJMSSystemResource, destinationType=queue, resource=SOM_IN_INVENTORY_ADJUST_QUEUE, action=send 	1696915431227
REQUEST		request testing	1696915431230	1696915431230	OK	 
ERROR	request testing: Failed to build request: j.j.JMSSecurityException: Access denied to resource: type=<jms>, application=SOMJMSSystemResource, destinationType=queue, resource=SOM_IN_INVENTORY_ADJUST_QUEUE, action=send 	1696915431234
REQUEST		request testing	1696915431237	1696915431237	OK	 
REQUEST		request testing	1696915431240	1696915431240	OK	 
ERROR	request testing: Failed to build request: j.j.JMSSecurityException: Access denied to resource: type=<jms>, application=SOMJMSSystemResource, destinationType=queue, resource=SOM_IN_INVENTORY_ADJUST_QUEUE, action=send 	1696915431241
REQUEST		request testing	1696915431244	1696915431244	OK	 
ERROR	request testing: Failed to build request: j.j.JMSSecurityException: Access denied to resource: type=<jms>, application=SOMJMSSystemResource, destinationType=queue, resource=SOM_IN_INVENTORY_ADJUST_QUEUE, action=send 	1696915431247
REQUEST		request testing	1696915431248	1696915431248	OK	 
REQUEST		request testing	1696915431250	1696915431250	OK	 
ERROR	request testing: Failed to build request: j.j.JMSSecurityException: Access denied to resource: type=<jms>, application=SOMJMSSystemResource, destinationType=queue, resource=SOM_IN_INVENTORY_ADJUST_QUEUE, action=send 	1696915431251
ERROR	request testing: Failed to build request: j.j.JMSSecurityException: Access denied to resource: type=<jms>, application=SOMJMSSystemResource, destinationType=queue, resource=SOM_IN_INVENTORY_ADJUST_QUEUE, action=send 	1696915431253
REQUEST		request testing	1696915431253	1696915431253	OK	 
REQUEST		request testing	1696915431253	1696915431253	OK	 
ERROR	request testing: Failed to build request: j.j.JMSSecurityException: Access denied to resource: type=<jms>, application=SOMJMSSystemResource, destinationType=queue, resource=SOM_IN_INVENTORY_ADJUST_QUEUE, action=send 	1696915431255
REQUEST		request testing	1696915431258	1696915431258	OK	 
REQUEST		request testing	1696915431261	1696915431261	OK	 
ERROR	request testing: Failed to build request: j.j.JMSSecurityException: Access denied to resource: type=<jms>, application=SOMJMSSystemResource, destinationType=queue, resource=SOM_IN_INVENTORY_ADJUST_QUEUE, action=send 	1696915431262
REQUEST		request testing	1696915431264	1696915431264	OK	 
ERROR	request testing: Failed to build request: j.j.JMSSecurityException: Access denied to resource: type=<jms>, application=SOMJMSSystemResource, destinationType=queue, resource=SOM_IN_INVENTORY_ADJUST_QUEUE, action=send 	1696915431266
ERROR	request testing: Failed to build request: j.j.JMSSecurityException: Access denied to resource: type=<jms>, application=SOMJMSSystemResource, destinationType=queue, resource=SOM_IN_INVENTORY_ADJUST_QUEUE, action=send 	1696915431266
REQUEST		request testing	1696915431268	1696915431268	OK	 
REQUEST		request testing	1696915431269	1696915431269	OK	 
ERROR	request testing: Failed to build request: j.j.JMSSecurityException: Access denied to resource: type=<jms>, application=SOMJMSSystemResource, destinationType=queue, resource=SOM_IN_INVENTORY_ADJUST_QUEUE, action=send 	1696915431271
REQUEST		request testing	1696915431273	1696915431273	OK	 
REQUEST		request testing	1696915431273	1696915431273	OK	 
ERROR	request testing: Failed to build request: j.j.JMSSecurityException: Access denied to resource: type=<jms>, application=SOMJMSSystemResource, destinationType=queue, resource=SOM_IN_INVENTORY_ADJUST_QUEUE, action=send 	1696915431277
REQUEST		request testing	1696915431280	1696915431280	OK	 
ERROR	request testing: Failed to build request: j.j.JMSSecurityException: Access denied to resource: type=<jms>, application=SOMJMSSystemResource, destinationType=queue, resource=SOM_IN_INVENTORY_ADJUST_QUEUE, action=send 	1696915431283
REQUEST		request testing	1696915431285	1696915431285	OK	 
REQUEST		request testing	1696915431285	1696915431285	OK	 
ERROR	request testing: Failed to build request: j.j.JMSSecurityException: Access denied to resource: type=<jms>, application=SOMJMSSystemResource, destinationType=queue, resource=SOM_IN_INVENTORY_ADJUST_QUEUE, action=send 	1696915431290
ERROR	request testing: Failed to build request: j.j.JMSSecurityException: Access denied to resource: type=<jms>, application=SOMJMSSystemResource, destinationType=queue, resource=SOM_IN_INVENTORY_ADJUST_QUEUE, action=send 	1696915431290
REQUEST		request testing	1696915431291	1696915431291	OK	 
REQUEST		request testing	1696915431292	1696915431292	OK	 
ERROR	request testing: Failed to build request: j.j.JMSSecurityException: Access denied to resource: type=<jms>, application=SOMJMSSystemResource, destinationType=queue, resource=SOM_IN_INVENTORY_ADJUST_QUEUE, action=send 	1696915431298
REQUEST		request testing	1696915431300	1696915431300	OK	 
ERROR	request testing: Failed to build request: j.j.JMSSecurityException: Access denied to resource: type=<jms>, application=SOMJMSSystemResource, destinationType=queue, resource=SOM_IN_INVENTORY_ADJUST_QUEUE, action=send 	1696915431302
