RUN	CDCInvAdj.CDCInvAdjustment	cdcinvadjustment	1696914406568	 	3.9.5
USER	Initial Scenario	START	1696914410950
REQUEST		GET CDC quantity from VTS	1696914410942	1696914410973	OK	 
REQUEST		GET CDC quantity from VTS Redirect 1	1696914410998	1696914411035	OK	 
USER	Initial Scenario	END	1696914411512
USER	CDC Inv Adjustment	START	1696914411794
USER	CDC Inv Adjustment	START	1696914411802
USER	CDC Inv Adjustment	START	1696914411806
USER	CDC Inv Adjustment	START	1696914411811
REQUEST		request testing	1696914411906	1696914411906	OK	 
REQUEST		request testing	1696914411916	1696914411916	OK	 
REQUEST		request testing	1696914411921	1696914411921	OK	 
REQUEST		request testing	1696914411922	1696914411922	OK	 
REQUEST		request testing	1696914411956	1696914411956	OK	 
REQUEST		request testing	1696914412041	1696914412041	OK	 
ERROR	request testing: Failed to build request: j.j.JMSSecurityException: Access denied to resource: type=<jms>, application=SOMJMSSystemResource, destinationType=queue, resource=SOM_IN_INVENTORY_ADJUST_QUEUE, action=send 	1696914412208
REQUEST		request testing	1696914412371	1696914412371	OK	 
REQUEST		request testing	1696914412449	1696914412449	OK	 
REQUEST		request testing	1696914412451	1696914412451	OK	 
ERROR	request testing: Failed to build request: j.j.JMSSecurityException: Access denied to resource: type=<jms>, application=SOMJMSSystemResource, destinationType=queue, resource=SOM_IN_INVENTORY_ADJUST_QUEUE, action=send 	1696914412465
REQUEST		request testing	1696914412469	1696914412469	OK	 
REQUEST		request testing	1696914412475	1696914412475	OK	 
ERROR	request testing: Failed to build request: j.j.JMSSecurityException: Access denied to resource: type=<jms>, application=SOMJMSSystemResource, destinationType=queue, resource=SOM_IN_INVENTORY_ADJUST_QUEUE, action=send 	1696914412479
REQUEST		request testing	1696914412482	1696914412482	OK	 
ERROR	request testing: Failed to build request: j.j.JMSSecurityException: Access denied to resource: type=<jms>, application=SOMJMSSystemResource, destinationType=queue, resource=SOM_IN_INVENTORY_ADJUST_QUEUE, action=send 	1696914412529
USER	CDC Inv Adjustment	START	1696914412531
REQUEST		request testing	1696914412541	1696914412541	OK	 
REQUEST		request testing	1696914412546	1696914412546	OK	 
REQUEST		request testing	1696914412617	1696914412617	OK	 
REQUEST		request testing	1696914412665	1696914412665	OK	 
ERROR	request testing: Failed to build request: j.j.JMSSecurityException: Access denied to resource: type=<jms>, application=SOMJMSSystemResource, destinationType=queue, resource=SOM_IN_INVENTORY_ADJUST_QUEUE, action=send 	1696914412667
REQUEST		request testing	1696914412670	1696914412670	OK	 
ERROR	request testing: Failed to build request: j.j.JMSSecurityException: Access denied to resource: type=<jms>, application=SOMJMSSystemResource, destinationType=queue, resource=SOM_IN_INVENTORY_ADJUST_QUEUE, action=send 	1696914412671
REQUEST		request testing	1696914412672	1696914412672	OK	 
REQUEST		request testing	1696914412674	1696914412674	OK	 
ERROR	request testing: Failed to build request: j.j.JMSSecurityException: Access denied to resource: type=<jms>, application=SOMJMSSystemResource, destinationType=queue, resource=SOM_IN_INVENTORY_ADJUST_QUEUE, action=send 	1696914412687
REQUEST		request testing	1696914412690	1696914412690	OK	 
REQUEST		request testing	1696914412694	1696914412694	OK	 
ERROR	request testing: Failed to build request: j.j.JMSSecurityException: Access denied to resource: type=<jms>, application=SOMJMSSystemResource, destinationType=queue, resource=SOM_IN_INVENTORY_ADJUST_QUEUE, action=send 	1696914412696
ERROR	request testing: Failed to build request: j.j.JMSSecurityException: Access denied to resource: type=<jms>, application=SOMJMSSystemResource, destinationType=queue, resource=SOM_IN_INVENTORY_ADJUST_QUEUE, action=send 	1696914412698
REQUEST		request testing	1696914412703	1696914412703	OK	 
REQUEST		request testing	1696914412703	1696914412703	OK	 
REQUEST		request testing	1696914412709	1696914412709	OK	 
ERROR	request testing: Failed to build request: j.j.JMSSecurityException: Access denied to resource: type=<jms>, application=SOMJMSSystemResource, destinationType=queue, resource=SOM_IN_INVENTORY_ADJUST_QUEUE, action=send 	1696914412711
ERROR	request testing: Failed to build request: j.j.JMSSecurityException: Access denied to resource: type=<jms>, application=SOMJMSSystemResource, destinationType=queue, resource=SOM_IN_INVENTORY_ADJUST_QUEUE, action=send 	1696914412731
REQUEST		request testing	1696914412733	1696914412733	OK	 
REQUEST		request testing	1696914412738	1696914412738	OK	 
ERROR	request testing: Failed to build request: j.j.JMSSecurityException: Access denied to resource: type=<jms>, application=SOMJMSSystemResource, destinationType=queue, resource=SOM_IN_INVENTORY_ADJUST_QUEUE, action=send 	1696914412741
REQUEST		request testing	1696914412742	1696914412742	OK	 
REQUEST		request testing	1696914412744	1696914412744	OK	 
ERROR	request testing: Failed to build request: j.j.JMSSecurityException: Access denied to resource: type=<jms>, application=SOMJMSSystemResource, destinationType=queue, resource=SOM_IN_INVENTORY_ADJUST_QUEUE, action=send 	1696914412746
ERROR	request testing: Failed to build request: j.j.JMSSecurityException: Access denied to resource: type=<jms>, application=SOMJMSSystemResource, destinationType=queue, resource=SOM_IN_INVENTORY_ADJUST_QUEUE, action=send 	1696914412750
REQUEST		request testing	1696914412757	1696914412757	OK	 
REQUEST		request testing	1696914412758	1696914412758	OK	 
ERROR	request testing: Failed to build request: j.j.JMSSecurityException: Access denied to resource: type=<jms>, application=SOMJMSSystemResource, destinationType=queue, resource=SOM_IN_INVENTORY_ADJUST_QUEUE, action=send 	1696914412923
ERROR	request testing: Failed to build request: j.j.JMSSecurityException: Access denied to resource: type=<jms>, application=SOMJMSSystemResource, destinationType=queue, resource=SOM_IN_INVENTORY_ADJUST_QUEUE, action=send 	1696914412925
REQUEST		request testing	1696914412928	1696914412928	OK	 
REQUEST		request testing	1696914412929	1696914412929	OK	 
REQUEST		request testing	1696914412951	1696914412951	OK	 
ERROR	request testing: Failed to build request: j.j.JMSSecurityException: Access denied to resource: type=<jms>, application=SOMJMSSystemResource, destinationType=queue, resource=SOM_IN_INVENTORY_ADJUST_QUEUE, action=send 	1696914412987
REQUEST		request testing	1696914412990	1696914412990	OK	 
ERROR	request testing: Failed to build request: j.j.JMSSecurityException: Access denied to resource: type=<jms>, application=SOMJMSSystemResource, destinationType=queue, resource=SOM_IN_INVENTORY_ADJUST_QUEUE, action=send 	1696914412991
REQUEST		request testing	1696914413025	1696914413025	OK	 
ERROR	request testing: Failed to build request: j.j.JMSSecurityException: Access denied to resource: type=<jms>, application=SOMJMSSystemResource, destinationType=queue, resource=SOM_IN_INVENTORY_ADJUST_QUEUE, action=send 	1696914413043
REQUEST		request testing	1696914413045	1696914413045	OK	 
REQUEST		request testing	1696914413047	1696914413047	OK	 
ERROR	request testing: Failed to build request: j.j.JMSSecurityException: Access denied to resource: type=<jms>, application=SOMJMSSystemResource, destinationType=queue, resource=SOM_IN_INVENTORY_ADJUST_QUEUE, action=send 	1696914413049
ERROR	request testing: Failed to build request: j.j.JMSSecurityException: Access denied to resource: type=<jms>, application=SOMJMSSystemResource, destinationType=queue, resource=SOM_IN_INVENTORY_ADJUST_QUEUE, action=send 	1696914413054
REQUEST		request testing	1696914413059	1696914413059	OK	 
REQUEST		request testing	1696914413059	1696914413059	OK	 
REQUEST		request testing	1696914413063	1696914413063	OK	 
ERROR	request testing: Failed to build request: j.j.JMSSecurityException: Access denied to resource: type=<jms>, application=SOMJMSSystemResource, destinationType=queue, resource=SOM_IN_INVENTORY_ADJUST_QUEUE, action=send 	1696914413065
REQUEST		request testing	1696914413067	1696914413067	OK	 
REQUEST		request testing	1696914413072	1696914413072	OK	 
ERROR	request testing: Failed to build request: j.j.JMSSecurityException: Access denied to resource: type=<jms>, application=SOMJMSSystemResource, destinationType=queue, resource=SOM_IN_INVENTORY_ADJUST_QUEUE, action=send 	1696914413075
REQUEST		request testing	1696914413108	1696914413108	OK	 
ERROR	request testing: Failed to build request: j.j.JMSSecurityException: Access denied to resource: type=<jms>, application=SOMJMSSystemResource, destinationType=queue, resource=SOM_IN_INVENTORY_ADJUST_QUEUE, action=send 	1696914413138
REQUEST		request testing	1696914413140	1696914413140	OK	 
ERROR	request testing: Failed to build request: j.j.JMSSecurityException: Access denied to resource: type=<jms>, application=SOMJMSSystemResource, destinationType=queue, resource=SOM_IN_INVENTORY_ADJUST_QUEUE, action=send 	1696914413142
REQUEST		request testing	1696914413144	1696914413144	OK	 
REQUEST		request testing	1696914413145	1696914413145	OK	 
ERROR	request testing: Failed to build request: j.j.JMSSecurityException: Access denied to resource: type=<jms>, application=SOMJMSSystemResource, destinationType=queue, resource=SOM_IN_INVENTORY_ADJUST_QUEUE, action=send 	1696914413147
REQUEST		request testing	1696914413149	1696914413149	OK	 
ERROR	request testing: Failed to build request: j.j.JMSSecurityException: Access denied to resource: type=<jms>, application=SOMJMSSystemResource, destinationType=queue, resource=SOM_IN_INVENTORY_ADJUST_QUEUE, action=send 	1696914413151
REQUEST		request testing	1696914413154	1696914413154	OK	 
REQUEST		request testing	1696914413167	1696914413167	OK	 
ERROR	request testing: Failed to build request: j.j.JMSSecurityException: Access denied to resource: type=<jms>, application=SOMJMSSystemResource, destinationType=queue, resource=SOM_IN_INVENTORY_ADJUST_QUEUE, action=send 	1696914413174
REQUEST		request testing	1696914413177	1696914413177	OK	 
ERROR	request testing: Failed to build request: j.j.JMSSecurityException: Access denied to resource: type=<jms>, application=SOMJMSSystemResource, destinationType=queue, resource=SOM_IN_INVENTORY_ADJUST_QUEUE, action=send 	1696914413180
REQUEST		request testing	1696914413182	1696914413182	OK	 
ERROR	request testing: Failed to build request: j.j.JMSSecurityException: Access denied to resource: type=<jms>, application=SOMJMSSystemResource, destinationType=queue, resource=SOM_IN_INVENTORY_ADJUST_QUEUE, action=send 	1696914413182
REQUEST		request testing	1696914413183	1696914413183	OK	 
REQUEST		request testing	1696914413187	1696914413187	OK	 
ERROR	request testing: Failed to build request: j.j.JMSSecurityException: Access denied to resource: type=<jms>, application=SOMJMSSystemResource, destinationType=queue, resource=SOM_IN_INVENTORY_ADJUST_QUEUE, action=send 	1696914413188
ERROR	request testing: Failed to build request: j.j.JMSSecurityException: Access denied to resource: type=<jms>, application=SOMJMSSystemResource, destinationType=queue, resource=SOM_IN_INVENTORY_ADJUST_QUEUE, action=send 	1696914413190
REQUEST		request testing	1696914413192	1696914413192	OK	 
REQUEST		request testing	1696914413196	1696914413196	OK	 
REQUEST		request testing	1696914413203	1696914413203	OK	 
ERROR	request testing: Failed to build request: j.j.JMSSecurityException: Access denied to resource: type=<jms>, application=SOMJMSSystemResource, destinationType=queue, resource=SOM_IN_INVENTORY_ADJUST_QUEUE, action=send 	1696914413204
ERROR	request testing: Failed to build request: j.j.JMSSecurityException: Access denied to resource: type=<jms>, application=SOMJMSSystemResource, destinationType=queue, resource=SOM_IN_INVENTORY_ADJUST_QUEUE, action=send 	1696914413205
REQUEST		request testing	1696914413206	1696914413206	OK	 
REQUEST		request testing	1696914413210	1696914413210	OK	 
ERROR	request testing: Failed to build request: j.j.JMSSecurityException: Access denied to resource: type=<jms>, application=SOMJMSSystemResource, destinationType=queue, resource=SOM_IN_INVENTORY_ADJUST_QUEUE, action=send 	1696914413210
REQUEST		request testing	1696914413211	1696914413211	OK	 
REQUEST		request testing	1696914413212	1696914413212	OK	 
ERROR	request testing: Failed to build request: j.j.JMSSecurityException: Access denied to resource: type=<jms>, application=SOMJMSSystemResource, destinationType=queue, resource=SOM_IN_INVENTORY_ADJUST_QUEUE, action=send 	1696914413213
REQUEST		request testing	1696914413214	1696914413214	OK	 
ERROR	request testing: Failed to build request: j.j.JMSSecurityException: Access denied to resource: type=<jms>, application=SOMJMSSystemResource, destinationType=queue, resource=SOM_IN_INVENTORY_ADJUST_QUEUE, action=send 	1696914413217
REQUEST		request testing	1696914413219	1696914413219	OK	 
ERROR	request testing: Failed to build request: j.j.JMSSecurityException: Access denied to resource: type=<jms>, application=SOMJMSSystemResource, destinationType=queue, resource=SOM_IN_INVENTORY_ADJUST_QUEUE, action=send 	1696914413221
REQUEST		request testing	1696914413223	1696914413223	OK	 
ERROR	request testing: Failed to build request: j.j.JMSSecurityException: Access denied to resource: type=<jms>, application=SOMJMSSystemResource, destinationType=queue, resource=SOM_IN_INVENTORY_ADJUST_QUEUE, action=send 	1696914413224
REQUEST		request testing	1696914413226	1696914413226	OK	 
REQUEST		request testing	1696914413228	1696914413228	OK	 
ERROR	request testing: Failed to build request: j.j.JMSSecurityException: Access denied to resource: type=<jms>, application=SOMJMSSystemResource, destinationType=queue, resource=SOM_IN_INVENTORY_ADJUST_QUEUE, action=send 	1696914413229
REQUEST		request testing	1696914413231	1696914413231	OK	 
ERROR	request testing: Failed to build request: j.j.JMSSecurityException: Access denied to resource: type=<jms>, application=SOMJMSSystemResource, destinationType=queue, resource=SOM_IN_INVENTORY_ADJUST_QUEUE, action=send 	1696914413235
REQUEST		request testing	1696914413238	1696914413238	OK	 
ERROR	request testing: Failed to build request: j.j.JMSSecurityException: Access denied to resource: type=<jms>, application=SOMJMSSystemResource, destinationType=queue, resource=SOM_IN_INVENTORY_ADJUST_QUEUE, action=send 	1696914413240
REQUEST		request testing	1696914413242	1696914413242	OK	 
REQUEST		request testing	1696914413243	1696914413243	OK	 
ERROR	request testing: Failed to build request: j.j.JMSSecurityException: Access denied to resource: type=<jms>, application=SOMJMSSystemResource, destinationType=queue, resource=SOM_IN_INVENTORY_ADJUST_QUEUE, action=send 	1696914413245
REQUEST		request testing	1696914413262	1696914413262	OK	 
ERROR	request testing: Failed to build request: j.j.JMSSecurityException: Access denied to resource: type=<jms>, application=SOMJMSSystemResource, destinationType=queue, resource=SOM_IN_INVENTORY_ADJUST_QUEUE, action=send 	1696914413266
REQUEST		request testing	1696914413283	1696914413283	OK	 
REQUEST		request testing	1696914413293	1696914413293	OK	 
ERROR	request testing: Failed to build request: j.j.JMSSecurityException: Access denied to resource: type=<jms>, application=SOMJMSSystemResource, destinationType=queue, resource=SOM_IN_INVENTORY_ADJUST_QUEUE, action=send 	1696914413298
REQUEST		request testing	1696914413303	1696914413303	OK	 
ERROR	request testing: Failed to build request: j.j.JMSSecurityException: Access denied to resource: type=<jms>, application=SOMJMSSystemResource, destinationType=queue, resource=SOM_IN_INVENTORY_ADJUST_QUEUE, action=send 	1696914413304
ERROR	request testing: Failed to build request: j.j.JMSSecurityException: Access denied to resource: type=<jms>, application=SOMJMSSystemResource, destinationType=queue, resource=SOM_IN_INVENTORY_ADJUST_QUEUE, action=send 	1696914413305
REQUEST		request testing	1696914413305	1696914413305	OK	 
ERROR	request testing: Failed to build request: j.j.JMSSecurityException: Access denied to resource: type=<jms>, application=SOMJMSSystemResource, destinationType=queue, resource=SOM_IN_INVENTORY_ADJUST_QUEUE, action=send 	1696914413315
REQUEST		request testing	1696914413316	1696914413316	OK	 
REQUEST		request testing	1696914413318	1696914413318	OK	 
REQUEST		request testing	1696914413320	1696914413320	OK	 
ERROR	request testing: Failed to build request: j.j.JMSSecurityException: Access denied to resource: type=<jms>, application=SOMJMSSystemResource, destinationType=queue, resource=SOM_IN_INVENTORY_ADJUST_QUEUE, action=send 	1696914413322
ERROR	request testing: Failed to build request: j.j.JMSSecurityException: Access denied to resource: type=<jms>, application=SOMJMSSystemResource, destinationType=queue, resource=SOM_IN_INVENTORY_ADJUST_QUEUE, action=send 	1696914413327
REQUEST		request testing	1696914413329	1696914413329	OK	 
REQUEST		request testing	1696914413335	1696914413335	OK	 
ERROR	request testing: Failed to build request: j.j.JMSSecurityException: Access denied to resource: type=<jms>, application=SOMJMSSystemResource, destinationType=queue, resource=SOM_IN_INVENTORY_ADJUST_QUEUE, action=send 	1696914413341
REQUEST		request testing	1696914413344	1696914413344	OK	 
REQUEST		request testing	1696914413347	1696914413347	OK	 
ERROR	request testing: Failed to build request: j.j.JMSSecurityException: Access denied to resource: type=<jms>, application=SOMJMSSystemResource, destinationType=queue, resource=SOM_IN_INVENTORY_ADJUST_QUEUE, action=send 	1696914413353
REQUEST		request testing	1696914413387	1696914413387	OK	 
ERROR	request testing: Failed to build request: j.j.JMSSecurityException: Access denied to resource: type=<jms>, application=SOMJMSSystemResource, destinationType=queue, resource=SOM_IN_INVENTORY_ADJUST_QUEUE, action=send 	1696914413389
REQUEST		request testing	1696914413410	1696914413410	OK	 
ERROR	request testing: Failed to build request: j.j.JMSSecurityException: Access denied to resource: type=<jms>, application=SOMJMSSystemResource, destinationType=queue, resource=SOM_IN_INVENTORY_ADJUST_QUEUE, action=send 	1696914413412
ERROR	request testing: Failed to build request: j.j.JMSSecurityException: Access denied to resource: type=<jms>, application=SOMJMSSystemResource, destinationType=queue, resource=SOM_IN_INVENTORY_ADJUST_QUEUE, action=send 	1696914413412
REQUEST		request testing	1696914413413	1696914413413	OK	 
REQUEST		request testing	1696914413415	1696914413415	OK	 
REQUEST		request testing	1696914413420	1696914413420	OK	 
ERROR	request testing: Failed to build request: j.j.JMSSecurityException: Access denied to resource: type=<jms>, application=SOMJMSSystemResource, destinationType=queue, resource=SOM_IN_INVENTORY_ADJUST_QUEUE, action=send 	1696914413426
REQUEST		request testing	1696914413428	1696914413428	OK	 
ERROR	request testing: Failed to build request: j.j.JMSSecurityException: Access denied to resource: type=<jms>, application=SOMJMSSystemResource, destinationType=queue, resource=SOM_IN_INVENTORY_ADJUST_QUEUE, action=send 	1696914413431
REQUEST		request testing	1696914413433	1696914413433	OK	 
ERROR	request testing: Failed to build request: j.j.JMSSecurityException: Access denied to resource: type=<jms>, application=SOMJMSSystemResource, destinationType=queue, resource=SOM_IN_INVENTORY_ADJUST_QUEUE, action=send 	1696914413434
REQUEST		request testing	1696914413437	1696914413437	OK	 
REQUEST		request testing	1696914413438	1696914413438	OK	 
ERROR	request testing: Failed to build request: j.j.JMSSecurityException: Access denied to resource: type=<jms>, application=SOMJMSSystemResource, destinationType=queue, resource=SOM_IN_INVENTORY_ADJUST_QUEUE, action=send 	1696914413441
REQUEST		request testing	1696914413442	1696914413442	OK	 
ERROR	request testing: Failed to build request: j.j.JMSSecurityException: Access denied to resource: type=<jms>, application=SOMJMSSystemResource, destinationType=queue, resource=SOM_IN_INVENTORY_ADJUST_QUEUE, action=send 	1696914413444
ERROR	request testing: Failed to build request: j.j.JMSSecurityException: Access denied to resource: type=<jms>, application=SOMJMSSystemResource, destinationType=queue, resource=SOM_IN_INVENTORY_ADJUST_QUEUE, action=send 	1696914413446
REQUEST		request testing	1696914413446	1696914413446	OK	 
REQUEST		request testing	1696914413455	1696914413455	OK	 
REQUEST		request testing	1696914413499	1696914413499	OK	 
ERROR	request testing: Failed to build request: j.j.JMSSecurityException: Access denied to resource: type=<jms>, application=SOMJMSSystemResource, destinationType=queue, resource=SOM_IN_INVENTORY_ADJUST_QUEUE, action=send 	1696914413505
REQUEST		request testing	1696914413507	1696914413507	OK	 
ERROR	request testing: Failed to build request: j.j.JMSSecurityException: Access denied to resource: type=<jms>, application=SOMJMSSystemResource, destinationType=queue, resource=SOM_IN_INVENTORY_ADJUST_QUEUE, action=send 	1696914413509
REQUEST		request testing	1696914413510	1696914413510	OK	 
REQUEST		request testing	1696914413516	1696914413516	OK	 
ERROR	request testing: Failed to build request: j.j.JMSSecurityException: Access denied to resource: type=<jms>, application=SOMJMSSystemResource, destinationType=queue, resource=SOM_IN_INVENTORY_ADJUST_QUEUE, action=send 	1696914413522
REQUEST		request testing	1696914413528	1696914413528	OK	 
ERROR	request testing: Failed to build request: j.j.JMSSecurityException: Access denied to resource: type=<jms>, application=SOMJMSSystemResource, destinationType=queue, resource=SOM_IN_INVENTORY_ADJUST_QUEUE, action=send 	1696914413534
REQUEST		request testing	1696914413540	1696914413540	OK	 
ERROR	request testing: Failed to build request: j.j.JMSSecurityException: Access denied to resource: type=<jms>, application=SOMJMSSystemResource, destinationType=queue, resource=SOM_IN_INVENTORY_ADJUST_QUEUE, action=send 	1696914413541
REQUEST		request testing	1696914413544	1696914413544	OK	 
REQUEST		request testing	1696914413546	1696914413546	OK	 
ERROR	request testing: Failed to build request: j.j.JMSSecurityException: Access denied to resource: type=<jms>, application=SOMJMSSystemResource, destinationType=queue, resource=SOM_IN_INVENTORY_ADJUST_QUEUE, action=send 	1696914413563
REQUEST		request testing	1696914413566	1696914413566	OK	 
ERROR	request testing: Failed to build request: j.j.JMSSecurityException: Access denied to resource: type=<jms>, application=SOMJMSSystemResource, destinationType=queue, resource=SOM_IN_INVENTORY_ADJUST_QUEUE, action=send 	1696914413577
REQUEST		request testing	1696914413580	1696914413580	OK	 
ERROR	request testing: Failed to build request: j.j.JMSSecurityException: Access denied to resource: type=<jms>, application=SOMJMSSystemResource, destinationType=queue, resource=SOM_IN_INVENTORY_ADJUST_QUEUE, action=send 	1696914413581
REQUEST		request testing	1696914413586	1696914413586	OK	 
REQUEST		request testing	1696914413588	1696914413588	OK	 
ERROR	request testing: Failed to build request: j.j.JMSSecurityException: Access denied to resource: type=<jms>, application=SOMJMSSystemResource, destinationType=queue, resource=SOM_IN_INVENTORY_ADJUST_QUEUE, action=send 	1696914413591
REQUEST		request testing	1696914413593	1696914413593	OK	 
ERROR	request testing: Failed to build request: j.j.JMSSecurityException: Access denied to resource: type=<jms>, application=SOMJMSSystemResource, destinationType=queue, resource=SOM_IN_INVENTORY_ADJUST_QUEUE, action=send 	1696914413594
REQUEST		request testing	1696914413600	1696914413600	OK	 
REQUEST		request testing	1696914413604	1696914413604	OK	 
ERROR	request testing: Failed to build request: j.j.JMSSecurityException: Access denied to resource: type=<jms>, application=SOMJMSSystemResource, destinationType=queue, resource=SOM_IN_INVENTORY_ADJUST_QUEUE, action=send 	1696914413607
REQUEST		request testing	1696914413608	1696914413608	OK	 
ERROR	request testing: Failed to build request: j.j.JMSSecurityException: Access denied to resource: type=<jms>, application=SOMJMSSystemResource, destinationType=queue, resource=SOM_IN_INVENTORY_ADJUST_QUEUE, action=send 	1696914413610
REQUEST		request testing	1696914413611	1696914413611	OK	 
REQUEST		request testing	1696914413618	1696914413618	OK	 
ERROR	request testing: Failed to build request: j.j.JMSSecurityException: Access denied to resource: type=<jms>, application=SOMJMSSystemResource, destinationType=queue, resource=SOM_IN_INVENTORY_ADJUST_QUEUE, action=send 	1696914413622
REQUEST		request testing	1696914413624	1696914413624	OK	 
ERROR	request testing: Failed to build request: j.j.JMSSecurityException: Access denied to resource: type=<jms>, application=SOMJMSSystemResource, destinationType=queue, resource=SOM_IN_INVENTORY_ADJUST_QUEUE, action=send 	1696914413633
REQUEST		request testing	1696914413635	1696914413635	OK	 
REQUEST		request testing	1696914413644	1696914413644	OK	 
ERROR	request testing: Failed to build request: j.j.JMSSecurityException: Access denied to resource: type=<jms>, application=SOMJMSSystemResource, destinationType=queue, resource=SOM_IN_INVENTORY_ADJUST_QUEUE, action=send 	1696914413649
REQUEST		request testing	1696914413663	1696914413663	OK	 
ERROR	request testing: Failed to build request: j.j.JMSSecurityException: Access denied to resource: type=<jms>, application=SOMJMSSystemResource, destinationType=queue, resource=SOM_IN_INVENTORY_ADJUST_QUEUE, action=send 	1696914413671
REQUEST		request testing	1696914413674	1696914413674	OK	 
REQUEST		request testing	1696914413685	1696914413685	OK	 
ERROR	request testing: Failed to build request: j.j.JMSSecurityException: Access denied to resource: type=<jms>, application=SOMJMSSystemResource, destinationType=queue, resource=SOM_IN_INVENTORY_ADJUST_QUEUE, action=send 	1696914413691
REQUEST		request testing	1696914413694	1696914413694	OK	 
