RUN	VTSTrails.OrderModification	ordermodification	1702614172494	 	3.9.5
USER	Initial Scenario	START	1702614176904
REQUEST		Request_X:VTS_GetColumSize	1702614176897	1702614177522	OK	 
REQUEST		Request_X:VTS_GetColumSize Redirect 1	1702614177535	1702614177842	OK	 
USER	Initial Scenario	END	1702614177930
USER	Retrieve order scenario	START	1702614179177
REQUEST		LoginAPI	1702614178776	1702614179188	KO	j.n.c.ClosedChannelException
REQUEST		Request_X:VTS_QueryColumn	1702614179199	1702614179830	OK	 
REQUEST		Request_X:VTS_QueryColumn Redirect 1	1702614179833	1702614180152	OK	 
USER	Retrieve order scenario	END	1702614180179
USER	Retrieve order scenario	START	1702614189764
USER	Retrieve order scenario	START	1702614200766
REQUEST		LoginAPI	1702614200764	1702614211215	OK	 
REQUEST		LoginAPI	1702614189762	1702614211215	OK	 
REQUEST		Request_X:VTS_QueryColumn	1702614211401	1702614211998	OK	 
REQUEST		Request_X:VTS_QueryColumn	1702614211401	1702614212054	OK	 
REQUEST		Request_X:VTS_QueryColumn Redirect 1	1702614211999	1702614212298	OK	 
USER	Retrieve order scenario	END	1702614212331
REQUEST		Request_X:VTS_QueryColumn Redirect 1	1702614212055	1702614212373	OK	 
USER	Retrieve order scenario	END	1702614212385
USER	Retrieve order scenario	START	1702614212763
REQUEST		LoginAPI	1702614212761	1702614212907	OK	 
REQUEST		Request_X:VTS_QueryColumn	1702614212909	1702614213515	OK	 
REQUEST		Request_X:VTS_QueryColumn Redirect 1	1702614213516	1702614213820	OK	 
USER	Retrieve order scenario	END	1702614213826
