RUN	RetrieveOrder	retrieveorder	1702357891775	 	3.9.5
USER	Initial Scenario	START	1702357895608
REQUEST		Request_X:VTS_GetColumSize	1702357895602	1702357896188	OK	 
REQUEST		Request_X:VTS_GetColumSize Redirect 1	1702357896194	1702357896483	OK	 
USER	Initial Scenario	END	1702357896530
USER	Retrieve order scenario	START	1702357896735
REQUEST		LoginAPI	1702357896551	1702357896784	OK	 
REQUEST		Request_X:VTS_QueryColumn	1702357896841	1702357897403	OK	 
REQUEST		Request_X:VTS_QueryColumn Redirect 1	1702357897404	1702357897685	OK	 
REQUEST		LoginAPI	1702357899704	1702357899724	OK	 
REQUEST		Request_X:VTS_QueryColumn	1702357899725	1702357900005	OK	 
REQUEST		Request_X:VTS_QueryColumn Redirect 1	1702357900006	1702357900289	OK	 
REQUEST		LoginAPI	1702357902299	1702357902324	OK	 
REQUEST		Request_X:VTS_QueryColumn	1702357902325	1702357902639	OK	 
REQUEST		Request_X:VTS_QueryColumn Redirect 1	1702357902640	1702357902920	OK	 
REQUEST		LoginAPI	1702357904927	1702357904945	OK	 
REQUEST		Request_X:VTS_QueryColumn	1702357904946	1702357905226	OK	 
REQUEST		Request_X:VTS_QueryColumn Redirect 1	1702357905226	1702357905506	OK	 
REQUEST		LoginAPI	1702357907522	1702357907547	OK	 
USER	Retrieve order scenario	START	1702357907553
REQUEST		LoginAPI	1702357907552	1702357907586	OK	 
REQUEST		Request_X:VTS_QueryColumn	1702357907548	1702357907827	OK	 
REQUEST		Request_X:VTS_QueryColumn Redirect 1	1702357907827	1702357908106	OK	 
REQUEST		LoginAPI	1702357910124	1702357910138	OK	 
REQUEST		Request_X:VTS_QueryColumn	1702357910139	1702357910419	OK	 
REQUEST		Request_X:VTS_QueryColumn Redirect 1	1702357910420	1702357910701	OK	 
REQUEST		LoginAPI	1702357912717	1702357912734	OK	 
REQUEST		Request_X:VTS_QueryColumn	1702357912735	1702357913015	OK	 
REQUEST		Request_X:VTS_QueryColumn Redirect 1	1702357913016	1702357913296	OK	 
REQUEST		LoginAPI	1702357915310	1702357915331	OK	 
REQUEST		Request_X:VTS_QueryColumn	1702357915332	1702357915611	OK	 
REQUEST		Request_X:VTS_QueryColumn Redirect 1	1702357915612	1702357915892	OK	 
REQUEST		Request_X:VTS_QueryColumn	1702357907587	1702357917591	KO	i.n.c.ConnectTimeoutException: connection timed out: /9.30.86.192:8888
REQUEST		LoginAPI	1702357917898	1702357917917	OK	 
REQUEST		Request_X:VTS_QueryColumn	1702357917918	1702357918199	OK	 
REQUEST		Request_X:VTS_QueryColumn Redirect 1	1702357918200	1702357918480	OK	 
USER	Retrieve order scenario	START	1702357918547
REQUEST		LoginAPI	1702357918546	1702357918583	OK	 
REQUEST		Request_X:VTS_QueryColumn	1702357918584	1702357919166	OK	 
REQUEST		Request_X:VTS_QueryColumn Redirect 1	1702357919166	1702357919455	OK	 
REQUEST		LoginAPI	1702357919606	1702357919627	OK	 
REQUEST		LoginAPI	1702357920490	1702357920513	OK	 
REQUEST		Request_X:VTS_QueryColumn	1702357920514	1702357920792	OK	 
REQUEST		Request_X:VTS_QueryColumn Redirect 1	1702357920793	1702357921072	OK	 
REQUEST		LoginAPI	1702357921471	1702357921486	OK	 
REQUEST		Request_X:VTS_QueryColumn	1702357921487	1702357921775	OK	 
REQUEST		Request_X:VTS_QueryColumn Redirect 1	1702357921776	1702357922069	OK	 
REQUEST		LoginAPI	1702357923074	1702357923091	OK	 
REQUEST		Request_X:VTS_QueryColumn	1702357923091	1702357923370	OK	 
REQUEST		Request_X:VTS_QueryColumn Redirect 1	1702357923371	1702357923653	OK	 
REQUEST		LoginAPI	1702357924086	1702357924108	OK	 
REQUEST		Request_X:VTS_QueryColumn	1702357924109	1702357924397	OK	 
REQUEST		Request_X:VTS_QueryColumn Redirect 1	1702357924397	1702357924687	OK	 
REQUEST		LoginAPI	1702357925671	1702357925690	OK	 
REQUEST		Request_X:VTS_QueryColumn	1702357925691	1702357925970	OK	 
REQUEST		Request_X:VTS_QueryColumn Redirect 1	1702357925970	1702357926250	OK	 
REQUEST		LoginAPI	1702357926692	1702357926716	OK	 
REQUEST		Request_X:VTS_QueryColumn	1702357926716	1702357927005	OK	 
REQUEST		Request_X:VTS_QueryColumn Redirect 1	1702357927005	1702357927295	OK	 
REQUEST		LoginAPI	1702357928260	1702357928279	OK	 
REQUEST		Request_X:VTS_QueryColumn	1702357928280	1702357928559	OK	 
REQUEST		Request_X:VTS_QueryColumn Redirect 1	1702357928559	1702357928842	OK	 
REQUEST		LoginAPI	1702357929309	1702357929330	OK	 
REQUEST		Request_X:VTS_QueryColumn	1702357929330	1702357929618	OK	 
REQUEST		Request_X:VTS_QueryColumn	1702357919627	1702357929632	KO	i.n.c.ConnectTimeoutException: connection timed out: /9.30.86.192:8888
REQUEST		Request_X:VTS_QueryColumn Redirect 1	1702357929619	1702357929908	OK	 
USER	Retrieve order scenario	START	1702357930558
REQUEST		LoginAPI	1702357930557	1702357930588	OK	 
REQUEST		LoginAPI	1702357930844	1702357930861	OK	 
REQUEST		Request_X:VTS_QueryColumn	1702357930863	1702357931142	OK	 
REQUEST		Request_X:VTS_QueryColumn	1702357930589	1702357931163	OK	 
REQUEST		Request_X:VTS_QueryColumn Redirect 1	1702357931142	1702357931422	OK	 
REQUEST		Request_X:VTS_QueryColumn Redirect 1	1702357931163	1702357931451	OK	 
REQUEST		LoginAPI	1702357931637	1702357931661	OK	 
REQUEST		LoginAPI	1702357931916	1702357931936	OK	 
REQUEST		Request_X:VTS_QueryColumn	1702357931936	1702357932225	OK	 
REQUEST		Request_X:VTS_QueryColumn Redirect 1	1702357932227	1702357932517	OK	 
REQUEST		LoginAPI	1702357933425	1702357933445	OK	 
REQUEST		LoginAPI	1702357933456	1702357933468	OK	 
REQUEST		Request_X:VTS_QueryColumn	1702357933446	1702357933725	OK	 
REQUEST		Request_X:VTS_QueryColumn	1702357933469	1702357933756	OK	 
REQUEST		Request_X:VTS_QueryColumn Redirect 1	1702357933726	1702357934006	OK	 
REQUEST		Request_X:VTS_QueryColumn Redirect 1	1702357933756	1702357934044	OK	 
REQUEST		LoginAPI	1702357934525	1702357934545	OK	 
REQUEST		Request_X:VTS_QueryColumn	1702357934546	1702357934835	OK	 
REQUEST		Request_X:VTS_QueryColumn Redirect 1	1702357934835	1702357935124	OK	 
REQUEST		LoginAPI	1702357936010	1702357936037	OK	 
REQUEST		LoginAPI	1702357936055	1702357936070	OK	 
REQUEST		Request_X:VTS_QueryColumn	1702357936038	1702357936317	OK	 
REQUEST		Request_X:VTS_QueryColumn	1702357936071	1702357936358	OK	 
REQUEST		Request_X:VTS_QueryColumn Redirect 1	1702357936317	1702357936597	OK	 
REQUEST		Request_X:VTS_QueryColumn Redirect 1	1702357936358	1702357936645	OK	 
REQUEST		LoginAPI	1702357937129	1702357937148	OK	 
REQUEST		Request_X:VTS_QueryColumn	1702357937149	1702357937437	OK	 
REQUEST		Request_X:VTS_QueryColumn Redirect 1	1702357937437	1702357937727	OK	 
REQUEST		LoginAPI	1702357938604	1702357938630	OK	 
REQUEST		LoginAPI	1702357938650	1702357938664	OK	 
REQUEST		Request_X:VTS_QueryColumn	1702357938631	1702357938909	OK	 
REQUEST		Request_X:VTS_QueryColumn	1702357938665	1702357938952	OK	 
REQUEST		Request_X:VTS_QueryColumn Redirect 1	1702357938909	1702357939189	OK	 
REQUEST		Request_X:VTS_QueryColumn Redirect 1	1702357938952	1702357939239	OK	 
REQUEST		LoginAPI	1702357939736	1702357939762	OK	 
REQUEST		Request_X:VTS_QueryColumn	1702357939763	1702357940051	OK	 
REQUEST		Request_X:VTS_QueryColumn Redirect 1	1702357940051	1702357940341	OK	 
REQUEST		LoginAPI	1702357941193	1702357941214	OK	 
REQUEST		LoginAPI	1702357941240	1702357941253	OK	 
REQUEST		Request_X:VTS_QueryColumn	1702357941214	1702357941493	OK	 
REQUEST		Request_X:VTS_QueryColumn	1702357941253	1702357941540	OK	 
USER	Retrieve order scenario	START	1702357941554
REQUEST		LoginAPI	1702357941553	1702357941587	OK	 
REQUEST		Request_X:VTS_QueryColumn	1702357931662	1702357941675	KO	i.n.c.ConnectTimeoutException: connection timed out: /9.30.86.192:8888
REQUEST		Request_X:VTS_QueryColumn Redirect 1	1702357941493	1702357941772	OK	 
REQUEST		Request_X:VTS_QueryColumn Redirect 1	1702357941540	1702357941828	OK	 
REQUEST		LoginAPI	1702357942345	1702357942366	OK	 
REQUEST		Request_X:VTS_QueryColumn	1702357942366	1702357942654	OK	 
REQUEST		Request_X:VTS_QueryColumn Redirect 1	1702357942654	1702357942943	OK	 
REQUEST		LoginAPI	1702357943678	1702357943702	OK	 
REQUEST		LoginAPI	1702357943785	1702357943807	OK	 
REQUEST		LoginAPI	1702357943832	1702357943846	OK	 
REQUEST		Request_X:VTS_QueryColumn	1702357943808	1702357944086	OK	 
REQUEST		Request_X:VTS_QueryColumn	1702357943847	1702357944133	OK	 
REQUEST		Request_X:VTS_QueryColumn	1702357943702	1702357944264	OK	 
REQUEST		Request_X:VTS_QueryColumn Redirect 1	1702357944087	1702357944366	OK	 
REQUEST		Request_X:VTS_QueryColumn Redirect 1	1702357944133	1702357944421	OK	 
REQUEST		Request_X:VTS_QueryColumn Redirect 1	1702357944265	1702357944547	OK	 
REQUEST		LoginAPI	1702357944950	1702357944965	OK	 
REQUEST		Request_X:VTS_QueryColumn	1702357944966	1702357945254	OK	 
REQUEST		Request_X:VTS_QueryColumn Redirect 1	1702357945254	1702357945543	OK	 
REQUEST		LoginAPI	1702357946382	1702357946398	OK	 
REQUEST		LoginAPI	1702357946430	1702357946440	OK	 
REQUEST		LoginAPI	1702357946555	1702357946575	OK	 
REQUEST		Request_X:VTS_QueryColumn	1702357946399	1702357946677	OK	 
REQUEST		Request_X:VTS_QueryColumn	1702357946441	1702357946727	OK	 
REQUEST		Request_X:VTS_QueryColumn	1702357946576	1702357946856	OK	 
REQUEST		Request_X:VTS_QueryColumn Redirect 1	1702357946678	1702357946957	OK	 
REQUEST		Request_X:VTS_QueryColumn Redirect 1	1702357946727	1702357947015	OK	 
REQUEST		Request_X:VTS_QueryColumn Redirect 1	1702357946856	1702357947137	OK	 
REQUEST		LoginAPI	1702357947550	1702357947570	OK	 
REQUEST		Request_X:VTS_QueryColumn	1702357947571	1702357947859	OK	 
REQUEST		Request_X:VTS_QueryColumn Redirect 1	1702357947859	1702357948148	OK	 
REQUEST		LoginAPI	1702357948963	1702357948986	OK	 
REQUEST		LoginAPI	1702357949025	1702357949041	OK	 
REQUEST		LoginAPI	1702357949151	1702357949169	OK	 
REQUEST		Request_X:VTS_QueryColumn	1702357948987	1702357949267	OK	 
REQUEST		Request_X:VTS_QueryColumn	1702357949042	1702357949330	OK	 
REQUEST		Request_X:VTS_QueryColumn	1702357949169	1702357949453	OK	 
REQUEST		Request_X:VTS_QueryColumn Redirect 1	1702357949267	1702357949546	OK	 
REQUEST		Request_X:VTS_QueryColumn Redirect 1	1702357949330	1702357949617	OK	 
REQUEST		Request_X:VTS_QueryColumn Redirect 1	1702357949454	1702357949736	OK	 
REQUEST		LoginAPI	1702357950160	1702357950182	OK	 
REQUEST		Request_X:VTS_QueryColumn	1702357950183	1702357950471	OK	 
REQUEST		Request_X:VTS_QueryColumn Redirect 1	1702357950471	1702357950769	OK	 
REQUEST		LoginAPI	1702357951556	1702357951571	OK	 
REQUEST		Request_X:VTS_QueryColumn	1702357941588	1702357951603	KO	i.n.c.ConnectTimeoutException: connection timed out: /9.30.86.192:8888
REQUEST		LoginAPI	1702357951634	1702357951648	OK	 
REQUEST		LoginAPI	1702357951742	1702357951755	OK	 
REQUEST		Request_X:VTS_QueryColumn	1702357951572	1702357951850	OK	 
REQUEST		Request_X:VTS_QueryColumn	1702357951649	1702357951935	OK	 
REQUEST		Request_X:VTS_QueryColumn	1702357951755	1702357952035	OK	 
REQUEST		Request_X:VTS_QueryColumn Redirect 1	1702357951851	1702357952132	OK	 
REQUEST		Request_X:VTS_QueryColumn Redirect 1	1702357951936	1702357952223	OK	 
REQUEST		Request_X:VTS_QueryColumn Redirect 1	1702357952036	1702357952317	OK	 
REQUEST		LoginAPI	1702357952786	1702357952805	OK	 
REQUEST		Request_X:VTS_QueryColumn	1702357952805	1702357953098	OK	 
REQUEST		Request_X:VTS_QueryColumn Redirect 1	1702357953098	1702357953387	OK	 
USER	Retrieve order scenario	START	1702357953550
REQUEST		LoginAPI	1702357953549	1702357953585	OK	 
REQUEST		LoginAPI	1702357953611	1702357953624	OK	 
REQUEST		LoginAPI	1702357954151	1702357954167	OK	 
REQUEST		Request_X:VTS_QueryColumn	1702357953585	1702357954169	OK	 
REQUEST		LoginAPI	1702357954230	1702357954245	OK	 
REQUEST		LoginAPI	1702357954323	1702357954338	OK	 
REQUEST		Request_X:VTS_QueryColumn	1702357954168	1702357954447	OK	 
REQUEST		Request_X:VTS_QueryColumn Redirect 1	1702357954169	1702357954460	OK	 
REQUEST		Request_X:VTS_QueryColumn	1702357954246	1702357954532	OK	 
REQUEST		Request_X:VTS_QueryColumn	1702357954339	1702357954620	OK	 
REQUEST		Request_X:VTS_QueryColumn Redirect 1	1702357954447	1702357954726	OK	 
REQUEST		Request_X:VTS_QueryColumn Redirect 1	1702357954533	1702357954820	OK	 
REQUEST		Request_X:VTS_QueryColumn Redirect 1	1702357954621	1702357954902	OK	 
REQUEST		LoginAPI	1702357955391	1702357955411	OK	 
REQUEST		Request_X:VTS_QueryColumn	1702357955411	1702357955699	OK	 
REQUEST		Request_X:VTS_QueryColumn Redirect 1	1702357955699	1702357955987	OK	 
REQUEST		LoginAPI	1702357956465	1702357956485	OK	 
REQUEST		LoginAPI	1702357956730	1702357956751	OK	 
REQUEST		Request_X:VTS_QueryColumn	1702357956485	1702357956776	OK	 
REQUEST		LoginAPI	1702357956824	1702357956847	OK	 
REQUEST		LoginAPI	1702357956918	1702357956935	OK	 
REQUEST		Request_X:VTS_QueryColumn	1702357956752	1702357957031	OK	 
REQUEST		Request_X:VTS_QueryColumn Redirect 1	1702357956777	1702357957068	OK	 
REQUEST		Request_X:VTS_QueryColumn	1702357956847	1702357957133	OK	 
REQUEST		Request_X:VTS_QueryColumn	1702357956935	1702357957217	OK	 
REQUEST		Request_X:VTS_QueryColumn Redirect 1	1702357957031	1702357957311	OK	 
REQUEST		Request_X:VTS_QueryColumn Redirect 1	1702357957133	1702357957421	OK	 
REQUEST		Request_X:VTS_QueryColumn Redirect 1	1702357957217	1702357957499	OK	 
REQUEST		LoginAPI	1702357958004	1702357958028	OK	 
REQUEST		Request_X:VTS_QueryColumn	1702357958028	1702357958318	OK	 
REQUEST		Request_X:VTS_QueryColumn Redirect 1	1702357958318	1702357958607	OK	 
REQUEST		LoginAPI	1702357959074	1702357959100	OK	 
REQUEST		LoginAPI	1702357959322	1702357959343	OK	 
REQUEST		Request_X:VTS_QueryColumn	1702357959101	1702357959391	OK	 
REQUEST		LoginAPI	1702357959432	1702357959448	OK	 
REQUEST		LoginAPI	1702357959509	1702357959530	OK	 
REQUEST		Request_X:VTS_QueryColumn	1702357959344	1702357959622	OK	 
REQUEST		Request_X:VTS_QueryColumn Redirect 1	1702357959392	1702357959683	OK	 
REQUEST		Request_X:VTS_QueryColumn	1702357959449	1702357959735	OK	 
REQUEST		Request_X:VTS_QueryColumn	1702357959531	1702357959812	OK	 
REQUEST		Request_X:VTS_QueryColumn Redirect 1	1702357959623	1702357959902	OK	 
REQUEST		Request_X:VTS_QueryColumn Redirect 1	1702357959736	1702357960023	OK	 
REQUEST		Request_X:VTS_QueryColumn Redirect 1	1702357959812	1702357960093	OK	 
REQUEST		LoginAPI	1702357960611	1702357960626	OK	 
REQUEST		Request_X:VTS_QueryColumn	1702357960627	1702357960914	OK	 
REQUEST		Request_X:VTS_QueryColumn Redirect 1	1702357960915	1702357961204	OK	 
REQUEST		LoginAPI	1702357961697	1702357961723	OK	 
REQUEST		LoginAPI	1702357961914	1702357961927	OK	 
REQUEST		Request_X:VTS_QueryColumn	1702357961723	1702357962015	OK	 
REQUEST		LoginAPI	1702357962036	1702357962051	OK	 
REQUEST		LoginAPI	1702357962098	1702357962112	OK	 
REQUEST		Request_X:VTS_QueryColumn	1702357961928	1702357962208	OK	 
REQUEST		Request_X:VTS_QueryColumn Redirect 1	1702357962016	1702357962307	OK	 
REQUEST		Request_X:VTS_QueryColumn	1702357962052	1702357962340	OK	 
REQUEST		Request_X:VTS_QueryColumn	1702357962112	1702357962393	OK	 
REQUEST		Request_X:VTS_QueryColumn Redirect 1	1702357962209	1702357962489	OK	 
REQUEST		Request_X:VTS_QueryColumn Redirect 1	1702357962340	1702357962628	OK	 
REQUEST		Request_X:VTS_QueryColumn Redirect 1	1702357962393	1702357962674	OK	 
REQUEST		LoginAPI	1702357963218	1702357963243	OK	 
REQUEST		Request_X:VTS_QueryColumn	1702357963243	1702357963531	OK	 
REQUEST		Request_X:VTS_QueryColumn	1702357953625	1702357963636	KO	i.n.c.ConnectTimeoutException: connection timed out: /9.30.86.192:8888
REQUEST		Request_X:VTS_QueryColumn Redirect 1	1702357963531	1702357963820	OK	 
REQUEST		LoginAPI	1702357964317	1702357964340	OK	 
REQUEST		LoginAPI	1702357964502	1702357964521	OK	 
USER	Retrieve order scenario	START	1702357964550
REQUEST		LoginAPI	1702357964549	1702357964590	OK	 
REQUEST		Request_X:VTS_QueryColumn	1702357964340	1702357964631	OK	 
REQUEST		LoginAPI	1702357964641	1702357964654	OK	 
REQUEST		LoginAPI	1702357964687	1702357964699	OK	 
REQUEST		Request_X:VTS_QueryColumn	1702357964522	1702357964801	OK	 
REQUEST		Request_X:VTS_QueryColumn Redirect 1	1702357964631	1702357964923	OK	 
REQUEST		Request_X:VTS_QueryColumn	1702357964655	1702357964940	OK	 
REQUEST		Request_X:VTS_QueryColumn	1702357964700	1702357964980	OK	 
REQUEST		Request_X:VTS_QueryColumn Redirect 1	1702357964802	1702357965081	OK	 
REQUEST		Request_X:VTS_QueryColumn Redirect 1	1702357964941	1702357965229	OK	 
REQUEST		Request_X:VTS_QueryColumn Redirect 1	1702357964980	1702357965261	OK	 
REQUEST		LoginAPI	1702357965651	1702357965668	OK	 
REQUEST		LoginAPI	1702357965836	1702357965855	OK	 
REQUEST		Request_X:VTS_QueryColumn	1702357965856	1702357966146	OK	 
REQUEST		Request_X:VTS_QueryColumn	1702357965668	1702357966221	OK	 
REQUEST		Request_X:VTS_QueryColumn Redirect 1	1702357966146	1702357966435	OK	 
REQUEST		Request_X:VTS_QueryColumn Redirect 1	1702357966221	1702357966498	OK	 
REQUEST		LoginAPI	1702357966937	1702357966962	OK	 
REQUEST		LoginAPI	1702357967092	1702357967110	OK	 
REQUEST		LoginAPI	1702357967232	1702357967248	OK	 
REQUEST		Request_X:VTS_QueryColumn	1702357966963	1702357967253	OK	 
REQUEST		LoginAPI	1702357967263	1702357967278	OK	 
REQUEST		Request_X:VTS_QueryColumn	1702357967110	1702357967389	OK	 
REQUEST		Request_X:VTS_QueryColumn	1702357967249	1702357967535	OK	 
REQUEST		Request_X:VTS_QueryColumn Redirect 1	1702357967254	1702357967547	OK	 
REQUEST		Request_X:VTS_QueryColumn	1702357967279	1702357967560	OK	 
REQUEST		Request_X:VTS_QueryColumn Redirect 1	1702357967390	1702357967669	OK	 
REQUEST		Request_X:VTS_QueryColumn Redirect 1	1702357967535	1702357967823	OK	 
REQUEST		Request_X:VTS_QueryColumn Redirect 1	1702357967560	1702357967841	OK	 
REQUEST		LoginAPI	1702357968446	1702357968467	OK	 
REQUEST		LoginAPI	1702357968508	1702357968527	OK	 
REQUEST		Request_X:VTS_QueryColumn	1702357968527	1702357968805	OK	 
REQUEST		Request_X:VTS_QueryColumn	1702357968468	1702357968817	OK	 
REQUEST		Request_X:VTS_QueryColumn Redirect 1	1702357968805	1702357969085	OK	 
REQUEST		Request_X:VTS_QueryColumn Redirect 1	1702357968817	1702357969108	OK	 
REQUEST		LoginAPI	1702357969563	1702357969580	OK	 
REQUEST		LoginAPI	1702357969672	1702357969688	OK	 
REQUEST		LoginAPI	1702357969827	1702357969849	OK	 
REQUEST		Request_X:VTS_QueryColumn	1702357969580	1702357969872	OK	 
REQUEST		LoginAPI	1702357969857	1702357969872	OK	 
REQUEST		Request_X:VTS_QueryColumn	1702357969688	1702357969967	OK	 
REQUEST		Request_X:VTS_QueryColumn	1702357969850	1702357970137	OK	 
REQUEST		Request_X:VTS_QueryColumn	1702357969873	1702357970153	OK	 
REQUEST		Request_X:VTS_QueryColumn Redirect 1	1702357969872	1702357970165	OK	 
REQUEST		Request_X:VTS_QueryColumn Redirect 1	1702357969967	1702357970247	OK	 
REQUEST		Request_X:VTS_QueryColumn Redirect 1	1702357970137	1702357970424	OK	 
REQUEST		Request_X:VTS_QueryColumn Redirect 1	1702357970154	1702357970435	OK	 
REQUEST		LoginAPI	1702357971096	1702357971113	OK	 
REQUEST		LoginAPI	1702357971111	1702357971125	OK	 
REQUEST		Request_X:VTS_QueryColumn	1702357971114	1702357971391	OK	 
REQUEST		Request_X:VTS_QueryColumn	1702357971126	1702357971413	OK	 
REQUEST		Request_X:VTS_QueryColumn Redirect 1	1702357971391	1702357971669	OK	 
REQUEST		Request_X:VTS_QueryColumn Redirect 1	1702357971414	1702357971703	OK	 
REQUEST		LoginAPI	1702357972166	1702357972180	OK	 
REQUEST		LoginAPI	1702357972260	1702357972278	OK	 
REQUEST		LoginAPI	1702357972429	1702357972450	OK	 
REQUEST		LoginAPI	1702357972445	1702357972461	OK	 
REQUEST		Request_X:VTS_QueryColumn	1702357972181	1702357972471	OK	 
REQUEST		Request_X:VTS_QueryColumn	1702357972279	1702357972558	OK	 
REQUEST		Request_X:VTS_QueryColumn	1702357972452	1702357972739	OK	 
REQUEST		Request_X:VTS_QueryColumn	1702357972462	1702357972753	OK	 
REQUEST		Request_X:VTS_QueryColumn Redirect 1	1702357972472	1702357972769	OK	 
REQUEST		Request_X:VTS_QueryColumn Redirect 1	1702357972558	1702357972838	OK	 
REQUEST		Request_X:VTS_QueryColumn Redirect 1	1702357972740	1702357973028	OK	 
REQUEST		Request_X:VTS_QueryColumn Redirect 1	1702357972753	1702357973034	OK	 
REQUEST		LoginAPI	1702357973682	1702357973706	OK	 
REQUEST		LoginAPI	1702357973714	1702357973728	OK	 
REQUEST		Request_X:VTS_QueryColumn	1702357973706	1702357973993	OK	 
REQUEST		Request_X:VTS_QueryColumn	1702357973729	1702357974016	OK	 
REQUEST		Request_X:VTS_QueryColumn Redirect 1	1702357973993	1702357974271	OK	 
REQUEST		Request_X:VTS_QueryColumn Redirect 1	1702357974016	1702357974305	OK	 
REQUEST		Request_X:VTS_QueryColumn	1702357964591	1702357974595	KO	i.n.c.ConnectTimeoutException: connection timed out: /9.30.86.192:8888
REQUEST		LoginAPI	1702357974783	1702357974801	OK	 
REQUEST		LoginAPI	1702357974844	1702357974860	OK	 
REQUEST		LoginAPI	1702357975033	1702357975053	OK	 
REQUEST		LoginAPI	1702357975048	1702357975062	OK	 
REQUEST		Request_X:VTS_QueryColumn	1702357974801	1702357975092	OK	 
REQUEST		Request_X:VTS_QueryColumn	1702357974861	1702357975189	OK	 
REQUEST		Request_X:VTS_QueryColumn	1702357975054	1702357975341	OK	 
REQUEST		Request_X:VTS_QueryColumn	1702357975062	1702357975345	OK	 
REQUEST		Request_X:VTS_QueryColumn Redirect 1	1702357975092	1702357975384	OK	 
REQUEST		Request_X:VTS_QueryColumn Redirect 1	1702357975189	1702357975469	OK	 
REQUEST		Request_X:VTS_QueryColumn Redirect 1	1702357975345	1702357975630	OK	 
REQUEST		Request_X:VTS_QueryColumn Redirect 1	1702357975341	1702357975630	OK	 
REQUEST		LoginAPI	1702357976277	1702357976299	OK	 
REQUEST		LoginAPI	1702357976309	1702357976323	OK	 
USER	Retrieve order scenario	START	1702357976545
REQUEST		Request_X:VTS_QueryColumn	1702357976300	1702357976576	OK	 
REQUEST		LoginAPI	1702357976544	1702357976582	OK	 
REQUEST		Request_X:VTS_QueryColumn	1702357976324	1702357976611	OK	 
REQUEST		LoginAPI	1702357976605	1702357976619	OK	 
REQUEST		Request_X:VTS_QueryColumn Redirect 1	1702357976576	1702357976854	OK	 
REQUEST		Request_X:VTS_QueryColumn Redirect 1	1702357976611	1702357976900	OK	 
REQUEST		Request_X:VTS_QueryColumn	1702357976620	1702357977172	OK	 
REQUEST		LoginAPI	1702357977398	1702357977414	OK	 
REQUEST		Request_X:VTS_QueryColumn Redirect 1	1702357977172	1702357977449	OK	 
REQUEST		LoginAPI	1702357977476	1702357977492	OK	 
REQUEST		LoginAPI	1702357977646	1702357977669	OK	 
REQUEST		LoginAPI	1702357977646	1702357977669	OK	 
REQUEST		Request_X:VTS_QueryColumn	1702357977414	1702357977705	OK	 
REQUEST		Request_X:VTS_QueryColumn	1702357977492	1702357977771	OK	 
REQUEST		Request_X:VTS_QueryColumn	1702357977670	1702357977950	OK	 
REQUEST		Request_X:VTS_QueryColumn	1702357977670	1702357977958	OK	 
REQUEST		Request_X:VTS_QueryColumn Redirect 1	1702357977705	1702357977997	OK	 
REQUEST		Request_X:VTS_QueryColumn Redirect 1	1702357977771	1702357978052	OK	 
REQUEST		Request_X:VTS_QueryColumn Redirect 1	1702357977950	1702357978232	OK	 
REQUEST		Request_X:VTS_QueryColumn Redirect 1	1702357977958	1702357978245	OK	 
REQUEST		LoginAPI	1702357978858	1702357978870	OK	 
REQUEST		LoginAPI	1702357978904	1702357978916	OK	 
REQUEST		Request_X:VTS_QueryColumn	1702357978870	1702357979147	OK	 
REQUEST		Request_X:VTS_QueryColumn	1702357978917	1702357979205	OK	 
REQUEST		Request_X:VTS_QueryColumn Redirect 1	1702357979147	1702357979425	OK	 
REQUEST		LoginAPI	1702357979462	1702357979484	OK	 
REQUEST		Request_X:VTS_QueryColumn Redirect 1	1702357979205	1702357979494	OK	 
REQUEST		Request_X:VTS_QueryColumn	1702357979484	1702357979760	OK	 
REQUEST		Request_X:VTS_QueryColumn Redirect 1	1702357979760	1702357980038	OK	 
REQUEST		LoginAPI	1702357980008	1702357980041	OK	 
REQUEST		LoginAPI	1702357980054	1702357980068	OK	 
REQUEST		LoginAPI	1702357980241	1702357980256	OK	 
REQUEST		LoginAPI	1702357980257	1702357980269	OK	 
REQUEST		Request_X:VTS_QueryColumn	1702357980042	1702357980333	OK	 
REQUEST		Request_X:VTS_QueryColumn	1702357980069	1702357980352	OK	 
REQUEST		Request_X:VTS_QueryColumn	1702357980257	1702357980539	OK	 
REQUEST		Request_X:VTS_QueryColumn	1702357980270	1702357980555	OK	 
REQUEST		Request_X:VTS_QueryColumn Redirect 1	1702357980333	1702357980625	OK	 
REQUEST		Request_X:VTS_QueryColumn Redirect 1	1702357980352	1702357980634	OK	 
REQUEST		Request_X:VTS_QueryColumn Redirect 1	1702357980540	1702357980821	OK	 
REQUEST		Request_X:VTS_QueryColumn Redirect 1	1702357980556	1702357980843	OK	 
REQUEST		LoginAPI	1702357981429	1702357981445	OK	 
REQUEST		LoginAPI	1702357981507	1702357981522	OK	 
REQUEST		