RUN	WOPubConsumeFlow	wopubconsumeflow	1698326640339	 	3.9.5
USER	Initial Scenario	START	1698326644443
USER	Initial Scenario	END	1698326644450
USER	Update Work order queue in VTS	START	1698326646560
REQUEST		Update WORK_ORDER_QUEUE in VTS	1698326646546	1698326646581	OK	 
REQUEST		Update WORK_ORDER_QUEUE in VTS Redirect 1	1698326646611	1698326646640	OK	 
USER	Update Work order queue in VTS	END	1698326646687
USER	Update Work order queue in VTS	START	1698326688960
REQUEST		Update WORK_ORDER_QUEUE in VTS	1698326688958	1698326688972	OK	 
REQUEST		Update WORK_ORDER_QUEUE in VTS Redirect 1	1698326688973	1698326688981	OK	 
USER	Update Work order queue in VTS	END	1698326688984
ERROR	Update WORK_ORDER_QUEUE in VTS: Failed to build request: Attribute inputToVTS's value is null 	1698326698917
USER	Update Work order queue in VTS	START	1698326698919
USER	Update Work order queue in VTS	END	1698326698919
USER	Update Work order queue in VTS	START	1698326773936
REQUEST		Update WORK_ORDER_QUEUE in VTS	1698326773928	1698326773946	OK	 
REQUEST		Update WORK_ORDER_QUEUE in VTS Redirect 1	1698326773947	1698326773953	OK	 
USER	Update Work order queue in VTS	END	1698326773957
ERROR	Update WORK_ORDER_QUEUE in VTS: Failed to build request: Attribute inputToVTS's value is null 	1698326783460
USER	Update Work order queue in VTS	START	1698326783461
USER	Update Work order queue in VTS	END	1698326783469
